This file contains any messages produced by compilers while
running configure, to aid debugging if configure makes a mistake.

It was created by openvswitch configure 2.8.1, which was
generated by GNU Autoconf 2.69.  Invocation command line was

  $ ./configure --with-linux=/lib/modules/3.13.0-32-generic/build

## --------- ##
## Platform. ##
## --------- ##

hostname = ubuntu
uname -m = x86_64
uname -r = 3.13.0-32-generic
uname -s = Linux
uname -v = #57-Ubuntu SMP Tue Jul 15 03:51:08 UTC 2014

/usr/bin/uname -p = unknown
/bin/uname -X     = unknown

/bin/arch              = unknown
/usr/bin/arch -k       = unknown
/usr/convex/getsysinfo = unknown
/usr/bin/hostinfo      = unknown
/bin/machine           = unknown
/usr/bin/oslevel       = unknown
/bin/universe          = unknown

PATH: /usr/local/sbin
PATH: /usr/local/bin
PATH: /usr/sbin
PATH: /usr/bin
PATH: /sbin
PATH: /bin
PATH: /snap/bin


## ----------- ##
## Core tests. ##
## ----------- ##

configure:2839: checking for a BSD-compatible install
configure:2907: result: /usr/bin/install -c
configure:2918: checking whether build environment is sane
configure:2973: result: yes
configure:3124: checking for a thread-safe mkdir -p
configure:3163: result: /bin/mkdir -p
configure:3170: checking for gawk
configure:3200: result: no
configure:3170: checking for mawk
configure:3186: found /usr/bin/mawk
configure:3197: result: mawk
configure:3208: checking whether make sets $(MAKE)
configure:3230: result: yes
configure:3259: checking whether make supports nested variables
configure:3276: result: yes
configure:3355: checking how to create a pax tar archive
configure:3366: tar --version
tar (GNU tar) 1.27.1
Copyright (C) 2013 Free Software Foundation, Inc.
License GPLv3+: GNU GPL version 3 or later <http://gnu.org/licenses/gpl.html>.
This is free software: you are free to change and redistribute it.
There is NO WARRANTY, to the extent permitted by law.

Written by John Gilmore and Jay Fenlason.
configure:3369: $? = 0
configure:3409: tardir=conftest.dir && eval tar --format=posix -chf - "$tardir" >conftest.tar
configure:3412: $? = 0
configure:3416: tar -xf - <conftest.tar
configure:3419: $? = 0
configure:3421: cat conftest.dir/file
GrepMe
configure:3424: $? = 0
configure:3437: result: gnutar
configure:3499: checking for style of include used by make
configure:3527: result: GNU
configure:3598: checking for gcc
configure:3614: found /usr/bin/gcc
configure:3625: result: gcc
configure:3854: checking for C compiler version
configure:3863: gcc --version >&5
gcc (Ubuntu 4.8.4-2ubuntu1~14.04.4) 4.8.4
Copyright (C) 2013 Free Software Foundation, Inc.
This is free software; see the source for copying conditions.  There is NO
warranty; not even for MERCHANTABILITY or FITNESS FOR A PARTICULAR PURPOSE.

configure:3874: $? = 0
configure:3863: gcc -v >&5
Using built-in specs.
COLLECT_GCC=gcc
COLLECT_LTO_WRAPPER=/usr/lib/gcc/x86_64-linux-gnu/4.8/lto-wrapper
Target: x86_64-linux-gnu
Configured with: ../src/configure -v --with-pkgversion='Ubuntu 4.8.4-2ubuntu1~14.04.4' --with-bugurl=file:///usr/share/doc/gcc-4.8/README.Bugs --enable-languages=c,c++,java,go,d,fortran,objc,obj-c++ --prefix=/usr --program-suffix=-4.8 --enable-shared --enable-linker-build-id --libexecdir=/usr/lib --without-included-gettext --enable-threads=posix --with-gxx-include-dir=/usr/include/c++/4.8 --libdir=/usr/lib --enable-nls --with-sysroot=/ --enable-clocale=gnu --enable-libstdcxx-debug --enable-libstdcxx-time=yes --enable-gnu-unique-object --disable-libmudflap --enable-plugin --with-system-zlib --disable-browser-plugin --enable-java-awt=gtk --enable-gtk-cairo --with-java-home=/usr/lib/jvm/java-1.5.0-gcj-4.8-amd64/jre --enable-java-home --with-jvm-root-dir=/usr/lib/jvm/java-1.5.0-gcj-4.8-amd64 --with-jvm-jar-dir=/usr/lib/jvm-exports/java-1.5.0-gcj-4.8-amd64 --with-arch-directory=amd64 --with-ecj-jar=/usr/share/java/eclipse-ecj.jar --enable-objc-gc --enable-multiarch --disable-werror --with-arch-32=i686 --with-abi=m64 --with-multilib-list=m32,m64,mx32 --with-tune=generic --enable-checking=release --build=x86_64-linux-gnu --host=x86_64-linux-gnu --target=x86_64-linux-gnu
Thread model: posix
gcc version 4.8.4 (Ubuntu 4.8.4-2ubuntu1~14.04.4) 
configure:3874: $? = 0
configure:3863: gcc -V >&5
gcc: error: unrecognized command line option '-V'
gcc: fatal error: no input files
compilation terminated.
configure:3874: $? = 4
configure:3863: gcc -qversion >&5
gcc: error: unrecognized command line option '-qversion'
gcc: fatal error: no input files
compilation terminated.
configure:3874: $? = 4
configure:3894: checking whether the C compiler works
configure:3916: gcc    conftest.c  >&5
configure:3920: $? = 0
configure:3968: result: yes
configure:3971: checking for C compiler default output file name
configure:3973: result: a.out
configure:3979: checking for suffix of executables
configure:3986: gcc -o conftest    conftest.c  >&5
configure:3990: $? = 0
configure:4012: result: 
configure:4034: checking whether we are cross compiling
configure:4042: gcc -o conftest    conftest.c  >&5
configure:4046: $? = 0
configure:4053: ./conftest
configure:4057: $? = 0
configure:4072: result: no
configure:4077: checking for suffix of object files
configure:4099: gcc -c   conftest.c >&5
configure:4103: $? = 0
configure:4124: result: o
configure:4128: checking whether we are using the GNU C compiler
configure:4147: gcc -c   conftest.c >&5
configure:4147: $? = 0
configure:4156: result: yes
configure:4165: checking whether gcc accepts -g
configure:4185: gcc -c -g  conftest.c >&5
configure:4185: $? = 0
configure:4226: result: yes
configure:4243: checking for gcc option to accept ISO C89
configure:4306: gcc  -c -g -O2  conftest.c >&5
configure:4306: $? = 0
configure:4319: result: none needed
configure:4344: checking whether gcc understands -c and -o together
configure:4366: gcc -c conftest.c -o conftest2.o
configure:4369: $? = 0
configure:4366: gcc -c conftest.c -o conftest2.o
configure:4369: $? = 0
configure:4381: result: yes
configure:4400: checking dependency style of gcc
configure:4511: result: gcc3
configure:4526: checking for gcc option to accept ISO C99
configure:4675: gcc  -c -g -O2  conftest.c >&5
conftest.c:61:29: error: expected ';', ',' or ')' before 'text'
 test_restrict (ccp restrict text)
                             ^
conftest.c: In function 'main':
conftest.c:115:18: error: expected '=', ',', ';', 'asm' or '__attribute__' before 'newvar'
   char *restrict newvar = "Another string";
                  ^
conftest.c:115:18: error: 'newvar' undeclared (first use in this function)
conftest.c:115:18: note: each undeclared identifier is reported only once for each function it appears in
conftest.c:125:3: error: 'for' loop initial declarations are only allowed in C99 mode
   for (int i = 0; i < ia->datasize; ++i)
   ^
conftest.c:125:3: note: use option -std=c99 or -std=gnu99 to compile your code
configure:4675: $? = 1
configure: failed program was:
| /* confdefs.h */
| #define PACKAGE_NAME "openvswitch"
| #define PACKAGE_TARNAME "openvswitch"
| #define PACKAGE_VERSION "2.8.1"
| #define PACKAGE_STRING "openvswitch 2.8.1"
| #define PACKAGE_BUGREPORT "bugs@openvswitch.org"
| #define PACKAGE_URL ""
| #define PACKAGE "openvswitch"
| #define VERSION "2.8.1"
| /* end confdefs.h.  */
| #include <stdarg.h>
| #include <stdbool.h>
| #include <stdlib.h>
| #include <wchar.h>
| #include <stdio.h>
| 
| // Check varargs macros.  These examples are taken from C99 6.10.3.5.
| #define debug(...) fprintf (stderr, __VA_ARGS__)
| #define showlist(...) puts (#__VA_ARGS__)
| #define report(test,...) ((test) ? puts (#test) : printf (__VA_ARGS__))
| static void
| test_varargs_macros (void)
| {
|   int x = 1234;
|   int y = 5678;
|   debug ("Flag");
|   debug ("X = %d\n", x);
|   showlist (The first, second, and third items.);
|   report (x>y, "x is %d but y is %d", x, y);
| }
| 
| // Check long long types.
| #define BIG64 18446744073709551615ull
| #define BIG32 4294967295ul
| #define BIG_OK (BIG64 / BIG32 == 4294967297ull && BIG64 % BIG32 == 0)
| #if !BIG_OK
|   your preprocessor is broken;
| #endif
| #if BIG_OK
| #else
|   your preprocessor is broken;
| #endif
| static long long int bignum = -9223372036854775807LL;
| static unsigned long long int ubignum = BIG64;
| 
| struct incomplete_array
| {
|   int datasize;
|   double data[];
| };
| 
| struct named_init {
|   int number;
|   const wchar_t *name;
|   double average;
| };
| 
| typedef const char *ccp;
| 
| static inline int
| test_restrict (ccp restrict text)
| {
|   // See if C++-style comments work.
|   // Iterate through items via the restricted pointer.
|   // Also check for declarations in for loops.
|   for (unsigned int i = 0; *(text+i) != '\0'; ++i)
|     continue;
|   return 0;
| }
| 
| // Check varargs and va_copy.
| static void
| test_varargs (const char *format, ...)
| {
|   va_list args;
|   va_start (args, format);
|   va_list args_copy;
|   va_copy (args_copy, args);
| 
|   const char *str;
|   int number;
|   float fnumber;
| 
|   while (*format)
|     {
|       switch (*format++)
| 	{
| 	case 's': // string
| 	  str = va_arg (args_copy, const char *);
| 	  break;
| 	case 'd': // int
| 	  number = va_arg (args_copy, int);
| 	  break;
| 	case 'f': // float
| 	  fnumber = va_arg (args_copy, double);
| 	  break;
| 	default:
| 	  break;
| 	}
|     }
|   va_end (args_copy);
|   va_end (args);
| }
| 
| int
| main ()
| {
| 
|   // Check bool.
|   _Bool success = false;
| 
|   // Check restrict.
|   if (test_restrict ("String literal") == 0)
|     success = true;
|   char *restrict newvar = "Another string";
| 
|   // Check varargs.
|   test_varargs ("s, d' f .", "string", 65, 34.234);
|   test_varargs_macros ();
| 
|   // Check flexible array members.
|   struct incomplete_array *ia =
|     malloc (sizeof (struct incomplete_array) + (sizeof (double) * 10));
|   ia->datasize = 10;
|   for (int i = 0; i < ia->datasize; ++i)
|     ia->data[i] = i * 1.234;
| 
|   // Check named initializers.
|   struct named_init ni = {
|     .number = 34,
|     .name = L"Test wide string",
|     .average = 543.34343,
|   };
| 
|   ni.number = 58;
| 
|   int dynamic_array[ni.number];
|   dynamic_array[ni.number - 1] = 543;
| 
|   // work around unused variable warnings
|   return (!success || bignum == 0LL || ubignum == 0uLL || newvar[0] == 'x'
| 	  || dynamic_array[ni.number - 1] != 543);
| 
|   ;
|   return 0;
| }
configure:4675: gcc -std=gnu99 -c -g -O2  conftest.c >&5
configure:4675: $? = 0
configure:4695: result: -std=gnu99
configure:4762: checking for g++
configure:4778: found /usr/bin/g++
configure:4789: result: g++
configure:4816: checking for C++ compiler version
configure:4825: g++ --version >&5
g++ (Ubuntu 4.8.4-2ubuntu1~14.04.4) 4.8.4
Copyright (C) 2013 Free Software Foundation, Inc.
This is free software; see the source for copying conditions.  There is NO
warranty; not even for MERCHANTABILITY or FITNESS FOR A PARTICULAR PURPOSE.

configure:4836: $? = 0
configure:4825: g++ -v >&5
Using built-in specs.
COLLECT_GCC=g++
COLLECT_LTO_WRAPPER=/usr/lib/gcc/x86_64-linux-gnu/4.8/lto-wrapper
Target: x86_64-linux-gnu
Configured with: ../src/configure -v --with-pkgversion='Ubuntu 4.8.4-2ubuntu1~14.04.4' --with-bugurl=file:///usr/share/doc/gcc-4.8/README.Bugs --enable-languages=c,c++,java,go,d,fortran,objc,obj-c++ --prefix=/usr --program-suffix=-4.8 --enable-shared --enable-linker-build-id --libexecdir=/usr/lib --without-included-gettext --enable-threads=posix --with-gxx-include-dir=/usr/include/c++/4.8 --libdir=/usr/lib --enable-nls --with-sysroot=/ --enable-clocale=gnu --enable-libstdcxx-debug --enable-libstdcxx-time=yes --enable-gnu-unique-object --disable-libmudflap --enable-plugin --with-system-zlib --disable-browser-plugin --enable-java-awt=gtk --enable-gtk-cairo --with-java-home=/usr/lib/jvm/java-1.5.0-gcj-4.8-amd64/jre --enable-java-home --with-jvm-root-dir=/usr/lib/jvm/java-1.5.0-gcj-4.8-amd64 --with-jvm-jar-dir=/usr/lib/jvm-exports/java-1.5.0-gcj-4.8-amd64 --with-arch-directory=amd64 --with-ecj-jar=/usr/share/java/eclipse-ecj.jar --enable-objc-gc --enable-multiarch --disable-werror --with-arch-32=i686 --with-abi=m64 --with-multilib-list=m32,m64,mx32 --with-tune=generic --enable-checking=release --build=x86_64-linux-gnu --host=x86_64-linux-gnu --target=x86_64-linux-gnu
Thread model: posix
gcc version 4.8.4 (Ubuntu 4.8.4-2ubuntu1~14.04.4) 
configure:4836: $? = 0
configure:4825: g++ -V >&5
g++: error: unrecognized command line option '-V'
g++: fatal error: no input files
compilation terminated.
configure:4836: $? = 4
configure:4825: g++ -qversion >&5
g++: error: unrecognized command line option '-qversion'
g++: fatal error: no input files
compilation terminated.
configure:4836: $? = 4
configure:4840: checking whether we are using the GNU C++ compiler
configure:4859: g++ -c   conftest.cpp >&5
configure:4859: $? = 0
configure:4868: result: yes
configure:4877: checking whether g++ accepts -g
configure:4897: g++ -c -g  conftest.cpp >&5
configure:4897: $? = 0
configure:4938: result: yes
configure:4963: checking dependency style of g++
configure:5074: result: gcc3
configure:5094: checking how to run the C preprocessor
configure:5125: gcc -std=gnu99 -E  conftest.c
configure:5125: $? = 0
configure:5139: gcc -std=gnu99 -E  conftest.c
conftest.c:11:28: fatal error: ac_nonexistent.h: No such file or directory
 #include <ac_nonexistent.h>
                            ^
compilation terminated.
configure:5139: $? = 1
configure: failed program was:
| /* confdefs.h */
| #define PACKAGE_NAME "openvswitch"
| #define PACKAGE_TARNAME "openvswitch"
| #define PACKAGE_VERSION "2.8.1"
| #define PACKAGE_STRING "openvswitch 2.8.1"
| #define PACKAGE_BUGREPORT "bugs@openvswitch.org"
| #define PACKAGE_URL ""
| #define PACKAGE "openvswitch"
| #define VERSION "2.8.1"
| /* end confdefs.h.  */
| #include <ac_nonexistent.h>
configure:5164: result: gcc -std=gnu99 -E
configure:5184: gcc -std=gnu99 -E  conftest.c
configure:5184: $? = 0
configure:5198: gcc -std=gnu99 -E  conftest.c
conftest.c:11:28: fatal error: ac_nonexistent.h: No such file or directory
 #include <ac_nonexistent.h>
                            ^
compilation terminated.
configure:5198: $? = 1
configure: failed program was:
| /* confdefs.h */
| #define PACKAGE_NAME "openvswitch"
| #define PACKAGE_TARNAME "openvswitch"
| #define PACKAGE_VERSION "2.8.1"
| #define PACKAGE_STRING "openvswitch 2.8.1"
| #define PACKAGE_BUGREPORT "bugs@openvswitch.org"
| #define PACKAGE_URL ""
| #define PACKAGE "openvswitch"
| #define VERSION "2.8.1"
| /* end confdefs.h.  */
| #include <ac_nonexistent.h>
configure:5227: checking for grep that handles long lines and -e
configure:5285: result: /bin/grep
configure:5290: checking for fgrep
configure:5352: result: /bin/grep -F
configure:5357: checking for egrep
configure:5419: result: /bin/grep -E
configure:5478: checking for pkg-config
configure:5496: found /usr/local/bin/pkg-config
configure:5508: result: /usr/local/bin/pkg-config
configure:5533: checking pkg-config is at least version 0.9.0
configure:5536: result: yes
configure:5548: checking for perl
configure:5566: found /usr/bin/perl
configure:5579: result: /usr/bin/perl
configure:5597: checking for ANSI C header files
configure:5617: gcc -std=gnu99 -c -g -O2  conftest.c >&5
configure:5617: $? = 0
configure:5690: gcc -std=gnu99 -o conftest -g -O2   conftest.c  >&5
configure:5690: $? = 0
configure:5690: ./conftest
configure:5690: $? = 0
configure:5701: result: yes
configure:5714: checking for sys/types.h
configure:5714: gcc -std=gnu99 -c -g -O2  conftest.c >&5
configure:5714: $? = 0
configure:5714: result: yes
configure:5714: checking for sys/stat.h
configure:5714: gcc -std=gnu99 -c -g -O2  conftest.c >&5
configure:5714: $? = 0
configure:5714: result: yes
configure:5714: checking for stdlib.h
configure:5714: gcc -std=gnu99 -c -g -O2  conftest.c >&5
configure:5714: $? = 0
configure:5714: result: yes
configure:5714: checking for string.h
configure:5714: gcc -std=gnu99 -c -g -O2  conftest.c >&5
configure:5714: $? = 0
configure:5714: result: yes
configure:5714: checking for memory.h
configure:5714: gcc -std=gnu99 -c -g -O2  conftest.c >&5
configure:5714: $? = 0
configure:5714: result: yes
configure:5714: checking for strings.h
configure:5714: gcc -std=gnu99 -c -g -O2  conftest.c >&5
configure:5714: $? = 0
configure:5714: result: yes
configure:5714: checking for inttypes.h
configure:5714: gcc -std=gnu99 -c -g -O2  conftest.c >&5
configure:5714: $? = 0
configure:5714: result: yes
configure:5714: checking for stdint.h
configure:5714: gcc -std=gnu99 -c -g -O2  conftest.c >&5
configure:5714: $? = 0
configure:5714: result: yes
configure:5714: checking for unistd.h
configure:5714: gcc -std=gnu99 -c -g -O2  conftest.c >&5
configure:5714: $? = 0
configure:5714: result: yes
configure:5727: checking minix/config.h usability
configure:5727: gcc -std=gnu99 -c -g -O2  conftest.c >&5
conftest.c:54:26: fatal error: minix/config.h: No such file or directory
 #include <minix/config.h>
                          ^
compilation terminated.
configure:5727: $? = 1
configure: failed program was:
| /* confdefs.h */
| #define PACKAGE_NAME "openvswitch"
| #define PACKAGE_TARNAME "openvswitch"
| #define PACKAGE_VERSION "2.8.1"
| #define PACKAGE_STRING "openvswitch 2.8.1"
| #define PACKAGE_BUGREPORT "bugs@openvswitch.org"
| #define PACKAGE_URL ""
| #define PACKAGE "openvswitch"
| #define VERSION "2.8.1"
| #define STDC_HEADERS 1
| #define HAVE_SYS_TYPES_H 1
| #define HAVE_SYS_STAT_H 1
| #define HAVE_STDLIB_H 1
| #define HAVE_STRING_H 1
| #define HAVE_MEMORY_H 1
| #define HAVE_STRINGS_H 1
| #define HAVE_INTTYPES_H 1
| #define HAVE_STDINT_H 1
| #define HAVE_UNISTD_H 1
| /* end confdefs.h.  */
| #include <stdio.h>
| #ifdef HAVE_SYS_TYPES_H
| # include <sys/types.h>
| #endif
| #ifdef HAVE_SYS_STAT_H
| # include <sys/stat.h>
| #endif
| #ifdef STDC_HEADERS
| # include <stdlib.h>
| # include <stddef.h>
| #else
| # ifdef HAVE_STDLIB_H
| #  include <stdlib.h>
| # endif
| #endif
| #ifdef HAVE_STRING_H
| # if !defined STDC_HEADERS && defined HAVE_MEMORY_H
| #  include <memory.h>
| # endif
| # include <string.h>
| #endif
| #ifdef HAVE_STRINGS_H
| # include <strings.h>
| #endif
| #ifdef HAVE_INTTYPES_H
| # include <inttypes.h>
| #endif
| #ifdef HAVE_STDINT_H
| # include <stdint.h>
| #endif
| #ifdef HAVE_UNISTD_H
| # include <unistd.h>
| #endif
| #include <minix/config.h>
configure:5727: result: no
configure:5727: checking minix/config.h presence
configure:5727: gcc -std=gnu99 -E  conftest.c
conftest.c:21:26: fatal error: minix/config.h: No such file or directory
 #include <minix/config.h>
                          ^
compilation terminated.
configure:5727: $? = 1
configure: failed program was:
| /* confdefs.h */
| #define PACKAGE_NAME "openvswitch"
| #define PACKAGE_TARNAME "openvswitch"
| #define PACKAGE_VERSION "2.8.1"
| #define PACKAGE_STRING "openvswitch 2.8.1"
| #define PACKAGE_BUGREPORT "bugs@openvswitch.org"
| #define PACKAGE_URL ""
| #define PACKAGE "openvswitch"
| #define VERSION "2.8.1"
| #define STDC_HEADERS 1
| #define HAVE_SYS_TYPES_H 1
| #define HAVE_SYS_STAT_H 1
| #define HAVE_STDLIB_H 1
| #define HAVE_STRING_H 1
| #define HAVE_MEMORY_H 1
| #define HAVE_STRINGS_H 1
| #define HAVE_INTTYPES_H 1
| #define HAVE_STDINT_H 1
| #define HAVE_UNISTD_H 1
| /* end confdefs.h.  */
| #include <minix/config.h>
configure:5727: result: no
configure:5727: checking for minix/config.h
configure:5727: result: no
configure:5748: checking whether it is safe to define __EXTENSIONS__
configure:5766: gcc -std=gnu99 -c -g -O2  conftest.c >&5
configure:5766: $? = 0
configure:5773: result: yes
configure:5787: checking whether byte ordering is bigendian
configure:5802: gcc -std=gnu99 -c -g -O2  conftest.c >&5
conftest.c:27:9: error: unknown type name 'not'
         not a universal capable compiler
         ^
conftest.c:27:15: error: expected '=', ',', ';', 'asm' or '__attribute__' before 'universal'
         not a universal capable compiler
               ^
conftest.c:27:15: error: unknown type name 'universal'
configure:5802: $? = 1
configure: failed program was:
| /* confdefs.h */
| #define PACKAGE_NAME "openvswitch"
| #define PACKAGE_TARNAME "openvswitch"
| #define PACKAGE_VERSION "2.8.1"
| #define PACKAGE_STRING "openvswitch 2.8.1"
| #define PACKAGE_BUGREPORT "bugs@openvswitch.org"
| #define PACKAGE_URL ""
| #define PACKAGE "openvswitch"
| #define VERSION "2.8.1"
| #define STDC_HEADERS 1
| #define HAVE_SYS_TYPES_H 1
| #define HAVE_SYS_STAT_H 1
| #define HAVE_STDLIB_H 1
| #define HAVE_STRING_H 1
| #define HAVE_MEMORY_H 1
| #define HAVE_STRINGS_H 1
| #define HAVE_INTTYPES_H 1
| #define HAVE_STDINT_H 1
| #define HAVE_UNISTD_H 1
| #define __EXTENSIONS__ 1
| #define _ALL_SOURCE 1
| #define _GNU_SOURCE 1
| #define _POSIX_PTHREAD_SEMANTICS 1
| #define _TANDEM_SOURCE 1
| /* end confdefs.h.  */
| #ifndef __APPLE_CC__
| 	       not a universal capable compiler
| 	     #endif
| 	     typedef int dummy;
| 
configure:5847: gcc -std=gnu99 -c -g -O2  conftest.c >&5
configure:5847: $? = 0
configure:5865: gcc -std=gnu99 -c -g -O2  conftest.c >&5
conftest.c: In function 'main':
conftest.c:33:4: error: unknown type name 'not'
    not big endian
    ^
conftest.c:33:12: error: expected '=', ',', ';', 'asm' or '__attribute__' before 'endian'
    not big endian
            ^
configure:5865: $? = 1
configure: failed program was:
| /* confdefs.h */
| #define PACKAGE_NAME "openvswitch"
| #define PACKAGE_TARNAME "openvswitch"
| #define PACKAGE_VERSION "2.8.1"
| #define PACKAGE_STRING "openvswitch 2.8.1"
| #define PACKAGE_BUGREPORT "bugs@openvswitch.org"
| #define PACKAGE_URL ""
| #define PACKAGE "openvswitch"
| #define VERSION "2.8.1"
| #define STDC_HEADERS 1
| #define HAVE_SYS_TYPES_H 1
| #define HAVE_SYS_STAT_H 1
| #define HAVE_STDLIB_H 1
| #define HAVE_STRING_H 1
| #define HAVE_MEMORY_H 1
| #define HAVE_STRINGS_H 1
| #define HAVE_INTTYPES_H 1
| #define HAVE_STDINT_H 1
| #define HAVE_UNISTD_H 1
| #define __EXTENSIONS__ 1
| #define _ALL_SOURCE 1
| #define _GNU_SOURCE 1
| #define _POSIX_PTHREAD_SEMANTICS 1
| #define _TANDEM_SOURCE 1
| /* end confdefs.h.  */
| #include <sys/types.h>
| 		#include <sys/param.h>
| 
| int
| main ()
| {
| #if BYTE_ORDER != BIG_ENDIAN
| 		 not big endian
| 		#endif
| 
|   ;
|   return 0;
| }
configure:5993: result: no
configure:6018: checking for special C compiler options needed for large files
configure:6063: result: no
configure:6069: checking for _FILE_OFFSET_BITS value needed for large files
configure:6094: gcc -std=gnu99 -c -g -O2  conftest.c >&5
configure:6094: $? = 0
configure:6126: result: no
configure:6241: checking build system type
configure:6255: result: x86_64-unknown-linux-gnu
configure:6275: checking host system type
configure:6288: result: x86_64-unknown-linux-gnu
configure:6329: checking how to print strings
configure:6356: result: printf
configure:6377: checking for a sed that does not truncate output
configure:6441: result: /bin/sed
configure:6489: checking for ld used by gcc -std=gnu99
configure:6556: result: /usr/bin/ld
configure:6563: checking if the linker (/usr/bin/ld) is GNU ld
configure:6578: result: yes
configure:6590: checking for BSD- or MS-compatible name lister (nm)
configure:6639: result: /usr/bin/nm -B
configure:6769: checking the name lister (/usr/bin/nm -B) interface
configure:6776: gcc -std=gnu99 -c -g -O2  conftest.c >&5
configure:6779: /usr/bin/nm -B "conftest.o"
configure:6782: output
0000000000000000 B some_variable
configure:6789: result: BSD nm
configure:6792: checking whether ln -s works
configure:6796: result: yes
configure:6804: checking the maximum length of command line arguments
configure:6935: result: 1572864
configure:6952: checking whether the shell understands some XSI constructs
configure:6962: result: yes
configure:6966: checking whether the shell understands "+="
configure:6972: result: yes
configure:7007: checking how to convert x86_64-unknown-linux-gnu file names to x86_64-unknown-linux-gnu format
configure:7047: result: func_convert_file_noop
configure:7054: checking how to convert x86_64-unknown-linux-gnu file names to toolchain format
configure:7074: result: func_convert_file_noop
configure:7081: checking for /usr/bin/ld option to reload object files
configure:7088: result: -r
configure:7162: checking for objdump
configure:7178: found /usr/bin/objdump
configure:7189: result: objdump
configure:7221: checking how to recognize dependent libraries
configure:7419: result: pass_all
configure:7504: checking for dlltool
configure:7534: result: no
configure:7564: checking how to associate runtime and link libraries
configure:7591: result: printf %s\n
configure:7651: checking for ar
configure:7667: found /usr/bin/ar
configure:7678: result: ar
configure:7715: checking for archiver @FILE support
configure:7732: gcc -std=gnu99 -c -g -O2  conftest.c >&5
configure:7732: $? = 0
configure:7735: ar cru libconftest.a @conftest.lst >&5
configure:7738: $? = 0
configure:7743: ar cru libconftest.a @conftest.lst >&5
ar: conftest.o: No such file or directory
configure:7746: $? = 1
configure:7758: result: @
configure:7816: checking for strip
configure:7832: found /usr/bin/strip
configure:7843: result: strip
configure:7915: checking for ranlib
configure:7931: found /usr/bin/ranlib
configure:7942: result: ranlib
configure:8044: checking command to parse /usr/bin/nm -B output from gcc -std=gnu99 object
configure:8164: gcc -std=gnu99 -c -g -O2  conftest.c >&5
configure:8167: $? = 0
configure:8171: /usr/bin/nm -B conftest.o \| sed -n -e 's/^.*[ ]\([ABCDGIRSTW][ABCDGIRSTW]*\)[ ][ ]*\([_A-Za-z][_A-Za-z0-9]*\)$/\1 \2 \2/p' | sed '/ __gnu_lto/d' \> conftest.nm
configure:8174: $? = 0
configure:8240: gcc -std=gnu99 -o conftest -g -O2   conftest.c conftstm.o >&5
configure:8243: $? = 0
configure:8281: result: ok
configure:8318: checking for sysroot
configure:8348: result: no
configure:8425: gcc -std=gnu99 -c -g -O2  conftest.c >&5
configure:8428: $? = 0
configure:8617: checking for mt
configure:8633: found /bin/mt
configure:8644: result: mt
configure:8667: checking if mt is a manifest tool
configure:8673: mt '-?'
configure:8681: result: no
configure:9320: checking for dlfcn.h
configure:9320: gcc -std=gnu99 -c -g -O2  conftest.c >&5
configure:9320: $? = 0
configure:9320: result: yes
configure:9536: checking for objdir
configure:9551: result: .libs
configure:9822: checking if gcc -std=gnu99 supports -fno-rtti -fno-exceptions
configure:9840: gcc -std=gnu99 -c -g -O2  -fno-rtti -fno-exceptions conftest.c >&5
cc1: warning: command line option '-fno-rtti' is valid for C++/ObjC++ but not for C [enabled by default]
configure:9844: $? = 0
configure:9857: result: no
configure:10184: checking for gcc -std=gnu99 option to produce PIC
configure:10191: result: -fPIC -DPIC
configure:10199: checking if gcc -std=gnu99 PIC flag -fPIC -DPIC works
configure:10217: gcc -std=gnu99 -c -g -O2  -fPIC -DPIC -DPIC conftest.c >&5
configure:10221: $? = 0
configure:10234: result: yes
configure:10263: checking if gcc -std=gnu99 static flag -static works
configure:10291: result: yes
configure:10306: checking if gcc -std=gnu99 supports -c -o file.o
configure:10327: gcc -std=gnu99 -c -g -O2  -o out/conftest2.o conftest.c >&5
configure:10331: $? = 0
configure:10353: result: yes
configure:10361: checking if gcc -std=gnu99 supports -c -o file.o
configure:10408: result: yes
configure:10441: checking whether the gcc -std=gnu99 linker (/usr/bin/ld -m elf_x86_64) supports shared libraries
configure:11598: result: yes
configure:11838: checking dynamic linker characteristics
configure:12338: gcc -std=gnu99 -o conftest -g -O2   -Wl,-rpath -Wl,/foo conftest.c  >&5
configure:12338: $? = 0
configure:12572: result: GNU/Linux ld.so
configure:12679: checking how to hardcode library paths into programs
configure:12704: result: immediate
configure:13244: checking whether stripping libraries is possible
configure:13249: result: yes
configure:13284: checking if libtool supports shared libraries
configure:13286: result: yes
configure:13289: checking whether to build shared libraries
configure:13310: result: no
configure:13313: checking whether to build static libraries
configure:13317: result: yes
configure:13340: checking how to run the C++ preprocessor
configure:13367: g++ -E  conftest.cpp
configure:13367: $? = 0
configure:13381: g++ -E  conftest.cpp
conftest.cpp:28:28: fatal error: ac_nonexistent.h: No such file or directory
 #include <ac_nonexistent.h>
                            ^
compilation terminated.
configure:13381: $? = 1
configure: failed program was:
| /* confdefs.h */
| #define PACKAGE_NAME "openvswitch"
| #define PACKAGE_TARNAME "openvswitch"
| #define PACKAGE_VERSION "2.8.1"
| #define PACKAGE_STRING "openvswitch 2.8.1"
| #define PACKAGE_BUGREPORT "bugs@openvswitch.org"
| #define PACKAGE_URL ""
| #define PACKAGE "openvswitch"
| #define VERSION "2.8.1"
| #define STDC_HEADERS 1
| #define HAVE_SYS_TYPES_H 1
| #define HAVE_SYS_STAT_H 1
| #define HAVE_STDLIB_H 1
| #define HAVE_STRING_H 1
| #define HAVE_MEMORY_H 1
| #define HAVE_STRINGS_H 1
| #define HAVE_INTTYPES_H 1
| #define HAVE_STDINT_H 1
| #define HAVE_UNISTD_H 1
| #define __EXTENSIONS__ 1
| #define _ALL_SOURCE 1
| #define _GNU_SOURCE 1
| #define _POSIX_PTHREAD_SEMANTICS 1
| #define _TANDEM_SOURCE 1
| #define HAVE_DLFCN_H 1
| #define LT_OBJDIR ".libs/"
| /* end confdefs.h.  */
| #include <ac_nonexistent.h>
configure:13406: result: g++ -E
configure:13426: g++ -E  conftest.cpp
configure:13426: $? = 0
configure:13440: g++ -E  conftest.cpp
conftest.cpp:28:28: fatal error: ac_nonexistent.h: No such file or directory
 #include <ac_nonexistent.h>
                            ^
compilation terminated.
configure:13440: $? = 1
configure: failed program was:
| /* confdefs.h */
| #define PACKAGE_NAME "openvswitch"
| #define PACKAGE_TARNAME "openvswitch"
| #define PACKAGE_VERSION "2.8.1"
| #define PACKAGE_STRING "openvswitch 2.8.1"
| #define PACKAGE_BUGREPORT "bugs@openvswitch.org"
| #define PACKAGE_URL ""
| #define PACKAGE "openvswitch"
| #define VERSION "2.8.1"
| #define STDC_HEADERS 1
| #define HAVE_SYS_TYPES_H 1
| #define HAVE_SYS_STAT_H 1
| #define HAVE_STDLIB_H 1
| #define HAVE_STRING_H 1
| #define HAVE_MEMORY_H 1
| #define HAVE_STRINGS_H 1
| #define HAVE_INTTYPES_H 1
| #define HAVE_STDINT_H 1
| #define HAVE_UNISTD_H 1
| #define __EXTENSIONS__ 1
| #define _ALL_SOURCE 1
| #define _GNU_SOURCE 1
| #define _POSIX_PTHREAD_SEMANTICS 1
| #define _TANDEM_SOURCE 1
| #define HAVE_DLFCN_H 1
| #define LT_OBJDIR ".libs/"
| /* end confdefs.h.  */
| #include <ac_nonexistent.h>
configure:13609: checking for ld used by g++
configure:13676: result: /usr/bin/ld -m elf_x86_64
configure:13683: checking if the linker (/usr/bin/ld -m elf_x86_64) is GNU ld
configure:13698: result: yes
configure:13753: checking whether the g++ linker (/usr/bin/ld -m elf_x86_64) supports shared libraries
configure:14755: result: yes
configure:14791: g++ -c -g -O2  conftest.cpp >&5
configure:14794: $? = 0
configure:15314: checking for g++ option to produce PIC
configure:15321: result: -fPIC -DPIC
configure:15329: checking if g++ PIC flag -fPIC -DPIC works
configure:15347: g++ -c -g -O2  -fPIC -DPIC -DPIC conftest.cpp >&5
configure:15351: $? = 0
configure:15364: result: yes
configure:15387: checking if g++ static flag -static works
configure:15415: result: yes
configure:15427: checking if g++ supports -c -o file.o
configure:15448: g++ -c -g -O2  -o out/conftest2.o conftest.cpp >&5
configure:15452: $? = 0
configure:15474: result: yes
configure:15479: checking if g++ supports -c -o file.o
configure:15526: result: yes
configure:15556: checking whether the g++ linker (/usr/bin/ld -m elf_x86_64) supports shared libraries
configure:15595: result: yes
configure:15736: checking dynamic linker characteristics
configure:16404: result: GNU/Linux ld.so
configure:16457: checking how to hardcode library paths into programs
configure:16482: result: immediate
configure:16579: checking for library containing pow
configure:16610: gcc -std=gnu99 -o conftest -g -O2   conftest.c  >&5
conftest.c:35:6: warning: conflicting types for built-in function 'pow' [enabled by default]
 char pow ();
      ^
/tmp/ccLMPg13.o: In function `main':
/home/ovs/Desktop/openvswitch-2.8.1/conftest.c:39: undefined reference to `pow'
collect2: error: ld returned 1 exit status
configure:16610: $? = 1
configure: failed program was:
| /* confdefs.h */
| #define PACKAGE_NAME "openvswitch"
| #define PACKAGE_TARNAME "openvswitch"
| #define PACKAGE_VERSION "2.8.1"
| #define PACKAGE_STRING "openvswitch 2.8.1"
| #define PACKAGE_BUGREPORT "bugs@openvswitch.org"
| #define PACKAGE_URL ""
| #define PACKAGE "openvswitch"
| #define VERSION "2.8.1"
| #define STDC_HEADERS 1
| #define HAVE_SYS_TYPES_H 1
| #define HAVE_SYS_STAT_H 1
| #define HAVE_STDLIB_H 1
| #define HAVE_STRING_H 1
| #define HAVE_MEMORY_H 1
| #define HAVE_STRINGS_H 1
| #define HAVE_INTTYPES_H 1
| #define HAVE_STDINT_H 1
| #define HAVE_UNISTD_H 1
| #define __EXTENSIONS__ 1
| #define _ALL_SOURCE 1
| #define _GNU_SOURCE 1
| #define _POSIX_PTHREAD_SEMANTICS 1
| #define _TANDEM_SOURCE 1
| #define HAVE_DLFCN_H 1
| #define LT_OBJDIR ".libs/"
| /* end confdefs.h.  */
| 
| /* Override any GCC internal prototype to avoid an error.
|    Use char because int might match the return type of a GCC
|    builtin and then its argument prototype would still apply.  */
| #ifdef __cplusplus
| extern "C"
| #endif
| char pow ();
| int
| main ()
| {
| return pow ();
|   ;
|   return 0;
| }
configure:16610: gcc -std=gnu99 -o conftest -g -O2   conftest.c -lm   >&5
conftest.c:35:6: warning: conflicting types for built-in function 'pow' [enabled by default]
 char pow ();
      ^
configure:16610: $? = 0
configure:16627: result: -lm
configure:16635: checking for library containing clock_gettime
configure:16666: gcc -std=gnu99 -o conftest -g -O2   conftest.c -lm  >&5
configure:16666: $? = 0
configure:16683: result: none required
configure:16691: checking for library containing timer_create
configure:16722: gcc -std=gnu99 -o conftest -g -O2   conftest.c -lm  >&5
/tmp/ccAR1NG0.o: In function `main':
/home/ovs/Desktop/openvswitch-2.8.1/conftest.c:39: undefined reference to `timer_create'
collect2: error: ld returned 1 exit status
configure:16722: $? = 1
configure: failed program was:
| /* confdefs.h */
| #define PACKAGE_NAME "openvswitch"
| #define PACKAGE_TARNAME "openvswitch"
| #define PACKAGE_VERSION "2.8.1"
| #define PACKAGE_STRING "openvswitch 2.8.1"
| #define PACKAGE_BUGREPORT "bugs@openvswitch.org"
| #define PACKAGE_URL ""
| #define PACKAGE "openvswitch"
| #define VERSION "2.8.1"
| #define STDC_HEADERS 1
| #define HAVE_SYS_TYPES_H 1
| #define HAVE_SYS_STAT_H 1
| #define HAVE_STDLIB_H 1
| #define HAVE_STRING_H 1
| #define HAVE_MEMORY_H 1
| #define HAVE_STRINGS_H 1
| #define HAVE_INTTYPES_H 1
| #define HAVE_STDINT_H 1
| #define HAVE_UNISTD_H 1
| #define __EXTENSIONS__ 1
| #define _ALL_SOURCE 1
| #define _GNU_SOURCE 1
| #define _POSIX_PTHREAD_SEMANTICS 1
| #define _TANDEM_SOURCE 1
| #define HAVE_DLFCN_H 1
| #define LT_OBJDIR ".libs/"
| /* end confdefs.h.  */
| 
| /* Override any GCC internal prototype to avoid an error.
|    Use char because int might match the return type of a GCC
|    builtin and then its argument prototype would still apply.  */
| #ifdef __cplusplus
| extern "C"
| #endif
| char timer_create ();
| int
| main ()
| {
| return timer_create ();
|   ;
|   return 0;
| }
configure:16722: gcc -std=gnu99 -o conftest -g -O2   conftest.c -lrt  -lm  >&5
configure:16722: $? = 0
configure:16739: result: -lrt
configure:16747: checking for library containing pthread_create
configure:16778: gcc -std=gnu99 -o conftest -g -O2   conftest.c -lrt -lm  >&5
/tmp/ccEABZte.o: In function `main':
/home/ovs/Desktop/openvswitch-2.8.1/conftest.c:39: undefined reference to `pthread_create'
collect2: error: ld returned 1 exit status
configure:16778: $? = 1
configure: failed program was:
| /* confdefs.h */
| #define PACKAGE_NAME "openvswitch"
| #define PACKAGE_TARNAME "openvswitch"
| #define PACKAGE_VERSION "2.8.1"
| #define PACKAGE_STRING "openvswitch 2.8.1"
| #define PACKAGE_BUGREPORT "bugs@openvswitch.org"
| #define PACKAGE_URL ""
| #define PACKAGE "openvswitch"
| #define VERSION "2.8.1"
| #define STDC_HEADERS 1
| #define HAVE_SYS_TYPES_H 1
| #define HAVE_SYS_STAT_H 1
| #define HAVE_STDLIB_H 1
| #define HAVE_STRING_H 1
| #define HAVE_MEMORY_H 1
| #define HAVE_STRINGS_H 1
| #define HAVE_INTTYPES_H 1
| #define HAVE_STDINT_H 1
| #define HAVE_UNISTD_H 1
| #define __EXTENSIONS__ 1
| #define _ALL_SOURCE 1
| #define _GNU_SOURCE 1
| #define _POSIX_PTHREAD_SEMANTICS 1
| #define _TANDEM_SOURCE 1
| #define HAVE_DLFCN_H 1
| #define LT_OBJDIR ".libs/"
| /* end confdefs.h.  */
| 
| /* Override any GCC internal prototype to avoid an error.
|    Use char because int might match the return type of a GCC
|    builtin and then its argument prototype would still apply.  */
| #ifdef __cplusplus
| extern "C"
| #endif
| char pthread_create ();
| int
| main ()
| {
| return pthread_create ();
|   ;
|   return 0;
| }
configure:16778: gcc -std=gnu99 -o conftest -g -O2   conftest.c -lpthread  -lrt -lm  >&5
configure:16778: $? = 0
configure:16795: result: -lpthread
configure:16803: checking whether strerror_r is declared
configure:16803: gcc -std=gnu99 -c -g -O2  conftest.c >&5
configure:16803: $? = 0
configure:16803: result: yes
configure:16816: checking for strerror_r
configure:16816: gcc -std=gnu99 -o conftest -g -O2   conftest.c -lpthread -lrt -lm  >&5
configure:16816: $? = 0
configure:16816: result: yes
configure:16825: checking whether strerror_r returns char *
configure:16849: gcc -std=gnu99 -c -g -O2  conftest.c >&5
configure:16849: $? = 0
configure:16887: result: yes
configure:16896: checking vmware.h usability
configure:16896: gcc -std=gnu99 -c -g -O2  conftest.c >&5
conftest.c:64:20: fatal error: vmware.h: No such file or directory
 #include <vmware.h>
                    ^
compilation terminated.
configure:16896: $? = 1
configure: failed program was:
| /* confdefs.h */
| #define PACKAGE_NAME "openvswitch"
| #define PACKAGE_TARNAME "openvswitch"
| #define PACKAGE_VERSION "2.8.1"
| #define PACKAGE_STRING "openvswitch 2.8.1"
| #define PACKAGE_BUGREPORT "bugs@openvswitch.org"
| #define PACKAGE_URL ""
| #define PACKAGE "openvswitch"
| #define VERSION "2.8.1"
| #define STDC_HEADERS 1
| #define HAVE_SYS_TYPES_H 1
| #define HAVE_SYS_STAT_H 1
| #define HAVE_STDLIB_H 1
| #define HAVE_STRING_H 1
| #define HAVE_MEMORY_H 1
| #define HAVE_STRINGS_H 1
| #define HAVE_INTTYPES_H 1
| #define HAVE_STDINT_H 1
| #define HAVE_UNISTD_H 1
| #define __EXTENSIONS__ 1
| #define _ALL_SOURCE 1
| #define _GNU_SOURCE 1
| #define _POSIX_PTHREAD_SEMANTICS 1
| #define _TANDEM_SOURCE 1
| #define HAVE_DLFCN_H 1
| #define LT_OBJDIR ".libs/"
| #define HAVE_DECL_STRERROR_R 1
| #define HAVE_STRERROR_R 1
| #define STRERROR_R_CHAR_P 1
| /* end confdefs.h.  */
| #include <stdio.h>
| #ifdef HAVE_SYS_TYPES_H
| # include <sys/types.h>
| #endif
| #ifdef HAVE_SYS_STAT_H
| # include <sys/stat.h>
| #endif
| #ifdef STDC_HEADERS
| # include <stdlib.h>
| # include <stddef.h>
| #else
| # ifdef HAVE_STDLIB_H
| #  include <stdlib.h>
| # endif
| #endif
| #ifdef HAVE_STRING_H
| # if !defined STDC_HEADERS && defined HAVE_MEMORY_H
| #  include <memory.h>
| # endif
| # include <string.h>
| #endif
| #ifdef HAVE_STRINGS_H
| # include <strings.h>
| #endif
| #ifdef HAVE_INTTYPES_H
| # include <inttypes.h>
| #endif
| #ifdef HAVE_STDINT_H
| # include <stdint.h>
| #endif
| #ifdef HAVE_UNISTD_H
| # include <unistd.h>
| #endif
| #include <vmware.h>
configure:16896: result: no
configure:16896: checking vmware.h presence
configure:16896: gcc -std=gnu99 -E  conftest.c
conftest.c:31:20: fatal error: vmware.h: No such file or directory
 #include <vmware.h>
                    ^
compilation terminated.
configure:16896: $? = 1
configure: failed program was:
| /* confdefs.h */
| #define PACKAGE_NAME "openvswitch"
| #define PACKAGE_TARNAME "openvswitch"
| #define PACKAGE_VERSION "2.8.1"
| #define PACKAGE_STRING "openvswitch 2.8.1"
| #define PACKAGE_BUGREPORT "bugs@openvswitch.org"
| #define PACKAGE_URL ""
| #define PACKAGE "openvswitch"
| #define VERSION "2.8.1"
| #define STDC_HEADERS 1
| #define HAVE_SYS_TYPES_H 1
| #define HAVE_SYS_STAT_H 1
| #define HAVE_STDLIB_H 1
| #define HAVE_STRING_H 1
| #define HAVE_MEMORY_H 1
| #define HAVE_STRINGS_H 1
| #define HAVE_INTTYPES_H 1
| #define HAVE_STDINT_H 1
| #define HAVE_UNISTD_H 1
| #define __EXTENSIONS__ 1
| #define _ALL_SOURCE 1
| #define _GNU_SOURCE 1
| #define _POSIX_PTHREAD_SEMANTICS 1
| #define _TANDEM_SOURCE 1
| #define HAVE_DLFCN_H 1
| #define LT_OBJDIR ".libs/"
| #define HAVE_DECL_STRERROR_R 1
| #define HAVE_STRERROR_R 1
| #define STRERROR_R_CHAR_P 1
| /* end confdefs.h.  */
| #include <vmware.h>
configure:16896: result: no
configure:16896: checking for vmware.h
configure:16896: result: no
configure:16917: checking for MSVC x64 compiler
configure:16930: result: no
configure:16934: checking windows.h usability
configure:16934: gcc -std=gnu99 -c -g -O2  conftest.c >&5
conftest.c:64:21: fatal error: windows.h: No such file or directory
 #include <windows.h>
                     ^
compilation terminated.
configure:16934: $? = 1
configure: failed program was:
| /* confdefs.h */
| #define PACKAGE_NAME "openvswitch"
| #define PACKAGE_TARNAME "openvswitch"
| #define PACKAGE_VERSION "2.8.1"
| #define PACKAGE_STRING "openvswitch 2.8.1"
| #define PACKAGE_BUGREPORT "bugs@openvswitch.org"
| #define PACKAGE_URL ""
| #define PACKAGE "openvswitch"
| #define VERSION "2.8.1"
| #define STDC_HEADERS 1
| #define HAVE_SYS_TYPES_H 1
| #define HAVE_SYS_STAT_H 1
| #define HAVE_STDLIB_H 1
| #define HAVE_STRING_H 1
| #define HAVE_MEMORY_H 1
| #define HAVE_STRINGS_H 1
| #define HAVE_INTTYPES_H 1
| #define HAVE_STDINT_H 1
| #define HAVE_UNISTD_H 1
| #define __EXTENSIONS__ 1
| #define _ALL_SOURCE 1
| #define _GNU_SOURCE 1
| #define _POSIX_PTHREAD_SEMANTICS 1
| #define _TANDEM_SOURCE 1
| #define HAVE_DLFCN_H 1
| #define LT_OBJDIR ".libs/"
| #define HAVE_DECL_STRERROR_R 1
| #define HAVE_STRERROR_R 1
| #define STRERROR_R_CHAR_P 1
| /* end confdefs.h.  */
| #include <stdio.h>
| #ifdef HAVE_SYS_TYPES_H
| # include <sys/types.h>
| #endif
| #ifdef HAVE_SYS_STAT_H
| # include <sys/stat.h>
| #endif
| #ifdef STDC_HEADERS
| # include <stdlib.h>
| # include <stddef.h>
| #else
| # ifdef HAVE_STDLIB_H
| #  include <stdlib.h>
| # endif
| #endif
| #ifdef HAVE_STRING_H
| # if !defined STDC_HEADERS && defined HAVE_MEMORY_H
| #  include <memory.h>
| # endif
| # include <string.h>
| #endif
| #ifdef HAVE_STRINGS_H
| # include <strings.h>
| #endif
| #ifdef HAVE_INTTYPES_H
| # include <inttypes.h>
| #endif
| #ifdef HAVE_STDINT_H
| # include <stdint.h>
| #endif
| #ifdef HAVE_UNISTD_H
| # include <unistd.h>
| #endif
| #include <windows.h>
configure:16934: result: no
configure:16934: checking windows.h presence
configure:16934: gcc -std=gnu99 -E  conftest.c
conftest.c:31:21: fatal error: windows.h: No such file or directory
 #include <windows.h>
                     ^
compilation terminated.
configure:16934: $? = 1
configure: failed program was:
| /* confdefs.h */
| #define PACKAGE_NAME "openvswitch"
| #define PACKAGE_TARNAME "openvswitch"
| #define PACKAGE_VERSION "2.8.1"
| #define PACKAGE_STRING "openvswitch 2.8.1"
| #define PACKAGE_BUGREPORT "bugs@openvswitch.org"
| #define PACKAGE_URL ""
| #define PACKAGE "openvswitch"
| #define VERSION "2.8.1"
| #define STDC_HEADERS 1
| #define HAVE_SYS_TYPES_H 1
| #define HAVE_SYS_STAT_H 1
| #define HAVE_STDLIB_H 1
| #define HAVE_STRING_H 1
| #define HAVE_MEMORY_H 1
| #define HAVE_STRINGS_H 1
| #define HAVE_INTTYPES_H 1
| #define HAVE_STDINT_H 1
| #define HAVE_UNISTD_H 1
| #define __EXTENSIONS__ 1
| #define _ALL_SOURCE 1
| #define _GNU_SOURCE 1
| #define _POSIX_PTHREAD_SEMANTICS 1
| #define _TANDEM_SOURCE 1
| #define HAVE_DLFCN_H 1
| #define LT_OBJDIR ".libs/"
| #define HAVE_DECL_STRERROR_R 1
| #define HAVE_STRERROR_R 1
| #define STRERROR_R_CHAR_P 1
| /* end confdefs.h.  */
| #include <windows.h>
configure:16934: result: no
configure:16934: checking for windows.h
configure:16934: result: no
configure:17094: checking for linux/netlink.h
configure:17094: gcc -std=gnu99 -c -g -O2  conftest.c >&5
configure:17094: $? = 0
configure:17094: result: yes
configure:17150: checking for pkg-config
configure:17180: result: /usr/local/bin/pkg-config
configure:17213: checking for openssl/ssl.h in /usr/local/ssl
configure:17228: result: no
configure:17213: checking for openssl/ssl.h in /usr/lib/ssl
configure:17228: result: no
configure:17213: checking for openssl/ssl.h in /usr/ssl
configure:17228: result: no
configure:17213: checking for openssl/ssl.h in /usr/pkg
configure:17228: result: no
configure:17213: checking for openssl/ssl.h in /usr/local
configure:17228: result: no
configure:17213: checking for openssl/ssl.h in /usr
configure:17224: result: yes
configure:17240: checking whether compiling and linking against OpenSSL works
Trying link with SSL_LDFLAGS=-L/usr/lib; SSL_LIBS=-lssl -lcrypto; SSL_INCLUDES=-I/usr/include
configure:17262: gcc -std=gnu99 -o conftest -g -O2 -I/usr/include   -L/usr/lib conftest.c -lssl -lcrypto -lpthread -lrt -lm  >&5
configure:17262: $? = 0
configure:17264: result: yes
configure:17331: checking for capng_clear in -lcap-ng
configure:17356: gcc -std=gnu99 -o conftest -g -O2   conftest.c -lcap-ng  -lpthread -lrt -lm  >&5
/usr/bin/ld: cannot find -lcap-ng
collect2: error: ld returned 1 exit status
configure:17356: $? = 1
configure: failed program was:
| /* confdefs.h */
| #define PACKAGE_NAME "openvswitch"
| #define PACKAGE_TARNAME "openvswitch"
| #define PACKAGE_VERSION "2.8.1"
| #define PACKAGE_STRING "openvswitch 2.8.1"
| #define PACKAGE_BUGREPORT "bugs@openvswitch.org"
| #define PACKAGE_URL ""
| #define PACKAGE "openvswitch"
| #define VERSION "2.8.1"
| #define STDC_HEADERS 1
| #define HAVE_SYS_TYPES_H 1
| #define HAVE_SYS_STAT_H 1
| #define HAVE_STDLIB_H 1
| #define HAVE_STRING_H 1
| #define HAVE_MEMORY_H 1
| #define HAVE_STRINGS_H 1
| #define HAVE_INTTYPES_H 1
| #define HAVE_STDINT_H 1
| #define HAVE_UNISTD_H 1
| #define __EXTENSIONS__ 1
| #define _ALL_SOURCE 1
| #define _GNU_SOURCE 1
| #define _POSIX_PTHREAD_SEMANTICS 1
| #define _TANDEM_SOURCE 1
| #define HAVE_DLFCN_H 1
| #define LT_OBJDIR ".libs/"
| #define HAVE_DECL_STRERROR_R 1
| #define HAVE_STRERROR_R 1
| #define STRERROR_R_CHAR_P 1
| #define VSTUDIO_DDK 1
| #define HAVE_NETLINK 1
| #define HAVE_OPENSSL 1
| /* end confdefs.h.  */
| 
| /* Override any GCC internal prototype to avoid an error.
|    Use char because int might match the return type of a GCC
|    builtin and then its argument prototype would still apply.  */
| #ifdef __cplusplus
| extern "C"
| #endif
| char capng_clear ();
| int
| main ()
| {
| return capng_clear ();
|   ;
|   return 0;
| }
configure:17365: result: no
configure:17379: WARNING: cannot find libcap-ng.
--user option will not be supported on Linux.
(you may use --disable-libcapng to suppress this warning). 
configure:17412: checking for Python 2.x for x >= 7
configure:17438: result: /usr/bin/python
configure:17463: checking whether /usr/bin/python has six library
configure:17468: result: yes
configure:17470: checking for Python 3.x for x >= 4
configure:17503: result: /usr/bin/python3
configure:17523: checking for flake8
configure:17534: result: no
configure:17544: checking for sphinx
configure:17555: result: no
configure:17565: checking for dot
configure:17576: result: no
configure:17586: checking net/if_packet.h usability
configure:17586: gcc -std=gnu99 -c -g -O2  conftest.c >&5
configure:17586: $? = 0
configure:17586: result: yes
configure:17586: checking net/if_packet.h presence
configure:17586: gcc -std=gnu99 -E  conftest.c
configure:17586: $? = 0
configure:17586: result: yes
configure:17586: checking for net/if_packet.h
configure:17586: result: yes
configure:17607: checking net/if_dl.h usability
configure:17607: gcc -std=gnu99 -c -g -O2  conftest.c >&5
conftest.c:68:23: fatal error: net/if_dl.h: No such file or directory
 #include <net/if_dl.h>
                       ^
compilation terminated.
configure:17607: $? = 1
configure: failed program was:
| /* confdefs.h */
| #define PACKAGE_NAME "openvswitch"
| #define PACKAGE_TARNAME "openvswitch"
| #define PACKAGE_VERSION "2.8.1"
| #define PACKAGE_STRING "openvswitch 2.8.1"
| #define PACKAGE_BUGREPORT "bugs@openvswitch.org"
| #define PACKAGE_URL ""
| #define PACKAGE "openvswitch"
| #define VERSION "2.8.1"
| #define STDC_HEADERS 1
| #define HAVE_SYS_TYPES_H 1
| #define HAVE_SYS_STAT_H 1
| #define HAVE_STDLIB_H 1
| #define HAVE_STRING_H 1
| #define HAVE_MEMORY_H 1
| #define HAVE_STRINGS_H 1
| #define HAVE_INTTYPES_H 1
| #define HAVE_STDINT_H 1
| #define HAVE_UNISTD_H 1
| #define __EXTENSIONS__ 1
| #define _ALL_SOURCE 1
| #define _GNU_SOURCE 1
| #define _POSIX_PTHREAD_SEMANTICS 1
| #define _TANDEM_SOURCE 1
| #define HAVE_DLFCN_H 1
| #define LT_OBJDIR ".libs/"
| #define HAVE_DECL_STRERROR_R 1
| #define HAVE_STRERROR_R 1
| #define STRERROR_R_CHAR_P 1
| #define VSTUDIO_DDK 1
| #define HAVE_NETLINK 1
| #define HAVE_OPENSSL 1
| #define HAVE_IF_PACKET 1
| /* end confdefs.h.  */
| #include <stdio.h>
| #ifdef HAVE_SYS_TYPES_H
| # include <sys/types.h>
| #endif
| #ifdef HAVE_SYS_STAT_H
| # include <sys/stat.h>
| #endif
| #ifdef STDC_HEADERS
| # include <stdlib.h>
| # include <stddef.h>
| #else
| # ifdef HAVE_STDLIB_H
| #  include <stdlib.h>
| # endif
| #endif
| #ifdef HAVE_STRING_H
| # if !defined STDC_HEADERS && defined HAVE_MEMORY_H
| #  include <memory.h>
| # endif
| # include <string.h>
| #endif
| #ifdef HAVE_STRINGS_H
| # include <strings.h>
| #endif
| #ifdef HAVE_INTTYPES_H
| # include <inttypes.h>
| #endif
| #ifdef HAVE_STDINT_H
| # include <stdint.h>
| #endif
| #ifdef HAVE_UNISTD_H
| # include <unistd.h>
| #endif
| #include <net/if_dl.h>
configure:17607: result: no
configure:17607: checking net/if_dl.h presence
configure:17607: gcc -std=gnu99 -E  conftest.c
conftest.c:35:23: fatal error: net/if_dl.h: No such file or directory
 #include <net/if_dl.h>
                       ^
compilation terminated.
configure:17607: $? = 1
configure: failed program was:
| /* confdefs.h */
| #define PACKAGE_NAME "openvswitch"
| #define PACKAGE_TARNAME "openvswitch"
| #define PACKAGE_VERSION "2.8.1"
| #define PACKAGE_STRING "openvswitch 2.8.1"
| #define PACKAGE_BUGREPORT "bugs@openvswitch.org"
| #define PACKAGE_URL ""
| #define PACKAGE "openvswitch"
| #define VERSION "2.8.1"
| #define STDC_HEADERS 1
| #define HAVE_SYS_TYPES_H 1
| #define HAVE_SYS_STAT_H 1
| #define HAVE_STDLIB_H 1
| #define HAVE_STRING_H 1
| #define HAVE_MEMORY_H 1
| #define HAVE_STRINGS_H 1
| #define HAVE_INTTYPES_H 1
| #define HAVE_STDINT_H 1
| #define HAVE_UNISTD_H 1
| #define __EXTENSIONS__ 1
| #define _ALL_SOURCE 1
| #define _GNU_SOURCE 1
| #define _POSIX_PTHREAD_SEMANTICS 1
| #define _TANDEM_SOURCE 1
| #define HAVE_DLFCN_H 1
| #define LT_OBJDIR ".libs/"
| #define HAVE_DECL_STRERROR_R 1
| #define HAVE_STRERROR_R 1
| #define STRERROR_R_CHAR_P 1
| #define VSTUDIO_DDK 1
| #define HAVE_NETLINK 1
| #define HAVE_OPENSSL 1
| #define HAVE_IF_PACKET 1
| /* end confdefs.h.  */
| #include <net/if_dl.h>
configure:17607: result: no
configure:17607: checking for net/if_dl.h
configure:17607: result: no
configure:17686: checking whether strtok_r macro segfaults on some inputs
configure:17722: gcc -std=gnu99 -o conftest -g -O2   conftest.c -lpthread -lrt -lm  >&5
conftest.c: In function 'main':
conftest.c:52:36: warning: ignoring return value of 'freopen', declared with attribute warn_unused_result [-Wunused-result]
                            freopen ("/dev/null", "w", stdout);
                                    ^
configure:17722: $? = 0
configure:17722: ./conftest
configure:17722: $? = 0
configure:17732: result: no
configure:17740: checking whether sys_siglist is declared
configure:17740: gcc -std=gnu99 -c -g -O2  conftest.c >&5
configure:17740: $? = 0
configure:17740: result: yes
configure:17752: checking for struct stat.st_mtim.tv_nsec
configure:17752: gcc -std=gnu99 -c -g -O2  conftest.c >&5
configure:17752: $? = 0
configure:17752: result: yes
configure:17762: checking for struct stat.st_mtimensec
configure:17762: gcc -std=gnu99 -c -g -O2  conftest.c >&5
conftest.c: In function 'main':
conftest.c:43:12: error: 'struct stat' has no member named 'st_mtimensec'
 if (ac_aggr.st_mtimensec)
            ^
configure:17762: $? = 1
configure: failed program was:
| /* confdefs.h */
| #define PACKAGE_NAME "openvswitch"
| #define PACKAGE_TARNAME "openvswitch"
| #define PACKAGE_VERSION "2.8.1"
| #define PACKAGE_STRING "openvswitch 2.8.1"
| #define PACKAGE_BUGREPORT "bugs@openvswitch.org"
| #define PACKAGE_URL ""
| #define PACKAGE "openvswitch"
| #define VERSION "2.8.1"
| #define STDC_HEADERS 1
| #define HAVE_SYS_TYPES_H 1
| #define HAVE_SYS_STAT_H 1
| #define HAVE_STDLIB_H 1
| #define HAVE_STRING_H 1
| #define HAVE_MEMORY_H 1
| #define HAVE_STRINGS_H 1
| #define HAVE_INTTYPES_H 1
| #define HAVE_STDINT_H 1
| #define HAVE_UNISTD_H 1
| #define __EXTENSIONS__ 1
| #define _ALL_SOURCE 1
| #define _GNU_SOURCE 1
| #define _POSIX_PTHREAD_SEMANTICS 1
| #define _TANDEM_SOURCE 1
| #define HAVE_DLFCN_H 1
| #define LT_OBJDIR ".libs/"
| #define HAVE_DECL_STRERROR_R 1
| #define HAVE_STRERROR_R 1
| #define STRERROR_R_CHAR_P 1
| #define VSTUDIO_DDK 1
| #define HAVE_NETLINK 1
| #define HAVE_OPENSSL 1
| #define HAVE_IF_PACKET 1
| #define HAVE_DECL_SYS_SIGLIST 1
| #define HAVE_STRUCT_STAT_ST_MTIM_TV_NSEC 1
| /* end confdefs.h.  */
| #include <sys/stat.h>
| 
| int
| main ()
| {
| static struct stat ac_aggr;
| if (ac_aggr.st_mtimensec)
| return 0;
|   ;
|   return 0;
| }
configure:17762: gcc -std=gnu99 -c -g -O2  conftest.c >&5
conftest.c: In function 'main':
conftest.c:43:19: error: 'struct stat' has no member named 'st_mtimensec'
 if (sizeof ac_aggr.st_mtimensec)
                   ^
configure:17762: $? = 1
configure: failed program was:
| /* confdefs.h */
| #define PACKAGE_NAME "openvswitch"
| #define PACKAGE_TARNAME "openvswitch"
| #define PACKAGE_VERSION "2.8.1"
| #define PACKAGE_STRING "openvswitch 2.8.1"
| #define PACKAGE_BUGREPORT "bugs@openvswitch.org"
| #define PACKAGE_URL ""
| #define PACKAGE "openvswitch"
| #define VERSION "2.8.1"
| #define STDC_HEADERS 1
| #define HAVE_SYS_TYPES_H 1
| #define HAVE_SYS_STAT_H 1
| #define HAVE_STDLIB_H 1
| #define HAVE_STRING_H 1
| #define HAVE_MEMORY_H 1
| #define HAVE_STRINGS_H 1
| #define HAVE_INTTYPES_H 1
| #define HAVE_STDINT_H 1
| #define HAVE_UNISTD_H 1
| #define __EXTENSIONS__ 1
| #define _ALL_SOURCE 1
| #define _GNU_SOURCE 1
| #define _POSIX_PTHREAD_SEMANTICS 1
| #define _TANDEM_SOURCE 1
| #define HAVE_DLFCN_H 1
| #define LT_OBJDIR ".libs/"
| #define HAVE_DECL_STRERROR_R 1
| #define HAVE_STRERROR_R 1
| #define STRERROR_R_CHAR_P 1
| #define VSTUDIO_DDK 1
| #define HAVE_NETLINK 1
| #define HAVE_OPENSSL 1
| #define HAVE_IF_PACKET 1
| #define HAVE_DECL_SYS_SIGLIST 1
| #define HAVE_STRUCT_STAT_ST_MTIM_TV_NSEC 1
| /* end confdefs.h.  */
| #include <sys/stat.h>
| 
| int
| main ()
| {
| static struct stat ac_aggr;
| if (sizeof ac_aggr.st_mtimensec)
| return 0;
|   ;
|   return 0;
| }
configure:17762: result: no
configure:17773: checking for struct ifreq.ifr_flagshigh
configure:17773: gcc -std=gnu99 -c -g -O2  conftest.c >&5
conftest.c: In function 'main':
conftest.c:43:12: error: 'struct ifreq' has no member named 'ifr_flagshigh'
 if (ac_aggr.ifr_flagshigh)
            ^
configure:17773: $? = 1
configure: failed program was:
| /* confdefs.h */
| #define PACKAGE_NAME "openvswitch"
| #define PACKAGE_TARNAME "openvswitch"
| #define PACKAGE_VERSION "2.8.1"
| #define PACKAGE_STRING "openvswitch 2.8.1"
| #define PACKAGE_BUGREPORT "bugs@openvswitch.org"
| #define PACKAGE_URL ""
| #define PACKAGE "openvswitch"
| #define VERSION "2.8.1"
| #define STDC_HEADERS 1
| #define HAVE_SYS_TYPES_H 1
| #define HAVE_SYS_STAT_H 1
| #define HAVE_STDLIB_H 1
| #define HAVE_STRING_H 1
| #define HAVE_MEMORY_H 1
| #define HAVE_STRINGS_H 1
| #define HAVE_INTTYPES_H 1
| #define HAVE_STDINT_H 1
| #define HAVE_UNISTD_H 1
| #define __EXTENSIONS__ 1
| #define _ALL_SOURCE 1
| #define _GNU_SOURCE 1
| #define _POSIX_PTHREAD_SEMANTICS 1
| #define _TANDEM_SOURCE 1
| #define HAVE_DLFCN_H 1
| #define LT_OBJDIR ".libs/"
| #define HAVE_DECL_STRERROR_R 1
| #define HAVE_STRERROR_R 1
| #define STRERROR_R_CHAR_P 1
| #define VSTUDIO_DDK 1
| #define HAVE_NETLINK 1
| #define HAVE_OPENSSL 1
| #define HAVE_IF_PACKET 1
| #define HAVE_DECL_SYS_SIGLIST 1
| #define HAVE_STRUCT_STAT_ST_MTIM_TV_NSEC 1
| /* end confdefs.h.  */
| #include <net/if.h>
| 
| int
| main ()
| {
| static struct ifreq ac_aggr;
| if (ac_aggr.ifr_flagshigh)
| return 0;
|   ;
|   return 0;
| }
configure:17773: gcc -std=gnu99 -c -g -O2  conftest.c >&5
conftest.c: In function 'main':
conftest.c:43:19: error: 'struct ifreq' has no member named 'ifr_flagshigh'
 if (sizeof ac_aggr.ifr_flagshigh)
                   ^
configure:17773: $? = 1
configure: failed program was:
| /* confdefs.h */
| #define PACKAGE_NAME "openvswitch"
| #define PACKAGE_TARNAME "openvswitch"
| #define PACKAGE_VERSION "2.8.1"
| #define PACKAGE_STRING "openvswitch 2.8.1"
| #define PACKAGE_BUGREPORT "bugs@openvswitch.org"
| #define PACKAGE_URL ""
| #define PACKAGE "openvswitch"
| #define VERSION "2.8.1"
| #define STDC_HEADERS 1
| #define HAVE_SYS_TYPES_H 1
| #define HAVE_SYS_STAT_H 1
| #define HAVE_STDLIB_H 1
| #define HAVE_STRING_H 1
| #define HAVE_MEMORY_H 1
| #define HAVE_STRINGS_H 1
| #define HAVE_INTTYPES_H 1
| #define HAVE_STDINT_H 1
| #define HAVE_UNISTD_H 1
| #define __EXTENSIONS__ 1
| #define _ALL_SOURCE 1
| #define _GNU_SOURCE 1
| #define _POSIX_PTHREAD_SEMANTICS 1
| #define _TANDEM_SOURCE 1
| #define HAVE_DLFCN_H 1
| #define LT_OBJDIR ".libs/"
| #define HAVE_DECL_STRERROR_R 1
| #define HAVE_STRERROR_R 1
| #define STRERROR_R_CHAR_P 1
| #define VSTUDIO_DDK 1
| #define HAVE_NETLINK 1
| #define HAVE_OPENSSL 1
| #define HAVE_IF_PACKET 1
| #define HAVE_DECL_SYS_SIGLIST 1
| #define HAVE_STRUCT_STAT_ST_MTIM_TV_NSEC 1
| /* end confdefs.h.  */
| #include <net/if.h>
| 
| int
| main ()
| {
| static struct ifreq ac_aggr;
| if (sizeof ac_aggr.ifr_flagshigh)
| return 0;
|   ;
|   return 0;
| }
configure:17773: result: no
configure:17784: checking for struct mmsghdr.msg_len
configure:17784: gcc -std=gnu99 -c -g -O2  conftest.c >&5
configure:17784: $? = 0
configure:17784: result: yes
configure:17795: checking for struct sockaddr_in6.sin6_scope_id
configure:17795: gcc -std=gnu99 -c -g -O2  conftest.c >&5
configure:17795: $? = 0
configure:17795: result: yes
configure:17810: checking for mlockall
configure:17810: gcc -std=gnu99 -o conftest -g -O2   conftest.c -lpthread -lrt -lm  >&5
configure:17810: $? = 0
configure:17810: result: yes
configure:17810: checking for strnlen
configure:17810: gcc -std=gnu99 -o conftest -g -O2   conftest.c -lpthread -lrt -lm  >&5
configure:17810: $? = 0
configure:17810: result: yes
configure:17810: checking for getloadavg
configure:17810: gcc -std=gnu99 -o conftest -g -O2   conftest.c -lpthread -lrt -lm  >&5
configure:17810: $? = 0
configure:17810: result: yes
configure:17810: checking for statvfs
configure:17810: gcc -std=gnu99 -o conftest -g -O2   conftest.c -lpthread -lrt -lm  >&5
configure:17810: $? = 0
configure:17810: result: yes
configure:17810: checking for getmntent_r
configure:17810: gcc -std=gnu99 -o conftest -g -O2   conftest.c -lpthread -lrt -lm  >&5
configure:17810: $? = 0
configure:17810: result: yes
configure:17810: checking for sendmmsg
configure:17810: gcc -std=gnu99 -o conftest -g -O2   conftest.c -lpthread -lrt -lm  >&5
configure:17810: $? = 0
configure:17810: result: yes
configure:17822: checking mntent.h usability
configure:17822: gcc -std=gnu99 -c -g -O2  conftest.c >&5
configure:17822: $? = 0
configure:17822: result: yes
configure:17822: checking mntent.h presence
configure:17822: gcc -std=gnu99 -E  conftest.c
configure:17822: $? = 0
configure:17822: result: yes
configure:17822: checking for mntent.h
configure:17822: result: yes
configure:17822: checking sys/statvfs.h usability
configure:17822: gcc -std=gnu99 -c -g -O2  conftest.c >&5
configure:17822: $? = 0
configure:17822: result: yes
configure:17822: checking sys/statvfs.h presence
configure:17822: gcc -std=gnu99 -E  conftest.c
configure:17822: $? = 0
configure:17822: result: yes
configure:17822: checking for sys/statvfs.h
configure:17822: result: yes
configure:17822: checking linux/types.h usability
configure:17822: gcc -std=gnu99 -c -g -O2  conftest.c >&5
configure:17822: $? = 0
configure:17822: result: yes
configure:17822: checking linux/types.h presence
configure:17822: gcc -std=gnu99 -E  conftest.c
configure:17822: $? = 0
configure:17822: result: yes
configure:17822: checking for linux/types.h
configure:17822: result: yes
configure:17822: checking linux/if_ether.h usability
configure:17822: gcc -std=gnu99 -c -g -O2  conftest.c >&5
configure:17822: $? = 0
configure:17822: result: yes
configure:17822: checking linux/if_ether.h presence
configure:17822: gcc -std=gnu99 -E  conftest.c
configure:17822: $? = 0
configure:17822: result: yes
configure:17822: checking for linux/if_ether.h
configure:17822: result: yes
configure:17822: checking stdatomic.h usability
configure:17822: gcc -std=gnu99 -c -g -O2  conftest.c >&5
conftest.c:82:23: fatal error: stdatomic.h: No such file or directory
 #include <stdatomic.h>
                       ^
compilation terminated.
configure:17822: $? = 1
configure: failed program was:
| /* confdefs.h */
| #define PACKAGE_NAME "openvswitch"
| #define PACKAGE_TARNAME "openvswitch"
| #define PACKAGE_VERSION "2.8.1"
| #define PACKAGE_STRING "openvswitch 2.8.1"
| #define PACKAGE_BUGREPORT "bugs@openvswitch.org"
| #define PACKAGE_URL ""
| #define PACKAGE "openvswitch"
| #define VERSION "2.8.1"
| #define STDC_HEADERS 1
| #define HAVE_SYS_TYPES_H 1
| #define HAVE_SYS_STAT_H 1
| #define HAVE_STDLIB_H 1
| #define HAVE_STRING_H 1
| #define HAVE_MEMORY_H 1
| #define HAVE_STRINGS_H 1
| #define HAVE_INTTYPES_H 1
| #define HAVE_STDINT_H 1
| #define HAVE_UNISTD_H 1
| #define __EXTENSIONS__ 1
| #define _ALL_SOURCE 1
| #define _GNU_SOURCE 1
| #define _POSIX_PTHREAD_SEMANTICS 1
| #define _TANDEM_SOURCE 1
| #define HAVE_DLFCN_H 1
| #define LT_OBJDIR ".libs/"
| #define HAVE_DECL_STRERROR_R 1
| #define HAVE_STRERROR_R 1
| #define STRERROR_R_CHAR_P 1
| #define VSTUDIO_DDK 1
| #define HAVE_NETLINK 1
| #define HAVE_OPENSSL 1
| #define HAVE_IF_PACKET 1
| #define HAVE_DECL_SYS_SIGLIST 1
| #define HAVE_STRUCT_STAT_ST_MTIM_TV_NSEC 1
| #define HAVE_STRUCT_MMSGHDR_MSG_LEN 1
| #define HAVE_STRUCT_SOCKADDR_IN6_SIN6_SCOPE_ID 1
| #define HAVE_MLOCKALL 1
| #define HAVE_STRNLEN 1
| #define HAVE_GETLOADAVG 1
| #define HAVE_STATVFS 1
| #define HAVE_GETMNTENT_R 1
| #define HAVE_SENDMMSG 1
| #define HAVE_MNTENT_H 1
| #define HAVE_SYS_STATVFS_H 1
| #define HAVE_LINUX_TYPES_H 1
| #define HAVE_LINUX_IF_ETHER_H 1
| /* end confdefs.h.  */
| #include <stdio.h>
| #ifdef HAVE_SYS_TYPES_H
| # include <sys/types.h>
| #endif
| #ifdef HAVE_SYS_STAT_H
| # include <sys/stat.h>
| #endif
| #ifdef STDC_HEADERS
| # include <stdlib.h>
| # include <stddef.h>
| #else
| # ifdef HAVE_STDLIB_H
| #  include <stdlib.h>
| # endif
| #endif
| #ifdef HAVE_STRING_H
| # if !defined STDC_HEADERS && defined HAVE_MEMORY_H
| #  include <memory.h>
| # endif
| # include <string.h>
| #endif
| #ifdef HAVE_STRINGS_H
| # include <strings.h>
| #endif
| #ifdef HAVE_INTTYPES_H
| # include <inttypes.h>
| #endif
| #ifdef HAVE_STDINT_H
| # include <stdint.h>
| #endif
| #ifdef HAVE_UNISTD_H
| # include <unistd.h>
| #endif
| #include <stdatomic.h>
configure:17822: result: no
configure:17822: checking stdatomic.h presence
configure:17822: gcc -std=gnu99 -E  conftest.c
conftest.c:49:23: fatal error: stdatomic.h: No such file or directory
 #include <stdatomic.h>
                       ^
compilation terminated.
configure:17822: $? = 1
configure: failed program was:
| /* confdefs.h */
| #define PACKAGE_NAME "openvswitch"
| #define PACKAGE_TARNAME "openvswitch"
| #define PACKAGE_VERSION "2.8.1"
| #define PACKAGE_STRING "openvswitch 2.8.1"
| #define PACKAGE_BUGREPORT "bugs@openvswitch.org"
| #define PACKAGE_URL ""
| #define PACKAGE "openvswitch"
| #define VERSION "2.8.1"
| #define STDC_HEADERS 1
| #define HAVE_SYS_TYPES_H 1
| #define HAVE_SYS_STAT_H 1
| #define HAVE_STDLIB_H 1
| #define HAVE_STRING_H 1
| #define HAVE_MEMORY_H 1
| #define HAVE_STRINGS_H 1
| #define HAVE_INTTYPES_H 1
| #define HAVE_STDINT_H 1
| #define HAVE_UNISTD_H 1
| #define __EXTENSIONS__ 1
| #define _ALL_SOURCE 1
| #define _GNU_SOURCE 1
| #define _POSIX_PTHREAD_SEMANTICS 1
| #define _TANDEM_SOURCE 1
| #define HAVE_DLFCN_H 1
| #define LT_OBJDIR ".libs/"
| #define HAVE_DECL_STRERROR_R 1
| #define HAVE_STRERROR_R 1
| #define STRERROR_R_CHAR_P 1
| #define VSTUDIO_DDK 1
| #define HAVE_NETLINK 1
| #define HAVE_OPENSSL 1
| #define HAVE_IF_PACKET 1
| #define HAVE_DECL_SYS_SIGLIST 1
| #define HAVE_STRUCT_STAT_ST_MTIM_TV_NSEC 1
| #define HAVE_STRUCT_MMSGHDR_MSG_LEN 1
| #define HAVE_STRUCT_SOCKADDR_IN6_SIN6_SCOPE_ID 1
| #define HAVE_MLOCKALL 1
| #define HAVE_STRNLEN 1
| #define HAVE_GETLOADAVG 1
| #define HAVE_STATVFS 1
| #define HAVE_GETMNTENT_R 1
| #define HAVE_SENDMMSG 1
| #define HAVE_MNTENT_H 1
| #define HAVE_SYS_STATVFS_H 1
| #define HAVE_LINUX_TYPES_H 1
| #define HAVE_LINUX_IF_ETHER_H 1
| /* end confdefs.h.  */
| #include <stdatomic.h>
configure:17822: result: no
configure:17822: checking for stdatomic.h
configure:17822: result: no
configure:17834: checking for net/if_mib.h
configure:17834: gcc -std=gnu99 -c -g -O2  conftest.c >&5
conftest.c:52:24: fatal error: net/if_mib.h: No such file or directory
 #include <net/if_mib.h>
                        ^
compilation terminated.
configure:17834: $? = 1
configure: failed program was:
| /* confdefs.h */
| #define PACKAGE_NAME "openvswitch"
| #define PACKAGE_TARNAME "openvswitch"
| #define PACKAGE_VERSION "2.8.1"
| #define PACKAGE_STRING "openvswitch 2.8.1"
| #define PACKAGE_BUGREPORT "bugs@openvswitch.org"
| #define PACKAGE_URL ""
| #define PACKAGE "openvswitch"
| #define VERSION "2.8.1"
| #define STDC_HEADERS 1
| #define HAVE_SYS_TYPES_H 1
| #define HAVE_SYS_STAT_H 1
| #define HAVE_STDLIB_H 1
| #define HAVE_STRING_H 1
| #define HAVE_MEMORY_H 1
| #define HAVE_STRINGS_H 1
| #define HAVE_INTTYPES_H 1
| #define HAVE_STDINT_H 1
| #define HAVE_UNISTD_H 1
| #define __EXTENSIONS__ 1
| #define _ALL_SOURCE 1
| #define _GNU_SOURCE 1
| #define _POSIX_PTHREAD_SEMANTICS 1
| #define _TANDEM_SOURCE 1
| #define HAVE_DLFCN_H 1
| #define LT_OBJDIR ".libs/"
| #define HAVE_DECL_STRERROR_R 1
| #define HAVE_STRERROR_R 1
| #define STRERROR_R_CHAR_P 1
| #define VSTUDIO_DDK 1
| #define HAVE_NETLINK 1
| #define HAVE_OPENSSL 1
| #define HAVE_IF_PACKET 1
| #define HAVE_DECL_SYS_SIGLIST 1
| #define HAVE_STRUCT_STAT_ST_MTIM_TV_NSEC 1
| #define HAVE_STRUCT_MMSGHDR_MSG_LEN 1
| #define HAVE_STRUCT_SOCKADDR_IN6_SIN6_SCOPE_ID 1
| #define HAVE_MLOCKALL 1
| #define HAVE_STRNLEN 1
| #define HAVE_GETLOADAVG 1
| #define HAVE_STATVFS 1
| #define HAVE_GETMNTENT_R 1
| #define HAVE_SENDMMSG 1
| #define HAVE_MNTENT_H 1
| #define HAVE_SYS_STATVFS_H 1
| #define HAVE_LINUX_TYPES_H 1
| #define HAVE_LINUX_IF_ETHER_H 1
| /* end confdefs.h.  */
| #include <sys/types.h>
| #include <net/if.h>
| 
| #include <net/if_mib.h>
configure:17834: result: no
configure:17874: checking for library containing backtrace
configure:17905: gcc -std=gnu99 -o conftest -g -O2   conftest.c -lpthread -lrt -lm  >&5
configure:17905: $? = 0
configure:17922: result: none required
configure:17934: checking linux/perf_event.h usability
configure:17934: gcc -std=gnu99 -c -g -O2  conftest.c >&5
configure:17934: $? = 0
configure:17934: result: yes
configure:17934: checking linux/perf_event.h presence
configure:17934: gcc -std=gnu99 -E  conftest.c
configure:17934: $? = 0
configure:17934: result: yes
configure:17934: checking for linux/perf_event.h
configure:17934: result: yes
configure:17946: checking valgrind/valgrind.h usability
configure:17946: gcc -std=gnu99 -c -g -O2  conftest.c >&5
conftest.c:84:31: fatal error: valgrind/valgrind.h: No such file or directory
 #include <valgrind/valgrind.h>
                               ^
compilation terminated.
configure:17946: $? = 1
configure: failed program was:
| /* confdefs.h */
| #define PACKAGE_NAME "openvswitch"
| #define PACKAGE_TARNAME "openvswitch"
| #define PACKAGE_VERSION "2.8.1"
| #define PACKAGE_STRING "openvswitch 2.8.1"
| #define PACKAGE_BUGREPORT "bugs@openvswitch.org"
| #define PACKAGE_URL ""
| #define PACKAGE "openvswitch"
| #define VERSION "2.8.1"
| #define STDC_HEADERS 1
| #define HAVE_SYS_TYPES_H 1
| #define HAVE_SYS_STAT_H 1
| #define HAVE_STDLIB_H 1
| #define HAVE_STRING_H 1
| #define HAVE_MEMORY_H 1
| #define HAVE_STRINGS_H 1
| #define HAVE_INTTYPES_H 1
| #define HAVE_STDINT_H 1
| #define HAVE_UNISTD_H 1
| #define __EXTENSIONS__ 1
| #define _ALL_SOURCE 1
| #define _GNU_SOURCE 1
| #define _POSIX_PTHREAD_SEMANTICS 1
| #define _TANDEM_SOURCE 1
| #define HAVE_DLFCN_H 1
| #define LT_OBJDIR ".libs/"
| #define HAVE_DECL_STRERROR_R 1
| #define HAVE_STRERROR_R 1
| #define STRERROR_R_CHAR_P 1
| #define VSTUDIO_DDK 1
| #define HAVE_NETLINK 1
| #define HAVE_OPENSSL 1
| #define HAVE_IF_PACKET 1
| #define HAVE_DECL_SYS_SIGLIST 1
| #define HAVE_STRUCT_STAT_ST_MTIM_TV_NSEC 1
| #define HAVE_STRUCT_MMSGHDR_MSG_LEN 1
| #define HAVE_STRUCT_SOCKADDR_IN6_SIN6_SCOPE_ID 1
| #define HAVE_MLOCKALL 1
| #define HAVE_STRNLEN 1
| #define HAVE_GETLOADAVG 1
| #define HAVE_STATVFS 1
| #define HAVE_GETMNTENT_R 1
| #define HAVE_SENDMMSG 1
| #define HAVE_MNTENT_H 1
| #define HAVE_SYS_STATVFS_H 1
| #define HAVE_LINUX_TYPES_H 1
| #define HAVE_LINUX_IF_ETHER_H 1
| #define HAVE_BACKTRACE 1
| #define HAVE_LINUX_PERF_EVENT_H 1
| /* end confdefs.h.  */
| #include <stdio.h>
| #ifdef HAVE_SYS_TYPES_H
| # include <sys/types.h>
| #endif
| #ifdef HAVE_SYS_STAT_H
| # include <sys/stat.h>
| #endif
| #ifdef STDC_HEADERS
| # include <stdlib.h>
| # include <stddef.h>
| #else
| # ifdef HAVE_STDLIB_H
| #  include <stdlib.h>
| # endif
| #endif
| #ifdef HAVE_STRING_H
| # if !defined STDC_HEADERS && defined HAVE_MEMORY_H
| #  include <memory.h>
| # endif
| # include <string.h>
| #endif
| #ifdef HAVE_STRINGS_H
| # include <strings.h>
| #endif
| #ifdef HAVE_INTTYPES_H
| # include <inttypes.h>
| #endif
| #ifdef HAVE_STDINT_H
| # include <stdint.h>
| #endif
| #ifdef HAVE_UNISTD_H
| # include <unistd.h>
| #endif
| #include <valgrind/valgrind.h>
configure:17946: result: no
configure:17946: checking valgrind/valgrind.h presence
configure:17946: gcc -std=gnu99 -E  conftest.c
conftest.c:51:31: fatal error: valgrind/valgrind.h: No such file or directory
 #include <valgrind/valgrind.h>
                               ^
compilation terminated.
configure:17946: $? = 1
configure: failed program was:
| /* confdefs.h */
| #define PACKAGE_NAME "openvswitch"
| #define PACKAGE_TARNAME "openvswitch"
| #define PACKAGE_VERSION "2.8.1"
| #define PACKAGE_STRING "openvswitch 2.8.1"
| #define PACKAGE_BUGREPORT "bugs@openvswitch.org"
| #define PACKAGE_URL ""
| #define PACKAGE "openvswitch"
| #define VERSION "2.8.1"
| #define STDC_HEADERS 1
| #define HAVE_SYS_TYPES_H 1
| #define HAVE_SYS_STAT_H 1
| #define HAVE_STDLIB_H 1
| #define HAVE_STRING_H 1
| #define HAVE_MEMORY_H 1
| #define HAVE_STRINGS_H 1
| #define HAVE_INTTYPES_H 1
| #define HAVE_STDINT_H 1
| #define HAVE_UNISTD_H 1
| #define __EXTENSIONS__ 1
| #define _ALL_SOURCE 1
| #define _GNU_SOURCE 1
| #define _POSIX_PTHREAD_SEMANTICS 1
| #define _TANDEM_SOURCE 1
| #define HAVE_DLFCN_H 1
| #define LT_OBJDIR ".libs/"
| #define HAVE_DECL_STRERROR_R 1
| #define HAVE_STRERROR_R 1
| #define STRERROR_R_CHAR_P 1
| #define VSTUDIO_DDK 1
| #define HAVE_NETLINK 1
| #define HAVE_OPENSSL 1
| #define HAVE_IF_PACKET 1
| #define HAVE_DECL_SYS_SIGLIST 1
| #define HAVE_STRUCT_STAT_ST_MTIM_TV_NSEC 1
| #define HAVE_STRUCT_MMSGHDR_MSG_LEN 1
| #define HAVE_STRUCT_SOCKADDR_IN6_SIN6_SCOPE_ID 1
| #define HAVE_MLOCKALL 1
| #define HAVE_STRNLEN 1
| #define HAVE_GETLOADAVG 1
| #define HAVE_STATVFS 1
| #define HAVE_GETMNTENT_R 1
| #define HAVE_SENDMMSG 1
| #define HAVE_MNTENT_H 1
| #define HAVE_SYS_STATVFS_H 1
| #define HAVE_LINUX_TYPES_H 1
| #define HAVE_LINUX_IF_ETHER_H 1
| #define HAVE_BACKTRACE 1
| #define HAVE_LINUX_PERF_EVENT_H 1
| /* end confdefs.h.  */
| #include <valgrind/valgrind.h>
configure:17946: result: no
configure:17946: checking for valgrind/valgrind.h
configure:17946: result: no
configure:17956: checking for connect in -lsocket
configure:17981: gcc -std=gnu99 -o conftest -g -O2   conftest.c -lsocket  -lpthread -lrt -lm  >&5
/usr/bin/ld: cannot find -lsocket
collect2: error: ld returned 1 exit status
configure:17981: $? = 1
configure: failed program was:
| /* confdefs.h */
| #define PACKAGE_NAME "openvswitch"
| #define PACKAGE_TARNAME "openvswitch"
| #define PACKAGE_VERSION "2.8.1"
| #define PACKAGE_STRING "openvswitch 2.8.1"
| #define PACKAGE_BUGREPORT "bugs@openvswitch.org"
| #define PACKAGE_URL ""
| #define PACKAGE "openvswitch"
| #define VERSION "2.8.1"
| #define STDC_HEADERS 1
| #define HAVE_SYS_TYPES_H 1
| #define HAVE_SYS_STAT_H 1
| #define HAVE_STDLIB_H 1
| #define HAVE_STRING_H 1
| #define HAVE_MEMORY_H 1
| #define HAVE_STRINGS_H 1
| #define HAVE_INTTYPES_H 1
| #define HAVE_STDINT_H 1
| #define HAVE_UNISTD_H 1
| #define __EXTENSIONS__ 1
| #define _ALL_SOURCE 1
| #define _GNU_SOURCE 1
| #define _POSIX_PTHREAD_SEMANTICS 1
| #define _TANDEM_SOURCE 1
| #define HAVE_DLFCN_H 1
| #define LT_OBJDIR ".libs/"
| #define HAVE_DECL_STRERROR_R 1
| #define HAVE_STRERROR_R 1
| #define STRERROR_R_CHAR_P 1
| #define VSTUDIO_DDK 1
| #define HAVE_NETLINK 1
| #define HAVE_OPENSSL 1
| #define HAVE_IF_PACKET 1
| #define HAVE_DECL_SYS_SIGLIST 1
| #define HAVE_STRUCT_STAT_ST_MTIM_TV_NSEC 1
| #define HAVE_STRUCT_MMSGHDR_MSG_LEN 1
| #define HAVE_STRUCT_SOCKADDR_IN6_SIN6_SCOPE_ID 1
| #define HAVE_MLOCKALL 1
| #define HAVE_STRNLEN 1
| #define HAVE_GETLOADAVG 1
| #define HAVE_STATVFS 1
| #define HAVE_GETMNTENT_R 1
| #define HAVE_SENDMMSG 1
| #define HAVE_MNTENT_H 1
| #define HAVE_SYS_STATVFS_H 1
| #define HAVE_LINUX_TYPES_H 1
| #define HAVE_LINUX_IF_ETHER_H 1
| #define HAVE_BACKTRACE 1
| #define HAVE_LINUX_PERF_EVENT_H 1
| /* end confdefs.h.  */
| 
| /* Override any GCC internal prototype to avoid an error.
|    Use char because int might match the return type of a GCC
|    builtin and then its argument prototype would still apply.  */
| #ifdef __cplusplus
| extern "C"
| #endif
| char connect ();
| int
| main ()
| {
| return connect ();
|   ;
|   return 0;
| }
configure:17990: result: no
configure:18001: checking for library containing gethostbyname
configure:18032: gcc -std=gnu99 -o conftest -g -O2   conftest.c -lpthread -lrt -lm  >&5
configure:18032: $? = 0
configure:18049: result: none required
configure:18057: checking XenServer release
configure:18069: result: none
configure:18081: checking for groff
configure:18092: result: yes
configure:18102: checking whether gcc -std=gnu99 has <threads.h> that supports thread_local
configure:18119: gcc -std=gnu99 -o conftest -g -O2   conftest.c -lpthread -lrt -lm  >&5
conftest.c:51:21: fatal error: threads.h: No such file or directory
 #include <threads.h>
                     ^
compilation terminated.
configure:18119: $? = 1
configure: failed program was:
| /* confdefs.h */
| #define PACKAGE_NAME "openvswitch"
| #define PACKAGE_TARNAME "openvswitch"
| #define PACKAGE_VERSION "2.8.1"
| #define PACKAGE_STRING "openvswitch 2.8.1"
| #define PACKAGE_BUGREPORT "bugs@openvswitch.org"
| #define PACKAGE_URL ""
| #define PACKAGE "openvswitch"
| #define VERSION "2.8.1"
| #define STDC_HEADERS 1
| #define HAVE_SYS_TYPES_H 1
| #define HAVE_SYS_STAT_H 1
| #define HAVE_STDLIB_H 1
| #define HAVE_STRING_H 1
| #define HAVE_MEMORY_H 1
| #define HAVE_STRINGS_H 1
| #define HAVE_INTTYPES_H 1
| #define HAVE_STDINT_H 1
| #define HAVE_UNISTD_H 1
| #define __EXTENSIONS__ 1
| #define _ALL_SOURCE 1
| #define _GNU_SOURCE 1
| #define _POSIX_PTHREAD_SEMANTICS 1
| #define _TANDEM_SOURCE 1
| #define HAVE_DLFCN_H 1
| #define LT_OBJDIR ".libs/"
| #define HAVE_DECL_STRERROR_R 1
| #define HAVE_STRERROR_R 1
| #define STRERROR_R_CHAR_P 1
| #define VSTUDIO_DDK 1
| #define HAVE_NETLINK 1
| #define HAVE_OPENSSL 1
| #define HAVE_IF_PACKET 1
| #define HAVE_DECL_SYS_SIGLIST 1
| #define HAVE_STRUCT_STAT_ST_MTIM_TV_NSEC 1
| #define HAVE_STRUCT_MMSGHDR_MSG_LEN 1
| #define HAVE_STRUCT_SOCKADDR_IN6_SIN6_SCOPE_ID 1
| #define HAVE_MLOCKALL 1
| #define HAVE_STRNLEN 1
| #define HAVE_GETLOADAVG 1
| #define HAVE_STATVFS 1
| #define HAVE_GETMNTENT_R 1
| #define HAVE_SENDMMSG 1
| #define HAVE_MNTENT_H 1
| #define HAVE_SYS_STATVFS_H 1
| #define HAVE_LINUX_TYPES_H 1
| #define HAVE_LINUX_IF_ETHER_H 1
| #define HAVE_BACKTRACE 1
| #define HAVE_LINUX_PERF_EVENT_H 1
| /* end confdefs.h.  */
| #include <threads.h>
| static thread_local int var;
| int
| main ()
| {
| return var;
|   ;
|   return 0;
| }
configure:18127: result: no
configure:18134: checking whether gcc -std=gnu99 supports __thread
configure:18150: gcc -std=gnu99 -o conftest -g -O2   conftest.c -lpthread -lrt -lm  >&5
configure:18150: $? = 0
configure:18158: result: yes
configure:18166: checking for library containing __atomic_load_8
configure:18197: gcc -std=gnu99 -o conftest -g -O2   conftest.c -lpthread -lrt -lm  >&5
conftest.c:59:6: warning: conflicting types for built-in function '__atomic_load_8' [enabled by default]
 char __atomic_load_8 ();
      ^
/tmp/ccWcbjtM.o: In function `main':
/home/ovs/Desktop/openvswitch-2.8.1/conftest.c:63: undefined reference to `__atomic_load_8'
collect2: error: ld returned 1 exit status
configure:18197: $? = 1
configure: failed program was:
| /* confdefs.h */
| #define PACKAGE_NAME "openvswitch"
| #define PACKAGE_TARNAME "openvswitch"
| #define PACKAGE_VERSION "2.8.1"
| #define PACKAGE_STRING "openvswitch 2.8.1"
| #define PACKAGE_BUGREPORT "bugs@openvswitch.org"
| #define PACKAGE_URL ""
| #define PACKAGE "openvswitch"
| #define VERSION "2.8.1"
| #define STDC_HEADERS 1
| #define HAVE_SYS_TYPES_H 1
| #define HAVE_SYS_STAT_H 1
| #define HAVE_STDLIB_H 1
| #define HAVE_STRING_H 1
| #define HAVE_MEMORY_H 1
| #define HAVE_STRINGS_H 1
| #define HAVE_INTTYPES_H 1
| #define HAVE_STDINT_H 1
| #define HAVE_UNISTD_H 1
| #define __EXTENSIONS__ 1
| #define _ALL_SOURCE 1
| #define _GNU_SOURCE 1
| #define _POSIX_PTHREAD_SEMANTICS 1
| #define _TANDEM_SOURCE 1
| #define HAVE_DLFCN_H 1
| #define LT_OBJDIR ".libs/"
| #define HAVE_DECL_STRERROR_R 1
| #define HAVE_STRERROR_R 1
| #define STRERROR_R_CHAR_P 1
| #define VSTUDIO_DDK 1
| #define HAVE_NETLINK 1
| #define HAVE_OPENSSL 1
| #define HAVE_IF_PACKET 1
| #define HAVE_DECL_SYS_SIGLIST 1
| #define HAVE_STRUCT_STAT_ST_MTIM_TV_NSEC 1
| #define HAVE_STRUCT_MMSGHDR_MSG_LEN 1
| #define HAVE_STRUCT_SOCKADDR_IN6_SIN6_SCOPE_ID 1
| #define HAVE_MLOCKALL 1
| #define HAVE_STRNLEN 1
| #define HAVE_GETLOADAVG 1
| #define HAVE_STATVFS 1
| #define HAVE_GETMNTENT_R 1
| #define HAVE_SENDMMSG 1
| #define HAVE_MNTENT_H 1
| #define HAVE_SYS_STATVFS_H 1
| #define HAVE_LINUX_TYPES_H 1
| #define HAVE_LINUX_IF_ETHER_H 1
| #define HAVE_BACKTRACE 1
| #define HAVE_LINUX_PERF_EVENT_H 1
| #define HAVE___THREAD 1
| /* end confdefs.h.  */
| 
| /* Override any GCC internal prototype to avoid an error.
|    Use char because int might match the return type of a GCC
|    builtin and then its argument prototype would still apply.  */
| #ifdef __cplusplus
| extern "C"
| #endif
| char __atomic_load_8 ();
| int
| main ()
| {
| return __atomic_load_8 ();
|   ;
|   return 0;
| }
configure:18197: gcc -std=gnu99 -o conftest -g -O2   conftest.c -latomic  -lpthread -lrt -lm  >&5
conftest.c:59:6: warning: conflicting types for built-in function '__atomic_load_8' [enabled by default]
 char __atomic_load_8 ();
      ^
configure:18197: $? = 0
configure:18214: result: -latomic
configure:18222: checking whether gcc -std=gnu99 supports GCC 4.0+ atomic built-ins
configure:18289: gcc -std=gnu99 -o conftest -g -O2   conftest.c -latomic -lpthread -lrt -lm  >&5
configure:18289: $? = 0
configure:18297: result: yes
configure:18304: checking value of __atomic_always_lock_free(1)
configure:18309: gcc -std=gnu99 -o conftest -g -O2   conftest.c -latomic -lpthread -lrt -lm  >&5
configure:18309: $? = 0
configure:18309: ./conftest
configure:18309: $? = 0
configure:18316: result: 1
configure:18325: checking value of __atomic_always_lock_free(2)
configure:18330: gcc -std=gnu99 -o conftest -g -O2   conftest.c -latomic -lpthread -lrt -lm  >&5
configure:18330: $? = 0
configure:18330: ./conftest
configure:18330: $? = 0
configure:18337: result: 1
configure:18346: checking value of __atomic_always_lock_free(4)
configure:18351: gcc -std=gnu99 -o conftest -g -O2   conftest.c -latomic -lpthread -lrt -lm  >&5
configure:18351: $? = 0
configure:18351: ./conftest
configure:18351: $? = 0
configure:18358: result: 1
configure:18367: checking value of __atomic_always_lock_free(8)
configure:18372: gcc -std=gnu99 -o conftest -g -O2   conftest.c -latomic -lpthread -lrt -lm  >&5
configure:18372: $? = 0
configure:18372: ./conftest
configure:18372: $? = 0
configure:18379: result: 1
configure:18388: checking for library containing aio_write
configure:18419: gcc -std=gnu99 -o conftest -g -O2   conftest.c -latomic -lpthread -lrt -lm  >&5
configure:18419: $? = 0
configure:18436: result: none required
configure:18454: checking for pthread_set_name_np
configure:18454: gcc -std=gnu99 -o conftest -g -O2   conftest.c -latomic -lpthread -lrt -lm  >&5
/tmp/ccmU7Llk.o: In function `main':
/home/ovs/Desktop/openvswitch-2.8.1/conftest.c:91: undefined reference to `pthread_set_name_np'
collect2: error: ld returned 1 exit status
configure:18454: $? = 1
configure: failed program was:
| /* confdefs.h */
| #define PACKAGE_NAME "openvswitch"
| #define PACKAGE_TARNAME "openvswitch"
| #define PACKAGE_VERSION "2.8.1"
| #define PACKAGE_STRING "openvswitch 2.8.1"
| #define PACKAGE_BUGREPORT "bugs@openvswitch.org"
| #define PACKAGE_URL ""
| #define PACKAGE "openvswitch"
| #define VERSION "2.8.1"
| #define STDC_HEADERS 1
| #define HAVE_SYS_TYPES_H 1
| #define HAVE_SYS_STAT_H 1
| #define HAVE_STDLIB_H 1
| #define HAVE_STRING_H 1
| #define HAVE_MEMORY_H 1
| #define HAVE_STRINGS_H 1
| #define HAVE_INTTYPES_H 1
| #define HAVE_STDINT_H 1
| #define HAVE_UNISTD_H 1
| #define __EXTENSIONS__ 1
| #define _ALL_SOURCE 1
| #define _GNU_SOURCE 1
| #define _POSIX_PTHREAD_SEMANTICS 1
| #define _TANDEM_SOURCE 1
| #define HAVE_DLFCN_H 1
| #define LT_OBJDIR ".libs/"
| #define HAVE_DECL_STRERROR_R 1
| #define HAVE_STRERROR_R 1
| #define STRERROR_R_CHAR_P 1
| #define VSTUDIO_DDK 1
| #define HAVE_NETLINK 1
| #define HAVE_OPENSSL 1
| #define HAVE_IF_PACKET 1
| #define HAVE_DECL_SYS_SIGLIST 1
| #define HAVE_STRUCT_STAT_ST_MTIM_TV_NSEC 1
| #define HAVE_STRUCT_MMSGHDR_MSG_LEN 1
| #define HAVE_STRUCT_SOCKADDR_IN6_SIN6_SCOPE_ID 1
| #define HAVE_MLOCKALL 1
| #define HAVE_STRNLEN 1
| #define HAVE_GETLOADAVG 1
| #define HAVE_STATVFS 1
| #define HAVE_GETMNTENT_R 1
| #define HAVE_SENDMMSG 1
| #define HAVE_MNTENT_H 1
| #define HAVE_SYS_STATVFS_H 1
| #define HAVE_LINUX_TYPES_H 1
| #define HAVE_LINUX_IF_ETHER_H 1
| #define HAVE_BACKTRACE 1
| #define HAVE_LINUX_PERF_EVENT_H 1
| #define HAVE___THREAD 1
| #define HAVE_GCC4_ATOMICS 1
| #define ATOMIC_ALWAYS_LOCK_FREE_1B 1
| #define ATOMIC_ALWAYS_LOCK_FREE_2B 1
| #define ATOMIC_ALWAYS_LOCK_FREE_4B 1
| #define ATOMIC_ALWAYS_LOCK_FREE_8B 1
| /* end confdefs.h.  */
| /* Define pthread_set_name_np to an innocuous variant, in case <limits.h> declares pthread_set_name_np.
|    For example, HP-UX 11i <limits.h> declares gettimeofday.  */
| #define pthread_set_name_np innocuous_pthread_set_name_np
| 
| /* System header to define __stub macros and hopefully few prototypes,
|     which can conflict with char pthread_set_name_np (); below.
|     Prefer <limits.h> to <assert.h> if __STDC__ is defined, since
|     <limits.h> exists even on freestanding compilers.  */
| 
| #ifdef __STDC__
| # include <limits.h>
| #else
| # include <assert.h>
| #endif
| 
| #undef pthread_set_name_np
| 
| /* Override any GCC internal prototype to avoid an error.
|    Use char because int might match the return type of a GCC
|    builtin and then its argument prototype would still apply.  */
| #ifdef __cplusplus
| extern "C"
| #endif
| char pthread_set_name_np ();
| /* The GNU C library defines this for functions which it implements
|     to always fail with ENOSYS.  Some functions are actually named
|     something starting with __ and the normal name is an alias.  */
| #if defined __stub_pthread_set_name_np || defined __stub___pthread_set_name_np
| choke me
| #endif
| 
| int
| main ()
| {
| return pthread_set_name_np ();
|   ;
|   return 0;
| }
configure:18454: result: no
configure:18464: checking for pthread_setname_np() variant
configure:18481: gcc -std=gnu99 -o conftest -g -O2   conftest.c -latomic -lpthread -lrt -lm  >&5
configure:18481: $? = 0
configure:18507: result: glibc
configure:18522: checking whether __linux__ is defined
configure:18538: gcc -std=gnu99 -c -g -O2  conftest.c >&5
configure:18538: $? = 0
configure:18545: result: true
configure:18555: checking linker output version information
configure:18563: result: libX-2.8.so.0.0.1)
configure:18593: checking whether g++ supports C++11 features by default
configure:18887: g++ -c -g -O2  conftest.cpp >&5
conftest.cpp:69:2: error: #error "This is not a C++11 compiler"
 #error "This is not a C++11 compiler"
  ^
configure:18887: $? = 1
configure: failed program was:
| /* confdefs.h */
| #define PACKAGE_NAME "openvswitch"
| #define PACKAGE_TARNAME "openvswitch"
| #define PACKAGE_VERSION "2.8.1"
| #define PACKAGE_STRING "openvswitch 2.8.1"
| #define PACKAGE_BUGREPORT "bugs@openvswitch.org"
| #define PACKAGE_URL ""
| #define PACKAGE "openvswitch"
| #define VERSION "2.8.1"
| #define STDC_HEADERS 1
| #define HAVE_SYS_TYPES_H 1
| #define HAVE_SYS_STAT_H 1
| #define HAVE_STDLIB_H 1
| #define HAVE_STRING_H 1
| #define HAVE_MEMORY_H 1
| #define HAVE_STRINGS_H 1
| #define HAVE_INTTYPES_H 1
| #define HAVE_STDINT_H 1
| #define HAVE_UNISTD_H 1
| #define __EXTENSIONS__ 1
| #define _ALL_SOURCE 1
| #define _GNU_SOURCE 1
| #define _POSIX_PTHREAD_SEMANTICS 1
| #define _TANDEM_SOURCE 1
| #define HAVE_DLFCN_H 1
| #define LT_OBJDIR ".libs/"
| #define HAVE_DECL_STRERROR_R 1
| #define HAVE_STRERROR_R 1
| #define STRERROR_R_CHAR_P 1
| #define VSTUDIO_DDK 1
| #define HAVE_NETLINK 1
| #define HAVE_OPENSSL 1
| #define HAVE_IF_PACKET 1
| #define HAVE_DECL_SYS_SIGLIST 1
| #define HAVE_STRUCT_STAT_ST_MTIM_TV_NSEC 1
| #define HAVE_STRUCT_MMSGHDR_MSG_LEN 1
| #define HAVE_STRUCT_SOCKADDR_IN6_SIN6_SCOPE_ID 1
| #define HAVE_MLOCKALL 1
| #define HAVE_STRNLEN 1
| #define HAVE_GETLOADAVG 1
| #define HAVE_STATVFS 1
| #define HAVE_GETMNTENT_R 1
| #define HAVE_SENDMMSG 1
| #define HAVE_MNTENT_H 1
| #define HAVE_SYS_STATVFS_H 1
| #define HAVE_LINUX_TYPES_H 1
| #define HAVE_LINUX_IF_ETHER_H 1
| #define HAVE_BACKTRACE 1
| #define HAVE_LINUX_PERF_EVENT_H 1
| #define HAVE___THREAD 1
| #define HAVE_GCC4_ATOMICS 1
| #define ATOMIC_ALWAYS_LOCK_FREE_1B 1
| #define ATOMIC_ALWAYS_LOCK_FREE_2B 1
| #define ATOMIC_ALWAYS_LOCK_FREE_4B 1
| #define ATOMIC_ALWAYS_LOCK_FREE_8B 1
| #define HAVE_GLIBC_PTHREAD_SETNAME_NP 1
| /* end confdefs.h.  */
| 
| 
| // If the compiler admits that it is not ready for C++11, why torture it?
| // Hopefully, this will speed up the test.
| 
| #ifndef __cplusplus
| 
| #error "This is not a C++ compiler"
| 
| #elif __cplusplus < 201103L
| 
| #error "This is not a C++11 compiler"
| 
| #else
| 
| namespace cxx11
| {
| 
|   namespace test_static_assert
|   {
| 
|     template <typename T>
|     struct check
|     {
|       static_assert(sizeof(int) <= sizeof(T), "not big enough");
|     };
| 
|   }
| 
|   namespace test_final_override
|   {
| 
|     struct Base
|     {
|       virtual void f() {}
|     };
| 
|     struct Derived : public Base
|     {
|       virtual void f() override {}
|     };
| 
|   }
| 
|   namespace test_double_right_angle_brackets
|   {
| 
|     template < typename T >
|     struct check {};
| 
|     typedef check<void> single_type;
|     typedef check<check<void>> double_type;
|     typedef check<check<check<void>>> triple_type;
|     typedef check<check<check<check<void>>>> quadruple_type;
| 
|   }
| 
|   namespace test_decltype
|   {
| 
|     int
|     f()
|     {
|       int a = 1;
|       decltype(a) b = 2;
|       return a + b;
|     }
| 
|   }
| 
|   namespace test_type_deduction
|   {
| 
|     template < typename T1, typename T2 >
|     struct is_same
|     {
|       static const bool value = false;
|     };
| 
|     template < typename T >
|     struct is_same<T, T>
|     {
|       static const bool value = true;
|     };
| 
|     template < typename T1, typename T2 >
|     auto
|     add(T1 a1, T2 a2) -> decltype(a1 + a2)
|     {
|       return a1 + a2;
|     }
| 
|     int
|     test(const int c, volatile int v)
|     {
|       static_assert(is_same<int, decltype(0)>::value == true, "");
|       static_assert(is_same<int, decltype(c)>::value == false, "");
|       static_assert(is_same<int, decltype(v)>::value == false, "");
|       auto ac = c;
|       auto av = v;
|       auto sumi = ac + av + 'x';
|       auto sumf = ac + av + 1.0;
|       static_assert(is_same<int, decltype(ac)>::value == true, "");
|       static_assert(is_same<int, decltype(av)>::value == true, "");
|       static_assert(is_same<int, decltype(sumi)>::value == true, "");
|       static_assert(is_same<int, decltype(sumf)>::value == false, "");
|       static_assert(is_same<int, decltype(add(c, v))>::value == true, "");
|       return (sumf > 0.0) ? sumi : add(c, v);
|     }
| 
|   }
| 
|   namespace test_noexcept
|   {
| 
|     int f() { return 0; }
|     int g() noexcept { return 0; }
| 
|     static_assert(noexcept(f()) == false, "");
|     static_assert(noexcept(g()) == true, "");
| 
|   }
| 
|   namespace test_constexpr
|   {
| 
|     template < typename CharT >
|     unsigned long constexpr
|     strlen_c_r(const CharT *const s, const unsigned long acc) noexcept
|     {
|       return *s ? strlen_c_r(s + 1, acc + 1) : acc;
|     }
| 
|     template < typename CharT >
|     unsigned long constexpr
|     strlen_c(const CharT *const s) noexcept
|     {
|       return strlen_c_r(s, 0UL);
|     }
| 
|     static_assert(strlen_c("") == 0UL, "");
|     static_assert(strlen_c("1") == 1UL, "");
|     static_assert(strlen_c("example") == 7UL, "");
|     static_assert(strlen_c("another\0example") == 7UL, "");
| 
|   }
| 
|   namespace test_rvalue_references
|   {
| 
|     template < int N >
|     struct answer
|     {
|       static constexpr int value = N;
|     };
| 
|     answer<1> f(int&)       { return answer<1>(); }
|     answer<2> f(const int&) { return answer<2>(); }
|     answer<3> f(int&&)      { return answer<3>(); }
| 
|     void
|     test()
|     {
|       int i = 0;
|       const int c = 0;
|       static_assert(decltype(f(i))::value == 1, "");
|       static_assert(decltype(f(c))::value == 2, "");
|       static_assert(decltype(f(0))::value == 3, "");
|     }
| 
|   }
| 
|   namespace test_uniform_initialization
|   {
| 
|     struct test
|     {
|       static const int zero {};
|       static const int one {1};
|     };
| 
|     static_assert(test::zero == 0, "");
|     static_assert(test::one == 1, "");
| 
|   }
| 
|   namespace test_lambdas
|   {
| 
|     void
|     test1()
|     {
|       auto lambda1 = [](){};
|       auto lambda2 = lambda1;
|       lambda1();
|       lambda2();
|     }
| 
|     int
|     test2()
|     {
|       auto a = [](int i, int j){ return i + j; }(1, 2);
|       auto b = []() -> int { return '0'; }();
|       auto c = [=](){ return a + b; }();
|       auto d = [&](){ return c; }();
|       auto e = [a, &b](int x) mutable {
|         const auto identity = [](int y){ return y; };
|         for (auto i = 0; i < a; ++i)
|           a += b--;
|         return x + identity(a + b);
|       }(0);
|       return a + b + c + d + e;
|     }
| 
|     int
|     test3()
|     {
|       const auto nullary = [](){ return 0; };
|       const auto unary = [](int x){ return x; };
|       using nullary_t = decltype(nullary);
|       using unary_t = decltype(unary);
|       const auto higher1st = [](nullary_t f){ return f(); };
|       const auto higher2nd = [unary](nullary_t f1){
|         return [unary, f1](unary_t f2){ return f2(unary(f1())); };
|       };
|       return higher1st(nullary) + higher2nd(nullary)(unary);
|     }
| 
|   }
| 
|   namespace test_variadic_templates
|   {
| 
|     template <int...>
|     struct sum;
| 
|     template <int N0, int... N1toN>
|     struct sum<N0, N1toN...>
|     {
|       static constexpr auto value = N0 + sum<N1toN...>::value;
|     };
| 
|     template <>
|     struct sum<>
|     {
|       static constexpr auto value = 0;
|     };
| 
|     static_assert(sum<>::value == 0, "");
|     static_assert(sum<1>::value == 1, "");
|     static_assert(sum<23>::value == 23, "");
|     static_assert(sum<1, 2>::value == 3, "");
|     static_assert(sum<5, 5, 11>::value == 21, "");
|     static_assert(sum<2, 3, 5, 7, 11, 13>::value == 41, "");
| 
|   }
| 
|   // http://stackoverflow.com/questions/13728184/template-aliases-and-sfinae
|   // Clang 3.1 fails with headers of libstd++ 4.8.3 when using std::function
|   // because of this.
|   namespace test_template_alias_sfinae
|   {
| 
|     struct foo {};
| 
|     template<typename T>
|     using member = typename T::member_type;
| 
|     template<typename T>
|     void func(...) {}
| 
|     template<typename T>
|     void func(member<T>*) {}
| 
|     void test();
| 
|     void test() { func<foo>(0); }
| 
|   }
| 
| }  // namespace cxx11
| 
| #endif  // __cplusplus >= 201103L
| 
| 
| 
configure:18894: result: no
configure:18904: checking whether g++ supports C++11 features with -std=gnu++11
configure:19200: g++ -std=gnu++11 -c -g -O2  conftest.cpp >&5
configure:19200: $? = 0
configure:19209: result: yes
configure:19584: checking for working posix_memalign
configure:19608: gcc -std=gnu99 -o conftest -g -O2   conftest.c -latomic -lpthread -lrt -lm  >&5
configure:19608: $? = 0
configure:19608: ./conftest
configure:19608: $? = 0
configure:19618: result: yes
configure:19629: checking whether the preprocessor supports include_next
configure:19667: gcc -std=gnu99 -c -g -O2  -Iconftestd1b -Iconftestd2 conftest.c >&5
configure:19667: $? = 0
configure:19688: result: yes
configure:19709: checking whether system header files limit the line length
configure:19732: result: no
configure:19758: checking for stdio.h
configure:19758: gcc -std=gnu99 -c -g -O2  conftest.c >&5
configure:19758: $? = 0
configure:19758: result: yes
configure:19758: checking for string.h
configure:19758: result: yes
configure:19923: checking whether gcc -std=gnu99 accepts -Werror
configure:19934: gcc -std=gnu99 -c -g -O2  -Werror  conftest.c >&5
configure:19934: $? = 0
configure:19947: result: yes
configure:19956: checking whether gcc -std=gnu99 accepts -Wall
configure:19967: gcc -std=gnu99 -c -g -O2 -Werror -Wall  conftest.c >&5
configure:19967: $? = 0
configure:19980: result: yes
configure:19990: checking whether gcc -std=gnu99 accepts -Wextra
configure:20001: gcc -std=gnu99 -c -g -O2 -Werror -Wextra  conftest.c >&5
configure:20001: $? = 0
configure:20014: result: yes
configure:20024: checking whether gcc -std=gnu99 accepts -Wno-sign-compare
configure:20035: gcc -std=gnu99 -c -g -O2 -Werror -Wno-sign-compare  conftest.c >&5
configure:20035: $? = 0
configure:20048: result: yes
configure:20058: checking whether gcc -std=gnu99 accepts -Wpointer-arith
configure:20069: gcc -std=gnu99 -c -g -O2 -Werror -Wpointer-arith  conftest.c >&5
configure:20069: $? = 0
configure:20082: result: yes
configure:20092: checking whether gcc -std=gnu99 accepts -Wformat -Wformat-security
configure:20103: gcc -std=gnu99 -c -g -O2 -Werror -Wformat -Wformat-security  conftest.c >&5
configure:20103: $? = 0
configure:20116: result: yes
configure:20126: checking whether gcc -std=gnu99 accepts -Wswitch-enum
configure:20137: gcc -std=gnu99 -c -g -O2 -Werror -Wswitch-enum  conftest.c >&5
configure:20137: $? = 0
configure:20150: result: yes
configure:20160: checking whether gcc -std=gnu99 accepts -Wunused-parameter
configure:20171: gcc -std=gnu99 -c -g -O2 -Werror -Wunused-parameter  conftest.c >&5
configure:20171: $? = 0
configure:20184: result: yes
configure:20194: checking whether gcc -std=gnu99 accepts -Wbad-function-cast
configure:20205: gcc -std=gnu99 -c -g -O2 -Werror -Wbad-function-cast  conftest.c >&5
configure:20205: $? = 0
configure:20218: result: yes
configure:20228: checking whether gcc -std=gnu99 accepts -Wcast-align
configure:20239: gcc -std=gnu99 -c -g -O2 -Werror -Wcast-align  conftest.c >&5
configure:20239: $? = 0
configure:20252: result: yes
configure:20262: checking whether gcc -std=gnu99 accepts -Wstrict-prototypes
configure:20273: gcc -std=gnu99 -c -g -O2 -Werror -Wstrict-prototypes  conftest.c >&5
configure:20273: $? = 0
configure:20286: result: yes
configure:20296: checking whether gcc -std=gnu99 accepts -Wold-style-definition
configure:20307: gcc -std=gnu99 -c -g -O2 -Werror -Wold-style-definition  conftest.c >&5
configure:20307: $? = 0
configure:20320: result: yes
configure:20330: checking whether gcc -std=gnu99 accepts -Wmissing-prototypes
configure:20341: gcc -std=gnu99 -c -g -O2 -Werror -Wmissing-prototypes  conftest.c >&5
configure:20341: $? = 0
configure:20354: result: yes
configure:20364: checking whether gcc -std=gnu99 accepts -Wmissing-field-initializers
configure:20375: gcc -std=gnu99 -c -g -O2 -Werror -Wmissing-field-initializers  conftest.c >&5
configure:20375: $? = 0
configure:20388: result: yes
configure:20398: checking whether gcc -std=gnu99 accepts -Wthread-safety
configure:20409: gcc -std=gnu99 -c -g -O2 -Werror -Wthread-safety  conftest.c >&5
gcc: error: unrecognized command line option '-Wthread-safety'
configure:20409: $? = 1
configure: failed program was:
| /* confdefs.h */
| #define PACKAGE_NAME "openvswitch"
| #define PACKAGE_TARNAME "openvswitch"
| #define PACKAGE_VERSION "2.8.1"
| #define PACKAGE_STRING "openvswitch 2.8.1"
| #define PACKAGE_BUGREPORT "bugs@openvswitch.org"
| #define PACKAGE_URL ""
| #define PACKAGE "openvswitch"
| #define VERSION "2.8.1"
| #define STDC_HEADERS 1
| #define HAVE_SYS_TYPES_H 1
| #define HAVE_SYS_STAT_H 1
| #define HAVE_STDLIB_H 1
| #define HAVE_STRING_H 1
| #define HAVE_MEMORY_H 1
| #define HAVE_STRINGS_H 1
| #define HAVE_INTTYPES_H 1
| #define HAVE_STDINT_H 1
| #define HAVE_UNISTD_H 1
| #define __EXTENSIONS__ 1
| #define _ALL_SOURCE 1
| #define _GNU_SOURCE 1
| #define _POSIX_PTHREAD_SEMANTICS 1
| #define _TANDEM_SOURCE 1
| #define HAVE_DLFCN_H 1
| #define LT_OBJDIR ".libs/"
| #define HAVE_DECL_STRERROR_R 1
| #define HAVE_STRERROR_R 1
| #define STRERROR_R_CHAR_P 1
| #define VSTUDIO_DDK 1
| #define HAVE_NETLINK 1
| #define HAVE_OPENSSL 1
| #define HAVE_IF_PACKET 1
| #define HAVE_DECL_SYS_SIGLIST 1
| #define HAVE_STRUCT_STAT_ST_MTIM_TV_NSEC 1
| #define HAVE_STRUCT_MMSGHDR_MSG_LEN 1
| #define HAVE_STRUCT_SOCKADDR_IN6_SIN6_SCOPE_ID 1
| #define HAVE_MLOCKALL 1
| #define HAVE_STRNLEN 1
| #define HAVE_GETLOADAVG 1
| #define HAVE_STATVFS 1
| #define HAVE_GETMNTENT_R 1
| #define HAVE_SENDMMSG 1
| #define HAVE_MNTENT_H 1
| #define HAVE_SYS_STATVFS_H 1
| #define HAVE_LINUX_TYPES_H 1
| #define HAVE_LINUX_IF_ETHER_H 1
| #define HAVE_BACKTRACE 1
| #define HAVE_LINUX_PERF_EVENT_H 1
| #define HAVE___THREAD 1
| #define HAVE_GCC4_ATOMICS 1
| #define ATOMIC_ALWAYS_LOCK_FREE_1B 1
| #define ATOMIC_ALWAYS_LOCK_FREE_2B 1
| #define ATOMIC_ALWAYS_LOCK_FREE_4B 1
| #define ATOMIC_ALWAYS_LOCK_FREE_8B 1
| #define HAVE_GLIBC_PTHREAD_SETNAME_NP 1
| #define HAVE_CXX11 1
| #define HAVE_POSIX_MEMALIGN 1
| #define HAVE_STDIO_H 1
| #define HAVE_STRING_H 1
| /* end confdefs.h.  */
| int x;
configure:20422: result: no
configure:20432: checking whether gcc -std=gnu99 accepts -fno-strict-aliasing
configure:20443: gcc -std=gnu99 -c -g -O2 -Werror -fno-strict-aliasing  conftest.c >&5
configure:20443: $? = 0
configure:20456: result: yes
configure:20466: checking whether gcc -std=gnu99 accepts -Wswitch-bool
configure:20477: gcc -std=gnu99 -c -g -O2 -Werror -Wswitch-bool  conftest.c >&5
gcc: error: unrecognized command line option '-Wswitch-bool'
configure:20477: $? = 1
configure: failed program was:
| /* confdefs.h */
| #define PACKAGE_NAME "openvswitch"
| #define PACKAGE_TARNAME "openvswitch"
| #define PACKAGE_VERSION "2.8.1"
| #define PACKAGE_STRING "openvswitch 2.8.1"
| #define PACKAGE_BUGREPORT "bugs@openvswitch.org"
| #define PACKAGE_URL ""
| #define PACKAGE "openvswitch"
| #define VERSION "2.8.1"
| #define STDC_HEADERS 1
| #define HAVE_SYS_TYPES_H 1
| #define HAVE_SYS_STAT_H 1
| #define HAVE_STDLIB_H 1
| #define HAVE_STRING_H 1
| #define HAVE_MEMORY_H 1
| #define HAVE_STRINGS_H 1
| #define HAVE_INTTYPES_H 1
| #define HAVE_STDINT_H 1
| #define HAVE_UNISTD_H 1
| #define __EXTENSIONS__ 1
| #define _ALL_SOURCE 1
| #define _GNU_SOURCE 1
| #define _POSIX_PTHREAD_SEMANTICS 1
| #define _TANDEM_SOURCE 1
| #define HAVE_DLFCN_H 1
| #define LT_OBJDIR ".libs/"
| #define HAVE_DECL_STRERROR_R 1
| #define HAVE_STRERROR_R 1
| #define STRERROR_R_CHAR_P 1
| #define VSTUDIO_DDK 1
| #define HAVE_NETLINK 1
| #define HAVE_OPENSSL 1
| #define HAVE_IF_PACKET 1
| #define HAVE_DECL_SYS_SIGLIST 1
| #define HAVE_STRUCT_STAT_ST_MTIM_TV_NSEC 1
| #define HAVE_STRUCT_MMSGHDR_MSG_LEN 1
| #define HAVE_STRUCT_SOCKADDR_IN6_SIN6_SCOPE_ID 1
| #define HAVE_MLOCKALL 1
| #define HAVE_STRNLEN 1
| #define HAVE_GETLOADAVG 1
| #define HAVE_STATVFS 1
| #define HAVE_GETMNTENT_R 1
| #define HAVE_SENDMMSG 1
| #define HAVE_MNTENT_H 1
| #define HAVE_SYS_STATVFS_H 1
| #define HAVE_LINUX_TYPES_H 1
| #define HAVE_LINUX_IF_ETHER_H 1
| #define HAVE_BACKTRACE 1
| #define HAVE_LINUX_PERF_EVENT_H 1
| #define HAVE___THREAD 1
| #define HAVE_GCC4_ATOMICS 1
| #define ATOMIC_ALWAYS_LOCK_FREE_1B 1
| #define ATOMIC_ALWAYS_LOCK_FREE_2B 1
| #define ATOMIC_ALWAYS_LOCK_FREE_4B 1
| #define ATOMIC_ALWAYS_LOCK_FREE_8B 1
| #define HAVE_GLIBC_PTHREAD_SETNAME_NP 1
| #define HAVE_CXX11 1
| #define HAVE_POSIX_MEMALIGN 1
| #define HAVE_STDIO_H 1
| #define HAVE_STRING_H 1
| /* end confdefs.h.  */
| int x;
configure:20490: result: no
configure:20500: checking whether gcc -std=gnu99 accepts -Wlogical-not-parentheses
configure:20511: gcc -std=gnu99 -c -g -O2 -Werror -Wlogical-not-parentheses  conftest.c >&5
gcc: error: unrecognized command line option '-Wlogical-not-parentheses'
configure:20511: $? = 1
configure: failed program was:
| /* confdefs.h */
| #define PACKAGE_NAME "openvswitch"
| #define PACKAGE_TARNAME "openvswitch"
| #define PACKAGE_VERSION "2.8.1"
| #define PACKAGE_STRING "openvswitch 2.8.1"
| #define PACKAGE_BUGREPORT "bugs@openvswitch.org"
| #define PACKAGE_URL ""
| #define PACKAGE "openvswitch"
| #define VERSION "2.8.1"
| #define STDC_HEADERS 1
| #define HAVE_SYS_TYPES_H 1
| #define HAVE_SYS_STAT_H 1
| #define HAVE_STDLIB_H 1
| #define HAVE_STRING_H 1
| #define HAVE_MEMORY_H 1
| #define HAVE_STRINGS_H 1
| #define HAVE_INTTYPES_H 1
| #define HAVE_STDINT_H 1
| #define HAVE_UNISTD_H 1
| #define __EXTENSIONS__ 1
| #define _ALL_SOURCE 1
| #define _GNU_SOURCE 1
| #define _POSIX_PTHREAD_SEMANTICS 1
| #define _TANDEM_SOURCE 1
| #define HAVE_DLFCN_H 1
| #define LT_OBJDIR ".libs/"
| #define HAVE_DECL_STRERROR_R 1
| #define HAVE_STRERROR_R 1
| #define STRERROR_R_CHAR_P 1
| #define VSTUDIO_DDK 1
| #define HAVE_NETLINK 1
| #define HAVE_OPENSSL 1
| #define HAVE_IF_PACKET 1
| #define HAVE_DECL_SYS_SIGLIST 1
| #define HAVE_STRUCT_STAT_ST_MTIM_TV_NSEC 1
| #define HAVE_STRUCT_MMSGHDR_MSG_LEN 1
| #define HAVE_STRUCT_SOCKADDR_IN6_SIN6_SCOPE_ID 1
| #define HAVE_MLOCKALL 1
| #define HAVE_STRNLEN 1
| #define HAVE_GETLOADAVG 1
| #define HAVE_STATVFS 1
| #define HAVE_GETMNTENT_R 1
| #define HAVE_SENDMMSG 1
| #define HAVE_MNTENT_H 1
| #define HAVE_SYS_STATVFS_H 1
| #define HAVE_LINUX_TYPES_H 1
| #define HAVE_LINUX_IF_ETHER_H 1
| #define HAVE_BACKTRACE 1
| #define HAVE_LINUX_PERF_EVENT_H 1
| #define HAVE___THREAD 1
| #define HAVE_GCC4_ATOMICS 1
| #define ATOMIC_ALWAYS_LOCK_FREE_1B 1
| #define ATOMIC_ALWAYS_LOCK_FREE_2B 1
| #define ATOMIC_ALWAYS_LOCK_FREE_4B 1
| #define ATOMIC_ALWAYS_LOCK_FREE_8B 1
| #define HAVE_GLIBC_PTHREAD_SETNAME_NP 1
| #define HAVE_CXX11 1
| #define HAVE_POSIX_MEMALIGN 1
| #define HAVE_STDIO_H 1
| #define HAVE_STRING_H 1
| /* end confdefs.h.  */
| int x;
configure:20524: result: no
configure:20534: checking whether gcc -std=gnu99 accepts -Wsizeof-array-argument
configure:20545: gcc -std=gnu99 -c -g -O2 -Werror -Wsizeof-array-argument  conftest.c >&5
gcc: error: unrecognized command line option '-Wsizeof-array-argument'
configure:20545: $? = 1
configure: failed program was:
| /* confdefs.h */
| #define PACKAGE_NAME "openvswitch"
| #define PACKAGE_TARNAME "openvswitch"
| #define PACKAGE_VERSION "2.8.1"
| #define PACKAGE_STRING "openvswitch 2.8.1"
| #define PACKAGE_BUGREPORT "bugs@openvswitch.org"
| #define PACKAGE_URL ""
| #define PACKAGE "openvswitch"
| #define VERSION "2.8.1"
| #define STDC_HEADERS 1
| #define HAVE_SYS_TYPES_H 1
| #define HAVE_SYS_STAT_H 1
| #define HAVE_STDLIB_H 1
| #define HAVE_STRING_H 1
| #define HAVE_MEMORY_H 1
| #define HAVE_STRINGS_H 1
| #define HAVE_INTTYPES_H 1
| #define HAVE_STDINT_H 1
| #define HAVE_UNISTD_H 1
| #define __EXTENSIONS__ 1
| #define _ALL_SOURCE 1
| #define _GNU_SOURCE 1
| #define _POSIX_PTHREAD_SEMANTICS 1
| #define _TANDEM_SOURCE 1
| #define HAVE_DLFCN_H 1
| #define LT_OBJDIR ".libs/"
| #define HAVE_DECL_STRERROR_R 1
| #define HAVE_STRERROR_R 1
| #define STRERROR_R_CHAR_P 1
| #define VSTUDIO_DDK 1
| #define HAVE_NETLINK 1
| #define HAVE_OPENSSL 1
| #define HAVE_IF_PACKET 1
| #define HAVE_DECL_SYS_SIGLIST 1
| #define HAVE_STRUCT_STAT_ST_MTIM_TV_NSEC 1
| #define HAVE_STRUCT_MMSGHDR_MSG_LEN 1
| #define HAVE_STRUCT_SOCKADDR_IN6_SIN6_SCOPE_ID 1
| #define HAVE_MLOCKALL 1
| #define HAVE_STRNLEN 1
| #define HAVE_GETLOADAVG 1
| #define HAVE_STATVFS 1
| #define HAVE_GETMNTENT_R 1
| #define HAVE_SENDMMSG 1
| #define HAVE_MNTENT_H 1
| #define HAVE_SYS_STATVFS_H 1
| #define HAVE_LINUX_TYPES_H 1
| #define HAVE_LINUX_IF_ETHER_H 1
| #define HAVE_BACKTRACE 1
| #define HAVE_LINUX_PERF_EVENT_H 1
| #define HAVE___THREAD 1
| #define HAVE_GCC4_ATOMICS 1
| #define ATOMIC_ALWAYS_LOCK_FREE_1B 1
| #define ATOMIC_ALWAYS_LOCK_FREE_2B 1
| #define ATOMIC_ALWAYS_LOCK_FREE_4B 1
| #define ATOMIC_ALWAYS_LOCK_FREE_8B 1
| #define HAVE_GLIBC_PTHREAD_SETNAME_NP 1
| #define HAVE_CXX11 1
| #define HAVE_POSIX_MEMALIGN 1
| #define HAVE_STDIO_H 1
| #define HAVE_STRING_H 1
| /* end confdefs.h.  */
| int x;
configure:20558: result: no
configure:20568: checking whether gcc -std=gnu99 accepts -Wbool-compare
configure:20579: gcc -std=gnu99 -c -g -O2 -Werror -Wbool-compare  conftest.c >&5
gcc: error: unrecognized command line option '-Wbool-compare'
configure:20579: $? = 1
configure: failed program was:
| /* confdefs.h */
| #define PACKAGE_NAME "openvswitch"
| #define PACKAGE_TARNAME "openvswitch"
| #define PACKAGE_VERSION "2.8.1"
| #define PACKAGE_STRING "openvswitch 2.8.1"
| #define PACKAGE_BUGREPORT "bugs@openvswitch.org"
| #define PACKAGE_URL ""
| #define PACKAGE "openvswitch"
| #define VERSION "2.8.1"
| #define STDC_HEADERS 1
| #define HAVE_SYS_TYPES_H 1
| #define HAVE_SYS_STAT_H 1
| #define HAVE_STDLIB_H 1
| #define HAVE_STRING_H 1
| #define HAVE_MEMORY_H 1
| #define HAVE_STRINGS_H 1
| #define HAVE_INTTYPES_H 1
| #define HAVE_STDINT_H 1
| #define HAVE_UNISTD_H 1
| #define __EXTENSIONS__ 1
| #define _ALL_SOURCE 1
| #define _GNU_SOURCE 1
| #define _POSIX_PTHREAD_SEMANTICS 1
| #define _TANDEM_SOURCE 1
| #define HAVE_DLFCN_H 1
| #define LT_OBJDIR ".libs/"
| #define HAVE_DECL_STRERROR_R 1
| #define HAVE_STRERROR_R 1
| #define STRERROR_R_CHAR_P 1
| #define VSTUDIO_DDK 1
| #define HAVE_NETLINK 1
| #define HAVE_OPENSSL 1
| #define HAVE_IF_PACKET 1
| #define HAVE_DECL_SYS_SIGLIST 1
| #define HAVE_STRUCT_STAT_ST_MTIM_TV_NSEC 1
| #define HAVE_STRUCT_MMSGHDR_MSG_LEN 1
| #define HAVE_STRUCT_SOCKADDR_IN6_SIN6_SCOPE_ID 1
| #define HAVE_MLOCKALL 1
| #define HAVE_STRNLEN 1
| #define HAVE_GETLOADAVG 1
| #define HAVE_STATVFS 1
| #define HAVE_GETMNTENT_R 1
| #define HAVE_SENDMMSG 1
| #define HAVE_MNTENT_H 1
| #define HAVE_SYS_STATVFS_H 1
| #define HAVE_LINUX_TYPES_H 1
| #define HAVE_LINUX_IF_ETHER_H 1
| #define HAVE_BACKTRACE 1
| #define HAVE_LINUX_PERF_EVENT_H 1
| #define HAVE___THREAD 1
| #define HAVE_GCC4_ATOMICS 1
| #define ATOMIC_ALWAYS_LOCK_FREE_1B 1
| #define ATOMIC_ALWAYS_LOCK_FREE_2B 1
| #define ATOMIC_ALWAYS_LOCK_FREE_4B 1
| #define ATOMIC_ALWAYS_LOCK_FREE_8B 1
| #define HAVE_GLIBC_PTHREAD_SETNAME_NP 1
| #define HAVE_CXX11 1
| #define HAVE_POSIX_MEMALIGN 1
| #define HAVE_STDIO_H 1
| #define HAVE_STRING_H 1
| /* end confdefs.h.  */
| int x;
configure:20592: result: no
configure:20602: checking whether gcc -std=gnu99 accepts -Wshift-negative-value
configure:20613: gcc -std=gnu99 -c -g -O2 -Werror -Wshift-negative-value  conftest.c >&5
gcc: error: unrecognized command line option '-Wshift-negative-value'
configure:20613: $? = 1
configure: failed program was:
| /* confdefs.h */
| #define PACKAGE_NAME "openvswitch"
| #define PACKAGE_TARNAME "openvswitch"
| #define PACKAGE_VERSION "2.8.1"
| #define PACKAGE_STRING "openvswitch 2.8.1"
| #define PACKAGE_BUGREPORT "bugs@openvswitch.org"
| #define PACKAGE_URL ""
| #define PACKAGE "openvswitch"
| #define VERSION "2.8.1"
| #define STDC_HEADERS 1
| #define HAVE_SYS_TYPES_H 1
| #define HAVE_SYS_STAT_H 1
| #define HAVE_STDLIB_H 1
| #define HAVE_STRING_H 1
| #define HAVE_MEMORY_H 1
| #define HAVE_STRINGS_H 1
| #define HAVE_INTTYPES_H 1
| #define HAVE_STDINT_H 1
| #define HAVE_UNISTD_H 1
| #define __EXTENSIONS__ 1
| #define _ALL_SOURCE 1
| #define _GNU_SOURCE 1
| #define _POSIX_PTHREAD_SEMANTICS 1
| #define _TANDEM_SOURCE 1
| #define HAVE_DLFCN_H 1
| #define LT_OBJDIR ".libs/"
| #define HAVE_DECL_STRERROR_R 1
| #define HAVE_STRERROR_R 1
| #define STRERROR_R_CHAR_P 1
| #define VSTUDIO_DDK 1
| #define HAVE_NETLINK 1
| #define HAVE_OPENSSL 1
| #define HAVE_IF_PACKET 1
| #define HAVE_DECL_SYS_SIGLIST 1
| #define HAVE_STRUCT_STAT_ST_MTIM_TV_NSEC 1
| #define HAVE_STRUCT_MMSGHDR_MSG_LEN 1
| #define HAVE_STRUCT_SOCKADDR_IN6_SIN6_SCOPE_ID 1
| #define HAVE_MLOCKALL 1
| #define HAVE_STRNLEN 1
| #define HAVE_GETLOADAVG 1
| #define HAVE_STATVFS 1
| #define HAVE_GETMNTENT_R 1
| #define HAVE_SENDMMSG 1
| #define HAVE_MNTENT_H 1
| #define HAVE_SYS_STATVFS_H 1
| #define HAVE_LINUX_TYPES_H 1
| #define HAVE_LINUX_IF_ETHER_H 1
| #define HAVE_BACKTRACE 1
| #define HAVE_LINUX_PERF_EVENT_H 1
| #define HAVE___THREAD 1
| #define HAVE_GCC4_ATOMICS 1
| #define ATOMIC_ALWAYS_LOCK_FREE_1B 1
| #define ATOMIC_ALWAYS_LOCK_FREE_2B 1
| #define ATOMIC_ALWAYS_LOCK_FREE_4B 1
| #define ATOMIC_ALWAYS_LOCK_FREE_8B 1
| #define HAVE_GLIBC_PTHREAD_SETNAME_NP 1
| #define HAVE_CXX11 1
| #define HAVE_POSIX_MEMALIGN 1
| #define HAVE_STDIO_H 1
| #define HAVE_STRING_H 1
| /* end confdefs.h.  */
| int x;
configure:20626: result: no
configure:20636: checking whether gcc -std=gnu99 accepts -Wduplicated-cond
configure:20647: gcc -std=gnu99 -c -g -O2 -Werror -Wduplicated-cond  conftest.c >&5
gcc: error: unrecognized command line option '-Wduplicated-cond'
configure:20647: $? = 1
configure: failed program was:
| /* confdefs.h */
| #define PACKAGE_NAME "openvswitch"
| #define PACKAGE_TARNAME "openvswitch"
| #define PACKAGE_VERSION "2.8.1"
| #define PACKAGE_STRING "openvswitch 2.8.1"
| #define PACKAGE_BUGREPORT "bugs@openvswitch.org"
| #define PACKAGE_URL ""
| #define PACKAGE "openvswitch"
| #define VERSION "2.8.1"
| #define STDC_HEADERS 1
| #define HAVE_SYS_TYPES_H 1
| #define HAVE_SYS_STAT_H 1
| #define HAVE_STDLIB_H 1
| #define HAVE_STRING_H 1
| #define HAVE_MEMORY_H 1
| #define HAVE_STRINGS_H 1
| #define HAVE_INTTYPES_H 1
| #define HAVE_STDINT_H 1
| #define HAVE_UNISTD_H 1
| #define __EXTENSIONS__ 1
| #define _ALL_SOURCE 1
| #define _GNU_SOURCE 1
| #define _POSIX_PTHREAD_SEMANTICS 1
| #define _TANDEM_SOURCE 1
| #define HAVE_DLFCN_H 1
| #define LT_OBJDIR ".libs/"
| #define HAVE_DECL_STRERROR_R 1
| #define HAVE_STRERROR_R 1
| #define STRERROR_R_CHAR_P 1
| #define VSTUDIO_DDK 1
| #define HAVE_NETLINK 1
| #define HAVE_OPENSSL 1
| #define HAVE_IF_PACKET 1
| #define HAVE_DECL_SYS_SIGLIST 1
| #define HAVE_STRUCT_STAT_ST_MTIM_TV_NSEC 1
| #define HAVE_STRUCT_MMSGHDR_MSG_LEN 1
| #define HAVE_STRUCT_SOCKADDR_IN6_SIN6_SCOPE_ID 1
| #define HAVE_MLOCKALL 1
| #define HAVE_STRNLEN 1
| #define HAVE_GETLOADAVG 1
| #define HAVE_STATVFS 1
| #define HAVE_GETMNTENT_R 1
| #define HAVE_SENDMMSG 1
| #define HAVE_MNTENT_H 1
| #define HAVE_SYS_STATVFS_H 1
| #define HAVE_LINUX_TYPES_H 1
| #define HAVE_LINUX_IF_ETHER_H 1
| #define HAVE_BACKTRACE 1
| #define HAVE_LINUX_PERF_EVENT_H 1
| #define HAVE___THREAD 1
| #define HAVE_GCC4_ATOMICS 1
| #define ATOMIC_ALWAYS_LOCK_FREE_1B 1
| #define ATOMIC_ALWAYS_LOCK_FREE_2B 1
| #define ATOMIC_ALWAYS_LOCK_FREE_4B 1
| #define ATOMIC_ALWAYS_LOCK_FREE_8B 1
| #define HAVE_GLIBC_PTHREAD_SETNAME_NP 1
| #define HAVE_CXX11 1
| #define HAVE_POSIX_MEMALIGN 1
| #define HAVE_STDIO_H 1
| #define HAVE_STRING_H 1
| /* end confdefs.h.  */
| int x;
configure:20660: result: no
configure:20670: checking whether gcc -std=gnu99 accepts -Qunused-arguments
configure:20681: gcc -std=gnu99 -c -g -O2 -Werror -Qunused-arguments  conftest.c >&5
gcc: error: unrecognized command line option '-Qunused-arguments'
configure:20681: $? = 1
configure: failed program was:
| /* confdefs.h */
| #define PACKAGE_NAME "openvswitch"
| #define PACKAGE_TARNAME "openvswitch"
| #define PACKAGE_VERSION "2.8.1"
| #define PACKAGE_STRING "openvswitch 2.8.1"
| #define PACKAGE_BUGREPORT "bugs@openvswitch.org"
| #define PACKAGE_URL ""
| #define PACKAGE "openvswitch"
| #define VERSION "2.8.1"
| #define STDC_HEADERS 1
| #define HAVE_SYS_TYPES_H 1
| #define HAVE_SYS_STAT_H 1
| #define HAVE_STDLIB_H 1
| #define HAVE_STRING_H 1
| #define HAVE_MEMORY_H 1
| #define HAVE_STRINGS_H 1
| #define HAVE_INTTYPES_H 1
| #define HAVE_STDINT_H 1
| #define HAVE_UNISTD_H 1
| #define __EXTENSIONS__ 1
| #define _ALL_SOURCE 1
| #define _GNU_SOURCE 1
| #define _POSIX_PTHREAD_SEMANTICS 1
| #define _TANDEM_SOURCE 1
| #define HAVE_DLFCN_H 1
| #define LT_OBJDIR ".libs/"
| #define HAVE_DECL_STRERROR_R 1
| #define HAVE_STRERROR_R 1
| #define STRERROR_R_CHAR_P 1
| #define VSTUDIO_DDK 1
| #define HAVE_NETLINK 1
| #define HAVE_OPENSSL 1
| #define HAVE_IF_PACKET 1
| #define HAVE_DECL_SYS_SIGLIST 1
| #define HAVE_STRUCT_STAT_ST_MTIM_TV_NSEC 1
| #define HAVE_STRUCT_MMSGHDR_MSG_LEN 1
| #define HAVE_STRUCT_SOCKADDR_IN6_SIN6_SCOPE_ID 1
| #define HAVE_MLOCKALL 1
| #define HAVE_STRNLEN 1
| #define HAVE_GETLOADAVG 1
| #define HAVE_STATVFS 1
| #define HAVE_GETMNTENT_R 1
| #define HAVE_SENDMMSG 1
| #define HAVE_MNTENT_H 1
| #define HAVE_SYS_STATVFS_H 1
| #define HAVE_LINUX_TYPES_H 1
| #define HAVE_LINUX_IF_ETHER_H 1
| #define HAVE_BACKTRACE 1
| #define HAVE_LINUX_PERF_EVENT_H 1
| #define HAVE___THREAD 1
| #define HAVE_GCC4_ATOMICS 1
| #define ATOMIC_ALWAYS_LOCK_FREE_1B 1
| #define ATOMIC_ALWAYS_LOCK_FREE_2B 1
| #define ATOMIC_ALWAYS_LOCK_FREE_4B 1
| #define ATOMIC_ALWAYS_LOCK_FREE_8B 1
| #define HAVE_GLIBC_PTHREAD_SETNAME_NP 1
| #define HAVE_CXX11 1
| #define HAVE_POSIX_MEMALIGN 1
| #define HAVE_STDIO_H 1
| #define HAVE_STRING_H 1
| /* end confdefs.h.  */
| int x;
configure:20694: result: no
configure:20704: checking whether gcc -std=gnu99 accepts -Wno-unused
configure:20715: gcc -std=gnu99 -c -g -O2 -Werror -Wno-unused  conftest.c >&5
configure:20715: $? = 0
configure:20728: result: yes
configure:20745: checking whether gcc -std=gnu99 accepts -Wno-unused-parameter
configure:20756: gcc -std=gnu99 -c -g -O2 -Werror -Wno-unused-parameter  conftest.c >&5
configure:20756: $? = 0
configure:20769: result: yes
configure:20802: checking target hint for cgcc
configure:20816: result: x86_64
configure:20901: checking for Linux build directory
configure:20904: result: /lib/modules/3.13.0-32-generic/build
configure:20916: checking for Linux source directory
configure:20950: result: /lib/modules/3.13.0-32-generic/build
configure:20953: checking for kernel version
configure:20965: result: 3.13.11
configure:20997: checking whether src_err, matches in /lib/modules/3.13.0-32-generic/build/arch/x86/include/asm/checksum_32.h
configure:21011: result: no
configure:21027: checking whether ipv6_dst_lookup.*net matches in /lib/modules/3.13.0-32-generic/build/include/net/addrconf.h
configure:21041: result: no
configure:21056: checking whether ipv6_stub matches in /lib/modules/3.13.0-32-generic/build/include/net/addrconf.h
configure:21063: result: yes
configure:21086: checking whether ERR_CAST matches in /lib/modules/3.13.0-32-generic/build/include/linux/err.h
configure:21093: result: yes
configure:21115: checking whether IS_ERR_OR_NULL matches in /lib/modules/3.13.0-32-generic/build/include/linux/err.h
configure:21122: result: yes
configure:21144: checking whether PTR_ERR_OR_ZERO matches in /lib/modules/3.13.0-32-generic/build/include/linux/err.h
configure:21151: result: yes
configure:21174: checking whether eth_hw_addr_random matches in /lib/modules/3.13.0-32-generic/build/include/linux/etherdevice.h
configure:21181: result: yes
configure:21203: checking whether ether_addr_copy matches in /lib/modules/3.13.0-32-generic/build/include/linux/etherdevice.h
configure:21217: result: no
configure:21233: checking whether IFLA_GENEVE_TOS matches in /lib/modules/3.13.0-32-generic/build/include/uapi/linux/if_link.h
configure:21247: result: no
configure:21262: checking whether rtnl_link_stats64 matches in /lib/modules/3.13.0-32-generic/build/include/uapi/linux/if_link.h
configure:21269: result: yes
configure:21291: checking whether rtnl_link_stats64 matches in /lib/modules/3.13.0-32-generic/build/include/linux/if_link.h
configure:21305: result: no
configure:21320: checking whether vlan_set_encap_proto matches in /lib/modules/3.13.0-32-generic/build/include/linux/if_vlan.h
configure:21327: result: yes
configure:21349: checking whether vlan_hwaccel_push_inside matches in /lib/modules/3.13.0-32-generic/build/include/linux/if_vlan.h
configure:21363: result: no
configure:21379: checking whether ipv4_is_multicast matches in /lib/modules/3.13.0-32-generic/build/include/linux/in.h
configure:21386: result: yes
configure:21408: checking whether proto_ports_offset matches in /lib/modules/3.13.0-32-generic/build/include/linux/in.h
configure:21415: result: yes
configure:21437: checking whether __ip_select_ident.*dst_entry matches in /lib/modules/3.13.0-32-generic/build/include/net/ip.h
configure:21444: result: yes
configure:21466: checking whether __ip_select_ident.*net matches in /lib/modules/3.13.0-32-generic/build/include/net/ip.h
configure:21480: result: no
configure:21496: checking whether inet_get_local_port_range.*net matches in /lib/modules/3.13.0-32-generic/build/include/net/ip.h
configure:21503: result: yes
configure:21525: checking whether ip_defrag.*net matches in /lib/modules/3.13.0-32-generic/build/include/net/ip.h
configure:21539: result: no
configure:21554: checking whether ip_do_fragment has parameter net in /lib/modules/3.13.0-32-generic/build/include/net/ip.h
configure:21568: result: no
configure:21583: checking whether ip_local_out has parameter net in /lib/modules/3.13.0-32-generic/build/include/net/ip.h
configure:21597: result: no
configure:21613: checking whether ip_skb_dst_mtu matches in /lib/modules/3.13.0-32-generic/build/include/net/ip.h
configure:21627: result: no
configure:21643: checking whether IPSKB_FRAG_PMTU matches in /lib/modules/3.13.0-32-generic/build/include/net/ip.h
configure:21657: result: no
configure:21672: checking whether __ip_tunnel_change_mtu matches in /lib/modules/3.13.0-32-generic/build/include/net/ip_tunnels.h
configure:21686: result: no
configure:21701: checking whether hashfn.*const matches in /lib/modules/3.13.0-32-generic/build/include/net/inet_frag.h
configure:21715: result: no
configure:21730: checking whether last_in matches in /lib/modules/3.13.0-32-generic/build/include/net/inet_frag.h
configure:21737: result: yes
configure:21759: checking whether inet_frag_evicting matches in /lib/modules/3.13.0-32-generic/build/include/net/inet_frag.h
configure:21773: result: no
configure:21788: checking whether inet_frag_evictor matches in /lib/modules/3.13.0-32-generic/build/include/net/inet_frag.h
configure:21795: result: yes
configure:21817: checking whether inet_frags has member frags_work in /lib/modules/3.13.0-32-generic/build/include/net/inet_frag.h
configure:21831: result: no
configure:21846: checking whether inet_frags has member rwlock in /lib/modules/3.13.0-32-generic/build/include/net/inet_frag.h
configure:21853: result: yes
configure:21875: checking whether inet_frag_queue has member list_evictor in /lib/modules/3.13.0-32-generic/build/include/net/inet_frag.h
configure:21889: result: no
configure:21904: checking whether inet_frag_lru_move matches in /lib/modules/3.13.0-32-generic/build/include/net/inet_frag.h
configure:21911: result: yes
configure:21933: checking whether sub_frag_mem_limit has parameter struct.netns_frags in /lib/modules/3.13.0-32-generic/build/include/net/inet_frag.h
configure:21947: result: no
configure:21962: checking whether void.*inet_frags_init matches in /lib/modules/3.13.0-32-generic/build/include/net/inet_frag.h
configure:21969: result: yes
configure:21991: checking whether vif matches in /lib/modules/3.13.0-32-generic/build/include/net/inetpeer.h
configure:22005: result: no
configure:22022: checking whether ip_tunnel_key has member label in /lib/modules/3.13.0-32-generic/build/include/net/ip_tunnels.h
configure:22088: result: no
configure:22104: checking whether mpls_hdr matches in /lib/modules/3.13.0-32-generic/build/include/net/mpls.h
configure:22127: result: file not found
configure:22133: checking whether sock_create_kern.*net matches in /lib/modules/3.13.0-32-generic/build/include/linux/net.h
configure:22147: result: no
configure:22162: checking whether ndo_fill_metadata_dst matches in /lib/modules/3.13.0-32-generic/build/include/linux/netdevice.h
configure:22176: result: no
configure:22191: checking whether dev_disable_lro matches in /lib/modules/3.13.0-32-generic/build/include/linux/netdevice.h
configure:22198: result: yes
configure:22220: checking whether dev_get_stats matches in /lib/modules/3.13.0-32-generic/build/include/linux/netdevice.h
configure:22227: result: yes
configure:22249: checking whether dev_get_by_index_rcu matches in /lib/modules/3.13.0-32-generic/build/include/linux/netdevice.h
configure:22256: result: yes
configure:22278: checking whether dev_recursion_level matches in /lib/modules/3.13.0-32-generic/build/include/linux/netdevice.h
configure:22292: result: no
configure:22307: checking whether __skb_gso_segment matches in /lib/modules/3.13.0-32-generic/build/include/linux/netdevice.h
configure:22314: result: yes
configure:22336: checking whether can_checksum_protocol matches in /lib/modules/3.13.0-32-generic/build/include/linux/netdevice.h
configure:22343: result: yes
configure:22365: checking whether ndo_get_iflink matches in /lib/modules/3.13.0-32-generic/build/include/linux/netdevice.h
configure:22379: result: no
configure:22394: checking whether ndo_features_check matches in /lib/modules/3.13.0-32-generic/build/include/linux/netdevice.h
configure:22408: result: no
configure:22423: checking whether ndo_add_vxlan_port matches in /lib/modules/3.13.0-32-generic/build/include/linux/netdevice.h
configure:22430: result: yes
configure:22452: checking whether ndo_add_geneve_port matches in /lib/modules/3.13.0-32-generic/build/include/linux/netdevice.h
configure:22466: result: no
configure:22481: checking whether netdev_features_t matches in /lib/modules/3.13.0-32-generic/build/include/linux/netdevice.h
configure:22488: result: yes
configure:22510: checking whether pcpu_sw_netstats.*tstats matches in /lib/modules/3.13.0-32-generic/build/include/linux/netdevice.h
configure:22524: result: no
configure:22539: checking whether netif_needs_gso.*net_device matches in /lib/modules/3.13.0-32-generic/build/include/linux/netdevice.h
configure:22553: result: no
configure:22568: checking whether skb_csum_hwoffload_help matches in /lib/modules/3.13.0-32-generic/build/include/linux/netdevice.h
configure:22582: result: no
configure:22597: checking whether udp_offload matches in /lib/modules/3.13.0-32-generic/build/include/linux/netdevice.h
configure:22604: result: yes
configure:22626: checking whether udp_offload.*uoff matches in /lib/modules/3.13.0-32-generic/build/include/linux/netdevice.h
configure:22640: result: no
configure:22655: checking whether gro_remcsum matches in /lib/modules/3.13.0-32-generic/build/include/linux/netdevice.h
configure:22669: result: no
configure:22684: checking whether IFF_PHONY_HEADROOM matches in /lib/modules/3.13.0-32-generic/build/include/linux/netdevice.h
configure:22698: result: no
configure:22713: checking whether net_device_ops has member extended in /lib/modules/3.13.0-32-generic/build/include/linux/netdevice.h
configure:22727: result: no
configure:22742: checking whether netdev_master_upper_dev_link has parameter upper_priv in /lib/modules/3.13.0-32-generic/build/include/linux/netdevice.h
configure:22756: result: no
configure:22771: checking whether netdev_master_upper_dev_link_rh matches in /lib/modules/3.13.0-32-generic/build/include/linux/netdevice.h
configure:22785: result: no
configure:22801: checking whether net_device has member max_mtu in /lib/modules/3.13.0-32-generic/build/include/linux/netdevice.h
configure:22815: result: no
configure:22831: checking whether nf_hook_state matches in /lib/modules/3.13.0-32-generic/build/include/linux/netfilter.h
configure:22845: result: no
configure:22860: checking whether nf_register_net_hook matches in /lib/modules/3.13.0-32-generic/build/include/linux/netfilter.h
configure:22874: result: no
configure:22889: checking whether nf_hookfn.*nf_hook_ops matches in /lib/modules/3.13.0-32-generic/build/include/linux/netfilter.h
configure:22896: result: yes
configure:22918: checking whether nf_hookfn has parameter priv in /lib/modules/3.13.0-32-generic/build/include/linux/netfilter.h
configure:22932: result: no
configure:22947: checking whether nf_hook_ops has member owner in /lib/modules/3.13.0-32-generic/build/include/linux/netfilter.h
configure:22954: result: yes
configure:22977: checking whether nf_ipv6_ops has member fragment.*sock in /lib/modules/3.13.0-32-generic/build/include/linux/netfilter_ipv6.h
configure:22991: result: no
configure:23007: checking whether nf_conn has member struct timer_list[ \t]*timeout in /lib/modules/3.13.0-32-generic/build/include/net/netfilter/nf_conntrack.h
configure:23014: result: yes
configure:23036: checking whether nf_ct_delete( matches in /lib/modules/3.13.0-32-generic/build/include/net/netfilter/nf_conntrack.h
configure:23043: result: yes
configure:23066: checking whether nf_ct_tmpl_alloc has parameter nf_conntrack_zone in /lib/modules/3.13.0-32-generic/build/include/net/netfilter/nf_conntrack.h
configure:23080: result: no
configure:23095: checking whether nf_ct_get_tuplepr has parameter struct.net in /lib/modules/3.13.0-32-generic/build/include/net/netfilter/nf_conntrack.h
configure:23109: result: no
configure:23124: checking whether nf_ct_set matches in /lib/modules/3.13.0-32-generic/build/include/net/netfilter/nf_conntrack.h
configure:23138: result: no
configure:23153: checking whether nf_ct_is_untracked matches in /lib/modules/3.13.0-32-generic/build/include/net/netfilter/nf_conntrack.h
configure:23160: result: yes
configure:23182: checking whether nf_ct_zone_init matches in /lib/modules/3.13.0-32-generic/build/include/net/netfilter/nf_conntrack_zones.h
configure:23196: result: no
configure:23211: checking whether nf_connlabels_get matches in /lib/modules/3.13.0-32-generic/build/include/net/netfilter/nf_conntrack_labels.h
configure:23225: result: no
configure:23240: checking whether nf_connlabels_get has parameter int bit in /lib/modules/3.13.0-32-generic/build/include/net/netfilter/nf_conntrack_labels.h
configure:23254: result: no
configure:23269: checking whether nf_conn_labels has member words in /lib/modules/3.13.0-32-generic/build/include/net/netfilter/nf_conntrack_labels.h
configure:23276: result: yes
configure:23298: checking whether nf_ct_nat_ext_add matches in /lib/modules/3.13.0-32-generic/build/include/net/netfilter/nf_nat.h
configure:23312: result: no
configure:23327: checking whether nf_nat_alloc_null_binding matches in /lib/modules/3.13.0-32-generic/build/include/net/netfilter/nf_nat.h
configure:23334: result: yes
configure:23356: checking whether nf_ct_seq_adjust matches in /lib/modules/3.13.0-32-generic/build/include/net/netfilter/nf_conntrack_seqadj.h
configure:23363: result: yes
configure:23386: checking whether prandom_u32 matches in /lib/modules/3.13.0-32-generic/build/include/linux/random.h
configure:23393: result: yes
configure:23415: checking whether prandom_u32_max matches in /lib/modules/3.13.0-32-generic/build/include/linux/random.h
configure:23429: result: no
configure:23445: checking whether get_link_net matches in /lib/modules/3.13.0-32-generic/build/include/net/rtnetlink.h
configure:23459: result: no
configure:23474: checking whether name_assign_type matches in /lib/modules/3.13.0-32-generic/build/include/net/rtnetlink.h
configure:23488: result: no
configure:23503: checking whether rtnl_create_link.*src_net matches in /lib/modules/3.13.0-32-generic/build/include/net/rtnetlink.h
configure:23517: result: no
configure:23532: checking whether possible_net_t matches in /lib/modules/3.13.0-32-generic/build/include/net/net_namespace.h
configure:23546: result: no
configure:23562: checking whether rcu_read_lock_held matches in /lib/modules/3.13.0-32-generic/build/include/linux/rcupdate.h
configure:23569: result: yes
configure:23647: checking whether lockdep_rtnl_is_held matches in /lib/modules/3.13.0-32-generic/build/include/linux/rtnetlink.h
configure:23654: result: yes
configure:23682: checking whether [^@]proto_data_valid matches in /lib/modules/3.13.0-32-generic/build/include/linux/skbuff.h
configure:23696: result: no
configure:23711: checking whether skb_checksum_start_offset matches in /lib/modules/3.13.0-32-generic/build/include/linux/skbuff.h
configure:23718: result: yes
configure:23740: checking whether inner_protocol matches in /lib/modules/3.13.0-32-generic/build/include/linux/skbuff.h
configure:23747: result: yes
configure:23769: checking whether inner_protocol_type matches in /lib/modules/3.13.0-32-generic/build/include/linux/skbuff.h
configure:23783: result: no
configure:23798: checking whether skb_inner_transport_offset matches in /lib/modules/3.13.0-32-generic/build/include/linux/skbuff.h
configure:23812: result: no
configure:23827: checking whether kfree_skb_list matches in /lib/modules/3.13.0-32-generic/build/include/linux/skbuff.h
configure:23834: result: yes
configure:23856: checking whether rxhash matches in /lib/modules/3.13.0-32-generic/build/include/linux/skbuff.h
configure:23863: result: yes
configure:23885: checking whether u16.*rxhash matches in /lib/modules/3.13.0-32-generic/build/include/linux/skbuff.h
configure:23899: result: no
configure:23914: checking whether skb_dst( matches in /lib/modules/3.13.0-32-generic/build/include/linux/skbuff.h
configure:23921: result: yes
configure:23943: checking whether skb_copy_from_linear_data_offset matches in /lib/modules/3.13.0-32-generic/build/include/linux/skbuff.h
configure:23950: result: yes
configure:23972: checking whether skb_reset_tail_pointer matches in /lib/modules/3.13.0-32-generic/build/include/linux/skbuff.h
configure:23979: result: yes
configure:24001: checking whether skb_cow_head matches in /lib/modules/3.13.0-32-generic/build/include/linux/skbuff.h
configure:24008: result: yes
configure:24030: checking whether skb_warn_if_lro matches in /lib/modules/3.13.0-32-generic/build/include/linux/skbuff.h
configure:24037: result: yes
configure:24059: checking whether consume_skb matches in /lib/modules/3.13.0-32-generic/build/include/linux/skbuff.h
configure:24066: result: yes
configure:24088: checking whether skb_frag_page matches in /lib/modules/3.13.0-32-generic/build/include/linux/skbuff.h
configure:24095: result: yes
configure:24117: checking whether skb_has_frag_list matches in /lib/modules/3.13.0-32-generic/build/include/linux/skbuff.h
configure:24124: result: yes
configure:24146: checking whether __skb_fill_page_desc matches in /lib/modules/3.13.0-32-generic/build/include/linux/skbuff.h
configure:24153: result: yes
configure:24175: checking whether skb_reset_mac_len matches in /lib/modules/3.13.0-32-generic/build/include/linux/skbuff.h
configure:24182: result: yes
configure:24204: checking whether skb_unclone matches in /lib/modules/3.13.0-32-generic/build/include/linux/skbuff.h
configure:24211: result: yes
configure:24233: checking whether skb_orphan_frags matches in /lib/modules/3.13.0-32-generic/build/include/linux/skbuff.h
configure:24240: result: yes
configure:24262: checking whether skb_get_hash( matches in /lib/modules/3.13.0-32-generic/build/include/linux/skbuff.h
configure:24269: result: yes
configure:24291: checking whether skb_clear_hash matches in /lib/modules/3.13.0-32-generic/build/include/linux/skbuff.h
configure:24298: result: yes
configure:24320: checking whether int.skb_zerocopy( matches in /lib/modules/3.13.0-32-generic/build/include/linux/skbuff.h
configure:24334: result: no
configure:24349: checking whether u8.*l4_rxhash matches in /lib/modules/3.13.0-32-generic/build/include/linux/skbuff.h
configure:24356: result: yes
configure:24378: checking whether skb_ensure_writable matches in /lib/modules/3.13.0-32-generic/build/include/linux/skbuff.h
configure:24392: result: no
configure:24407: checking whether skb_vlan_pop matches in /lib/modules/3.13.0-32-generic/build/include/linux/skbuff.h
configure:24421: result: no
configure:24436: checking whether __skb_vlan_pop matches in /lib/modules/3.13.0-32-generic/build/include/linux/skbuff.h
configure:24450: result: no
configure:24465: checking whether skb_vlan_push matches in /lib/modules/3.13.0-32-generic/build/include/linux/skbuff.h
configure:24479: result: no
configure:24494: checking whether skb_clear_hash_if_not_l4 matches in /lib/modules/3.13.0-32-generic/build/include/linux/skbuff.h
configure:24501: result: yes
configure:24523: checking whether skb_postpush_rcsum matches in /lib/modules/3.13.0-32-generic/build/include/linux/skbuff.h
configure:24537: result: no
configure:24552: checking whether lco_csum matches in /lib/modules/3.13.0-32-generic/build/include/linux/skbuff.h
configure:24566: result: no
configure:24581: checking whether skb_nfct matches in /lib/modules/3.13.0-32-generic/build/include/linux/skbuff.h
configure:24595: result: no
configure:24610: checking whether skb_put_zero matches in /lib/modules/3.13.0-32-generic/build/include/linux/skbuff.h
configure:24624: result: no
configure:24640: checking whether bool matches in /lib/modules/3.13.0-32-generic/build/include/linux/types.h
configure:24647: result: yes
configure:24669: checking whether __wsum matches in /lib/modules/3.13.0-32-generic/build/include/linux/types.h
configure:24683: result: no
configure:24698: checking whether __wsum matches in /lib/modules/3.13.0-32-generic/build/include/uapi/linux/types.h
configure:24705: result: yes
configure:24728: checking whether csum_replace4 matches in /lib/modules/3.13.0-32-generic/build/include/net/checksum.h
configure:24735: result: yes
configure:24757: checking whether csum_unfold matches in /lib/modules/3.13.0-32-generic/build/include/net/checksum.h
configure:24764: result: yes
configure:24787: checking whether dst_discard_sk matches in /lib/modules/3.13.0-32-generic/build/include/net/dst.h
configure:24801: result: no
configure:24816: checking whether __skb_dst_copy matches in /lib/modules/3.13.0-32-generic/build/include/net/dst.h
configure:24830: result: no
configure:24846: checking whether genl_has_listeners matches in /lib/modules/3.13.0-32-generic/build/include/net/genetlink.h
configure:24860: result: no
configure:24875: checking whether mcgrp_offset matches in /lib/modules/3.13.0-32-generic/build/include/net/genetlink.h
configure:24882: result: yes
configure:24904: checking whether parallel_ops matches in /lib/modules/3.13.0-32-generic/build/include/net/genetlink.h
configure:24911: result: yes
configure:24933: checking whether netlink_has_listeners(net->genl_sock matches in /lib/modules/3.13.0-32-generic/build/include/net/genetlink.h
configure:24947: result: no
configure:24962: checking whether genlmsg_parse matches in /lib/modules/3.13.0-32-generic/build/include/net/genetlink.h
configure:24976: result: no
configure:24991: checking whether genl_notify.*family matches in /lib/modules/3.13.0-32-generic/build/include/net/genetlink.h
configure:24998: result: yes
configure:25020: checking whether genl_notify has parameter net in /lib/modules/3.13.0-32-generic/build/include/net/genetlink.h
configure:25027: result: yes
configure:25051: checking whether genl_multicast_group has member id in /lib/modules/3.13.0-32-generic/build/include/net/genetlink.h
configure:25065: result: no
configure:25080: checking whether geneve_hdr matches in /lib/modules/3.13.0-32-generic/build/include/net/geneve.h
configure:25103: result: file not found
configure:25110: checking whether gre_cisco_register matches in /lib/modules/3.13.0-32-generic/build/include/net/gre.h
configure:25117: result: yes
configure:25139: checking whether gre_handle_offloads matches in /lib/modules/3.13.0-32-generic/build/include/net/gre.h
configure:25146: result: yes
configure:25168: checking whether IP6_FH_F_SKIP_RH matches in /lib/modules/3.13.0-32-generic/build/include/net/ipv6.h
configure:25175: result: yes
configure:25197: checking whether ip6_local_out_sk matches in /lib/modules/3.13.0-32-generic/build/include/net/ipv6.h
configure:25211: result: no
configure:25226: checking whether __ipv6_addr_jhash matches in /lib/modules/3.13.0-32-generic/build/include/net/ipv6.h
configure:25233: result: yes
configure:25255: checking whether rt6i.*u.dst matches in /lib/modules/3.13.0-32-generic/build/include/net/ip6_fib.h
configure:25269: result: no
configure:25284: checking whether ip6_frag.*sock matches in /lib/modules/3.13.0-32-generic/build/include/net/ip6_route.h
configure:25298: result: no
configure:25314: checking whether nla_put_64bit matches in /lib/modules/3.13.0-32-generic/build/include/net/netlink.h
configure:25328: result: no
configure:25343: checking whether nla_get_be16 matches in /lib/modules/3.13.0-32-generic/build/include/net/netlink.h
configure:25350: result: yes
configure:25372: checking whether nla_put_be16 matches in /lib/modules/3.13.0-32-generic/build/include/net/netlink.h
configure:25379: result: yes
configure:25401: checking whether nla_put_be32 matches in /lib/modules/3.13.0-32-generic/build/include/net/netlink.h
configure:25408: result: yes
configure:25430: checking whether nla_put_be64 matches in /lib/modules/3.13.0-32-generic/build/include/net/netlink.h
configure:25437: result: yes
configure:25459: checking whether nla_put_in_addr matches in /lib/modules/3.13.0-32-generic/build/include/net/netlink.h
configure:25473: result: no
configure:25488: checking whether nla_find_nested matches in /lib/modules/3.13.0-32-generic/build/include/net/netlink.h
configure:25495: result: yes
configure:25517: checking whether nla_is_last matches in /lib/modules/3.13.0-32-generic/build/include/net/netlink.h
configure:25531: result: no
configure:25546: checking whether void.*netlink_set_err matches in /lib/modules/3.13.0-32-generic/build/include/linux/netlink.h
configure:25560: result: no
configure:25575: checking whether nla_parse has parameter netlink_ext_ack in /lib/modules/3.13.0-32-generic/build/include/net/netlink.h
configure:25589: result: no
configure:25605: checking whether sctp_compute_cksum matches in /lib/modules/3.13.0-32-generic/build/include/net/sctp/checksum.h
configure:25612: result: yes
configure:25635: checking whether ADD_ALL_VLANS_CMD matches in /lib/modules/3.13.0-32-generic/build/include/linux/if_vlan.h
configure:25649: result: no
configure:25664: checking whether vlan_insert_tag_set_proto matches in /lib/modules/3.13.0-32-generic/build/include/linux/if_vlan.h
configure:25678: result: no
configure:25693: checking whether __vlan_insert_tag matches in /lib/modules/3.13.0-32-generic/build/include/linux/if_vlan.h
configure:25707: result: no
configure:25722: checking whether vlan_get_protocol matches in /lib/modules/3.13.0-32-generic/build/include/linux/if_vlan.h
configure:25729: result: yes
configure:25751: checking whether skb_vlan_tagged matches in /lib/modules/3.13.0-32-generic/build/include/linux/if_vlan.h
configure:25765: result: no
configure:25780: checking whether eth_type_vlan matches in /lib/modules/3.13.0-32-generic/build/include/linux/if_vlan.h
configure:25794: result: no
configure:25810: checking whether metadata_dst_alloc has parameter metadata_type in /lib/modules/3.13.0-32-generic/build/include/net/dst_metadata.h
configure:25833: result: file not found
configure:25840: checking whether u64_stats_fetch_begin_irq matches in /lib/modules/3.13.0-32-generic/build/include/linux/u64_stats_sync.h
configure:25847: result: yes
configure:25870: checking whether struct vxlan_metadata matches in /lib/modules/3.13.0-32-generic/build/include/net/vxlan.h
configure:25884: result: no
configure:25899: checking whether udp_flow_src_port matches in /lib/modules/3.13.0-32-generic/build/include/net/udp.h
configure:25939: result: no
configure:25954: checking whether udp_v4_check matches in /lib/modules/3.13.0-32-generic/build/include/net/udp.h
configure:25968: result: no
configure:25983: checking whether udp_tunnel_gro_complete matches in /lib/modules/3.13.0-32-generic/build/include/net/udp_tunnel.h
configure:26006: result: file not found
configure:26012: checking whether sk_buff.*udp_tunnel_handle_offloads matches in /lib/modules/3.13.0-32-generic/build/include/net/udp_tunnel.h
configure:26035: result: file not found
configure:26041: checking whether udp_tunnel_sock_cfg has member gro_receive in /lib/modules/3.13.0-32-generic/build/include/net/udp_tunnel.h
configure:26064: result: file not found
configure:26071: checking whether ignore_df matches in /lib/modules/3.13.0-32-generic/build/include/linux/skbuff.h
configure:26085: result: no
configure:26100: checking whether NET_NAME_UNKNOWN matches in /lib/modules/3.13.0-32-generic/build/include/uapi/linux/netdevice.h
configure:26114: result: no
configure:26130: checking whether sk_no_check_tx matches in /lib/modules/3.13.0-32-generic/build/include/net/sock.h
configure:26144: result: no
configure:26159: checking whether no_check6_tx matches in /lib/modules/3.13.0-32-generic/build/include/linux/udp.h
configure:26173: result: no
configure:26188: checking whether el6 matches in /lib/modules/3.13.0-32-generic/build/include/linux/utsrelease.h
configure:26211: result: file not found
configure:26217: checking whether udp_add_offload has parameter net in /lib/modules/3.13.0-32-generic/build/include/net/protocol.h
configure:26231: result: no
configure:26246: checking whether nf_defrag_ipv6_enable has parameter net in /lib/modules/3.13.0-32-generic/build/include/net/netfilter/ipv6/nf_defrag_ipv6.h
configure:26260: result: no
configure:26275: checking whether family_list matches in /lib/modules/3.13.0-32-generic/build/include/net/genetlink.h
configure:26282: result: yes
configure:26304: checking whether net_device has member needs_free_netdev in /lib/modules/3.13.0-32-generic/build/include/linux/netdevice.h
configure:26318: result: no
configure:26333: checking whether vxlan_dev has member cfg in /lib/modules/3.13.0-32-generic/build/include/net/vxlan.h
configure:26347: result: no
configure:26362: checking whether nf_conntrack_helper_put matches in /lib/modules/3.13.0-32-generic/build/include/net/netfilter/nf_conntrack_helper.h
configure:26376: result: no
configure:26423: gcc -std=gnu99 -c -g -O2  conftest.c >&5
conftest.c: In function 'main':
conftest.c:68:17: error: 'TCA_ACT_COOKIE' undeclared (first use in this function)
         int x = TCA_ACT_COOKIE;
                 ^
conftest.c:68:17: note: each undeclared identifier is reported only once for each function it appears in
configure:26423: $? = 1
configure: failed program was:
| /* confdefs.h */
| #define PACKAGE_NAME "openvswitch"
| #define PACKAGE_TARNAME "openvswitch"
| #define PACKAGE_VERSION "2.8.1"
| #define PACKAGE_STRING "openvswitch 2.8.1"
| #define PACKAGE_BUGREPORT "bugs@openvswitch.org"
| #define PACKAGE_URL ""
| #define PACKAGE "openvswitch"
| #define VERSION "2.8.1"
| #define STDC_HEADERS 1
| #define HAVE_SYS_TYPES_H 1
| #define HAVE_SYS_STAT_H 1
| #define HAVE_STDLIB_H 1
| #define HAVE_STRING_H 1
| #define HAVE_MEMORY_H 1
| #define HAVE_STRINGS_H 1
| #define HAVE_INTTYPES_H 1
| #define HAVE_STDINT_H 1
| #define HAVE_UNISTD_H 1
| #define __EXTENSIONS__ 1
| #define _ALL_SOURCE 1
| #define _GNU_SOURCE 1
| #define _POSIX_PTHREAD_SEMANTICS 1
| #define _TANDEM_SOURCE 1
| #define HAVE_DLFCN_H 1
| #define LT_OBJDIR ".libs/"
| #define HAVE_DECL_STRERROR_R 1
| #define HAVE_STRERROR_R 1
| #define STRERROR_R_CHAR_P 1
| #define VSTUDIO_DDK 1
| #define HAVE_NETLINK 1
| #define HAVE_OPENSSL 1
| #define HAVE_IF_PACKET 1
| #define HAVE_DECL_SYS_SIGLIST 1
| #define HAVE_STRUCT_STAT_ST_MTIM_TV_NSEC 1
| #define HAVE_STRUCT_MMSGHDR_MSG_LEN 1
| #define HAVE_STRUCT_SOCKADDR_IN6_SIN6_SCOPE_ID 1
| #define HAVE_MLOCKALL 1
| #define HAVE_STRNLEN 1
| #define HAVE_GETLOADAVG 1
| #define HAVE_STATVFS 1
| #define HAVE_GETMNTENT_R 1
| #define HAVE_SENDMMSG 1
| #define HAVE_MNTENT_H 1
| #define HAVE_SYS_STATVFS_H 1
| #define HAVE_LINUX_TYPES_H 1
| #define HAVE_LINUX_IF_ETHER_H 1
| #define HAVE_BACKTRACE 1
| #define HAVE_LINUX_PERF_EVENT_H 1
| #define HAVE___THREAD 1
| #define HAVE_GCC4_ATOMICS 1
| #define ATOMIC_ALWAYS_LOCK_FREE_1B 1
| #define ATOMIC_ALWAYS_LOCK_FREE_2B 1
| #define ATOMIC_ALWAYS_LOCK_FREE_4B 1
| #define ATOMIC_ALWAYS_LOCK_FREE_8B 1
| #define HAVE_GLIBC_PTHREAD_SETNAME_NP 1
| #define HAVE_CXX11 1
| #define HAVE_POSIX_MEMALIGN 1
| #define HAVE_STDIO_H 1
| #define HAVE_STRING_H 1
| /* end confdefs.h.  */
| 
|     #include <linux/pkt_cls.h>
| int
| main ()
| {
| 
|         int x = TCA_ACT_COOKIE;
| 
|   ;
|   return 0;
| }
configure:26444: gcc -std=gnu99 -c -g -O2  conftest.c >&5
conftest.c:63:38: fatal error: linux/tc_act/tc_vlan.h: No such file or directory
     #include <linux/tc_act/tc_vlan.h>
                                      ^
compilation terminated.
configure:26444: $? = 1
configure: failed program was:
| /* confdefs.h */
| #define PACKAGE_NAME "openvswitch"
| #define PACKAGE_TARNAME "openvswitch"
| #define PACKAGE_VERSION "2.8.1"
| #define PACKAGE_STRING "openvswitch 2.8.1"
| #define PACKAGE_BUGREPORT "bugs@openvswitch.org"
| #define PACKAGE_URL ""
| #define PACKAGE "openvswitch"
| #define VERSION "2.8.1"
| #define STDC_HEADERS 1
| #define HAVE_SYS_TYPES_H 1
| #define HAVE_SYS_STAT_H 1
| #define HAVE_STDLIB_H 1
| #define HAVE_STRING_H 1
| #define HAVE_MEMORY_H 1
| #define HAVE_STRINGS_H 1
| #define HAVE_INTTYPES_H 1
| #define HAVE_STDINT_H 1
| #define HAVE_UNISTD_H 1
| #define __EXTENSIONS__ 1
| #define _ALL_SOURCE 1
| #define _GNU_SOURCE 1
| #define _POSIX_PTHREAD_SEMANTICS 1
| #define _TANDEM_SOURCE 1
| #define HAVE_DLFCN_H 1
| #define LT_OBJDIR ".libs/"
| #define HAVE_DECL_STRERROR_R 1
| #define HAVE_STRERROR_R 1
| #define STRERROR_R_CHAR_P 1
| #define VSTUDIO_DDK 1
| #define HAVE_NETLINK 1
| #define HAVE_OPENSSL 1
| #define HAVE_IF_PACKET 1
| #define HAVE_DECL_SYS_SIGLIST 1
| #define HAVE_STRUCT_STAT_ST_MTIM_TV_NSEC 1
| #define HAVE_STRUCT_MMSGHDR_MSG_LEN 1
| #define HAVE_STRUCT_SOCKADDR_IN6_SIN6_SCOPE_ID 1
| #define HAVE_MLOCKALL 1
| #define HAVE_STRNLEN 1
| #define HAVE_GETLOADAVG 1
| #define HAVE_STATVFS 1
| #define HAVE_GETMNTENT_R 1
| #define HAVE_SENDMMSG 1
| #define HAVE_MNTENT_H 1
| #define HAVE_SYS_STATVFS_H 1
| #define HAVE_LINUX_TYPES_H 1
| #define HAVE_LINUX_IF_ETHER_H 1
| #define HAVE_BACKTRACE 1
| #define HAVE_LINUX_PERF_EVENT_H 1
| #define HAVE___THREAD 1
| #define HAVE_GCC4_ATOMICS 1
| #define ATOMIC_ALWAYS_LOCK_FREE_1B 1
| #define ATOMIC_ALWAYS_LOCK_FREE_2B 1
| #define ATOMIC_ALWAYS_LOCK_FREE_4B 1
| #define ATOMIC_ALWAYS_LOCK_FREE_8B 1
| #define HAVE_GLIBC_PTHREAD_SETNAME_NP 1
| #define HAVE_CXX11 1
| #define HAVE_POSIX_MEMALIGN 1
| #define HAVE_STDIO_H 1
| #define HAVE_STRING_H 1
| /* end confdefs.h.  */
| 
|     #include <linux/tc_act/tc_vlan.h>
| int
| main ()
| {
| 
|         int x = TCA_VLAN_PUSH_VLAN_PRIORITY;
| 
|   ;
|   return 0;
| }
configure:26465: gcc -std=gnu99 -c -g -O2  conftest.c >&5
conftest.c:63:44: fatal error: linux/tc_act/tc_tunnel_key.h: No such file or directory
     #include <linux/tc_act/tc_tunnel_key.h>
                                            ^
compilation terminated.
configure:26465: $? = 1
configure: failed program was:
| /* confdefs.h */
| #define PACKAGE_NAME "openvswitch"
| #define PACKAGE_TARNAME "openvswitch"
| #define PACKAGE_VERSION "2.8.1"
| #define PACKAGE_STRING "openvswitch 2.8.1"
| #define PACKAGE_BUGREPORT "bugs@openvswitch.org"
| #define PACKAGE_URL ""
| #define PACKAGE "openvswitch"
| #define VERSION "2.8.1"
| #define STDC_HEADERS 1
| #define HAVE_SYS_TYPES_H 1
| #define HAVE_SYS_STAT_H 1
| #define HAVE_STDLIB_H 1
| #define HAVE_STRING_H 1
| #define HAVE_MEMORY_H 1
| #define HAVE_STRINGS_H 1
| #define HAVE_INTTYPES_H 1
| #define HAVE_STDINT_H 1
| #define HAVE_UNISTD_H 1
| #define __EXTENSIONS__ 1
| #define _ALL_SOURCE 1
| #define _GNU_SOURCE 1
| #define _POSIX_PTHREAD_SEMANTICS 1
| #define _TANDEM_SOURCE 1
| #define HAVE_DLFCN_H 1
| #define LT_OBJDIR ".libs/"
| #define HAVE_DECL_STRERROR_R 1
| #define HAVE_STRERROR_R 1
| #define STRERROR_R_CHAR_P 1
| #define VSTUDIO_DDK 1
| #define HAVE_NETLINK 1
| #define HAVE_OPENSSL 1
| #define HAVE_IF_PACKET 1
| #define HAVE_DECL_SYS_SIGLIST 1
| #define HAVE_STRUCT_STAT_ST_MTIM_TV_NSEC 1
| #define HAVE_STRUCT_MMSGHDR_MSG_LEN 1
| #define HAVE_STRUCT_SOCKADDR_IN6_SIN6_SCOPE_ID 1
| #define HAVE_MLOCKALL 1
| #define HAVE_STRNLEN 1
| #define HAVE_GETLOADAVG 1
| #define HAVE_STATVFS 1
| #define HAVE_GETMNTENT_R 1
| #define HAVE_SENDMMSG 1
| #define HAVE_MNTENT_H 1
| #define HAVE_SYS_STATVFS_H 1
| #define HAVE_LINUX_TYPES_H 1
| #define HAVE_LINUX_IF_ETHER_H 1
| #define HAVE_BACKTRACE 1
| #define HAVE_LINUX_PERF_EVENT_H 1
| #define HAVE___THREAD 1
| #define HAVE_GCC4_ATOMICS 1
| #define ATOMIC_ALWAYS_LOCK_FREE_1B 1
| #define ATOMIC_ALWAYS_LOCK_FREE_2B 1
| #define ATOMIC_ALWAYS_LOCK_FREE_4B 1
| #define ATOMIC_ALWAYS_LOCK_FREE_8B 1
| #define HAVE_GLIBC_PTHREAD_SETNAME_NP 1
| #define HAVE_CXX11 1
| #define HAVE_POSIX_MEMALIGN 1
| #define HAVE_STDIO_H 1
| #define HAVE_STRING_H 1
| /* end confdefs.h.  */
| 
|     #include <linux/tc_act/tc_tunnel_key.h>
| int
| main ()
| {
| 
|         int x = TCA_TUNNEL_KEY_ENC_DST_PORT;
| 
|   ;
|   return 0;
| }
configure:26480: checking whether dpdk datapath is enabled
configure:26483: result: no
configure:26903: gcc -std=gnu99 -c -g -O2  conftest.c >&5
conftest.c:62:1: note: #pragma message: Checking for pragma message
 _Pragma("message(\"Checking for pragma message\")")
 ^
configure:26903: $? = 0
configure:26957: checking whether make supports nested variables
configure:26974: result: yes
configure:27095: checking that generated files are newer than configure
configure:27101: result: done
configure:27224: creating ./config.status

## ---------------------- ##
## Running config.status. ##
## ---------------------- ##

This file was extended by openvswitch config.status 2.8.1, which was
generated by GNU Autoconf 2.69.  Invocation command line was

  CONFIG_FILES    = 
  CONFIG_HEADERS  = 
  CONFIG_LINKS    = 
  CONFIG_COMMANDS = 
  $ ./config.status 

on ubuntu

config.status:1308: creating lib/stdio.h
config.status:1308: creating lib/string.h
config.status:1308: creating ovsdb/libovsdb.sym
config.status:1308: creating ofproto/libofproto.sym
config.status:1308: creating lib/libsflow.sym
config.status:1308: creating lib/libopenvswitch.sym
config.status:1308: creating ovn/lib/libovn.sym
config.status:1308: creating vtep/libvtep.sym
config.status:1308: creating Makefile
config.status:1308: creating datapath/Makefile
config.status:1308: creating datapath/linux/Kbuild
config.status:1308: creating datapath/linux/Makefile
config.status:1308: creating datapath/linux/Makefile.main
config.status:1308: creating tests/atlocal
config.status:1308: creating lib/libopenvswitch.pc
config.status:1308: creating lib/libsflow.pc
config.status:1308: creating ofproto/libofproto.pc
config.status:1308: creating ovsdb/libovsdb.pc
config.status:1308: creating include/openvswitch/version.h
config.status:1308: creating config.h
config.status:1489: config.h is unchanged
config.status:1537: executing tests/atconfig commands
config.status:1537: executing depfiles commands
config.status:1537: executing libtool commands
config.status:1537: executing include/openflow/openflow.h.stamp commands
config.status:1537: executing utilities/bugtool/dummy commands
config.status:1537: executing ovn/dummy commands
config.status:1537: executing ovn/utilities/dummy commands

## ---------------- ##
## Cache variables. ##
## ---------------- ##

ac_cv_build=x86_64-unknown-linux-gnu
ac_cv_c_bigendian=no
ac_cv_c_compiler_gnu=yes
ac_cv_cxx_compiler_gnu=yes
ac_cv_env_CCC_set=
ac_cv_env_CCC_value=
ac_cv_env_CC_set=
ac_cv_env_CC_value=
ac_cv_env_CFLAGS_set=
ac_cv_env_CFLAGS_value=
ac_cv_env_CPPFLAGS_set=
ac_cv_env_CPPFLAGS_value=
ac_cv_env_CPP_set=
ac_cv_env_CPP_value=
ac_cv_env_CXXCPP_set=
ac_cv_env_CXXCPP_value=
ac_cv_env_CXXFLAGS_set=
ac_cv_env_CXXFLAGS_value=
ac_cv_env_CXX_set=
ac_cv_env_CXX_value=
ac_cv_env_DPDK_CFLAGS_set=
ac_cv_env_DPDK_CFLAGS_value=
ac_cv_env_DPDK_LIBS_set=
ac_cv_env_DPDK_LIBS_value=
ac_cv_env_KARCH_set=
ac_cv_env_KARCH_value=
ac_cv_env_LDFLAGS_set=
ac_cv_env_LDFLAGS_value=
ac_cv_env_LIBS_set=
ac_cv_env_LIBS_value=
ac_cv_env_PERL_set=
ac_cv_env_PERL_value=
ac_cv_env_PKG_CONFIG_LIBDIR_set=
ac_cv_env_PKG_CONFIG_LIBDIR_value=
ac_cv_env_PKG_CONFIG_PATH_set=
ac_cv_env_PKG_CONFIG_PATH_value=
ac_cv_env_PKG_CONFIG_set=
ac_cv_env_PKG_CONFIG_value=
ac_cv_env_build_alias_set=
ac_cv_env_build_alias_value=
ac_cv_env_host_alias_set=
ac_cv_env_host_alias_value=
ac_cv_env_target_alias_set=
ac_cv_env_target_alias_value=
ac_cv_func_getloadavg=yes
ac_cv_func_getmntent_r=yes
ac_cv_func_mlockall=yes
ac_cv_func_pthread_set_name_np=no
ac_cv_func_sendmmsg=yes
ac_cv_func_statvfs=yes
ac_cv_func_strerror_r=yes
ac_cv_func_strerror_r_char_p=yes
ac_cv_func_strnlen=yes
ac_cv_have_decl_strerror_r=yes
ac_cv_have_decl_sys_siglist=yes
ac_cv_header_dlfcn_h=yes
ac_cv_header_inttypes_h=yes
ac_cv_header_linux_if_ether_h=yes
ac_cv_header_linux_netlink_h=yes
ac_cv_header_linux_perf_event_h=yes
ac_cv_header_linux_types_h=yes
ac_cv_header_memory_h=yes
ac_cv_header_minix_config_h=no
ac_cv_header_mntent_h=yes
ac_cv_header_net_if_dl_h=no
ac_cv_header_net_if_mib_h=no
ac_cv_header_net_if_packet_h=yes
ac_cv_header_stdatomic_h=no
ac_cv_header_stdc=yes
ac_cv_header_stdint_h=yes
ac_cv_header_stdio_h=yes
ac_cv_header_stdlib_h=yes
ac_cv_header_string_h=yes
ac_cv_header_strings_h=yes
ac_cv_header_sys_stat_h=yes
ac_cv_header_sys_statvfs_h=yes
ac_cv_header_sys_types_h=yes
ac_cv_header_unistd_h=yes
ac_cv_header_valgrind_valgrind_h=no
ac_cv_header_vmware_h=no
ac_cv_header_windows_h=no
ac_cv_host=x86_64-unknown-linux-gnu
ac_cv_lib_cap_ng_capng_clear=no
ac_cv_lib_socket_connect=no
ac_cv_member_struct_ifreq_ifr_flagshigh=no
ac_cv_member_struct_mmsghdr_msg_len=yes
ac_cv_member_struct_sockaddr_in6_sin6_scope_id=yes
ac_cv_member_struct_stat_st_mtim_tv_nsec=yes
ac_cv_member_struct_stat_st_mtimensec=no
ac_cv_objext=o
ac_cv_path_EGREP='/bin/grep -E'
ac_cv_path_FGREP='/bin/grep -F'
ac_cv_path_GREP=/bin/grep
ac_cv_path_PERL=/usr/bin/perl
ac_cv_path_PKG_CONFIG=/usr/local/bin/pkg-config
ac_cv_path_SED=/bin/sed
ac_cv_path_ac_pt_PKG_CONFIG=/usr/local/bin/pkg-config
ac_cv_path_install='/usr/bin/install -c'
ac_cv_path_mkdir=/bin/mkdir
ac_cv_prog_AWK=mawk
ac_cv_prog_CPP='gcc -std=gnu99 -E'
ac_cv_prog_CXXCPP='g++ -E'
ac_cv_prog_ac_ct_AR=ar
ac_cv_prog_ac_ct_CC=gcc
ac_cv_prog_ac_ct_CXX=g++
ac_cv_prog_ac_ct_MANIFEST_TOOL=mt
ac_cv_prog_ac_ct_OBJDUMP=objdump
ac_cv_prog_ac_ct_RANLIB=ranlib
ac_cv_prog_ac_ct_STRIP=strip
ac_cv_prog_cc_c89=
ac_cv_prog_cc_c99=-std=gnu99
ac_cv_prog_cc_g=yes
ac_cv_prog_cxx_g=yes
ac_cv_prog_make_make_set=yes
ac_cv_safe_to_define___extensions__=yes
ac_cv_search___atomic_load_8=-latomic
ac_cv_search_aio_write='none required'
ac_cv_search_backtrace='none required'
ac_cv_search_clock_gettime='none required'
ac_cv_search_gethostbyname='none required'
ac_cv_search_pow=-lm
ac_cv_search_pthread_create=-lpthread
ac_cv_search_timer_create=-lrt
ac_cv_sparse_target=x86_64
ac_cv_sys_file_offset_bits=no
ac_cv_sys_largefile_CC=no
am_cv_CC_dependencies_compiler_type=gcc3
am_cv_CXX_dependencies_compiler_type=gcc3
am_cv_make_support_nested_variables=yes
am_cv_prog_cc_c_o=yes
am_cv_prog_tar_pax=gnutar
ax_cv_cxx_compile_cxx11=no
ax_cv_cxx_compile_cxx11__std_gnupp11=yes
ax_cv_func_posix_memalign_works=yes
cl_cv_x64=no
gl_cv_have_include_next=yes
gl_cv_next_stdio_h='<stdio.h>'
gl_cv_next_string_h='<string.h>'
gl_cv_pragma_columns=no
lt_cv_ar_at_file=@
lt_cv_deplibs_check_method=pass_all
lt_cv_file_magic_cmd='$MAGIC_CMD'
lt_cv_file_magic_test_file=
lt_cv_ld_reload_flag=-r
lt_cv_nm_interface='BSD nm'
lt_cv_objdir=.libs
lt_cv_path_LD=/usr/bin/ld
lt_cv_path_LDCXX='/usr/bin/ld -m elf_x86_64'
lt_cv_path_NM='/usr/bin/nm -B'
lt_cv_path_mainfest_tool=no
lt_cv_prog_compiler_c_o=yes
lt_cv_prog_compiler_c_o_CXX=yes
lt_cv_prog_compiler_pic='-fPIC -DPIC'
lt_cv_prog_compiler_pic_CXX='-fPIC -DPIC'
lt_cv_prog_compiler_pic_works=yes
lt_cv_prog_compiler_pic_works_CXX=yes
lt_cv_prog_compiler_rtti_exceptions=no
lt_cv_prog_compiler_static_works=yes
lt_cv_prog_compiler_static_works_CXX=yes
lt_cv_prog_gnu_ld=yes
lt_cv_prog_gnu_ldcxx=yes
lt_cv_sharedlib_from_linklib_cmd='printf %s\n'
lt_cv_shlibpath_overrides_runpath=no
lt_cv_sys_global_symbol_pipe='sed -n -e '\''s/^.*[	 ]\([ABCDGIRSTW][ABCDGIRSTW]*\)[	 ][	 ]*\([_A-Za-z][_A-Za-z0-9]*\)$/\1 \2 \2/p'\'' | sed '\''/ __gnu_lto/d'\'''
lt_cv_sys_global_symbol_to_c_name_address='sed -n -e '\''s/^: \([^ ]*\)[ ]*$/  {\"\1\", (void *) 0},/p'\'' -e '\''s/^[ABCDGIRSTW]* \([^ ]*\) \([^ ]*\)$/  {"\2", (void *) \&\2},/p'\'''
lt_cv_sys_global_symbol_to_c_name_address_lib_prefix='sed -n -e '\''s/^: \([^ ]*\)[ ]*$/  {\"\1\", (void *) 0},/p'\'' -e '\''s/^[ABCDGIRSTW]* \([^ ]*\) \(lib[^ ]*\)$/  {"\2", (void *) \&\2},/p'\'' -e '\''s/^[ABCDGIRSTW]* \([^ ]*\) \([^ ]*\)$/  {"lib\2", (void *) \&\2},/p'\'''
lt_cv_sys_global_symbol_to_cdecl='sed -n -e '\''s/^T .* \(.*\)$/extern int \1();/p'\'' -e '\''s/^[ABCDGIRSTW]* .* \(.*\)$/extern char \1;/p'\'''
lt_cv_sys_max_cmd_len=1572864
lt_cv_to_host_file_cmd=func_convert_file_noop
lt_cv_to_tool_file_cmd=func_convert_file_noop
ovs_cv__Qunused_arguments=no
ovs_cv__Wall=yes
ovs_cv__Wbad_function_cast=yes
ovs_cv__Wbool_compare=no
ovs_cv__Wcast_align=yes
ovs_cv__Wduplicated_cond=no
ovs_cv__Werror=yes
ovs_cv__Wextra=yes
ovs_cv__Wformat_Wformat_security=yes
ovs_cv__Wlogical_not_parentheses=no
ovs_cv__Wmissing_field_initializers=yes
ovs_cv__Wmissing_prototypes=yes
ovs_cv__Wno_sign_compare=yes
ovs_cv__Wno_unused=yes
ovs_cv__Wno_unused_parameter=yes
ovs_cv__Wold_style_definition=yes
ovs_cv__Wpointer_arith=yes
ovs_cv__Wshift_negative_value=no
ovs_cv__Wsizeof_array_argument=no
ovs_cv__Wstrict_prototypes=yes
ovs_cv__Wswitch_bool=no
ovs_cv__Wswitch_enum=yes
ovs_cv__Wthread_safety=no
ovs_cv__Wunused_parameter=yes
ovs_cv___thread=yes
ovs_cv__fno_strict_aliasing=yes
ovs_cv_atomic_always_lock_free_1=1
ovs_cv_atomic_always_lock_free_2=1
ovs_cv_atomic_always_lock_free_4=1
ovs_cv_atomic_always_lock_free_8=1
ovs_cv_dot=no
ovs_cv_flake8=no
ovs_cv_gcc4_atomics=yes
ovs_cv_groff=yes
ovs_cv_linux=true
ovs_cv_pthread_setname_np=glibc
ovs_cv_python3=/usr/bin/python3
ovs_cv_python=/usr/bin/python
ovs_cv_sphinx=no
ovs_cv_strtok_r_bug=no
ovs_cv_thread_local=no
ovs_cv_xsversion=none

## ----------------- ##
## Output variables. ##
## ----------------- ##

ACLOCAL='${SHELL} /home/ovs/Desktop/openvswitch-2.8.1/build-aux/missing aclocal-1.14'
AMDEPBACKSLASH='\'
AMDEP_FALSE='#'
AMDEP_TRUE=''
AMTAR='$${TAR-tar}'
AM_BACKSLASH='\'
AM_DEFAULT_V='$(AM_DEFAULT_VERBOSITY)'
AM_DEFAULT_VERBOSITY='1'
AM_V='$(V)'
AR='ar'
AUTOCONF='${SHELL} /home/ovs/Desktop/openvswitch-2.8.1/build-aux/missing autoconf'
AUTOHEADER='${SHELL} /home/ovs/Desktop/openvswitch-2.8.1/build-aux/missing autoheader'
AUTOM4TE='${SHELL} /home/ovs/Desktop/openvswitch-2.8.1/build-aux/missing autom4te'
AUTOMAKE='${SHELL} /home/ovs/Desktop/openvswitch-2.8.1/build-aux/missing automake-1.14'
AWK='mawk'
CAPNG_LDADD=''
CC='$(if $(C),env REAL_CC="gcc -std=gnu99" CHECK="$(SPARSE) -I $(top_srcdir)/include/sparse $(SPARSEFLAGS) $(SPARSE_EXTRA_INCLUDES) " cgcc $(CGCCFLAGS),gcc -std=gnu99)'
CCDEPMODE='depmode=gcc3'
CFLAGS='-g -O2'
CGCCFLAGS='-target=x86_64'
CPP='gcc -std=gnu99 -E'
CPPFLAGS=''
CXX='g++ -std=gnu++11'
CXXCPP='g++ -E -std=gnu++11'
CXXDEPMODE='depmode=gcc3'
CXXFLAGS='-g -O2'
CYGPATH_W='echo'
DBDIR='${sysconfdir}/${PACKAGE}'
DEFS='-DHAVE_CONFIG_H'
DEPDIR='.deps'
DLLTOOL='false'
DPDK_CFLAGS=''
DPDK_LIBS=''
DPDK_NETDEV_FALSE=''
DPDK_NETDEV_TRUE='#'
DPDK_vswitchd_LDFLAGS=''
DSYMUTIL=''
DUMPBIN=''
ECHO_C=''
ECHO_N='-n'
ECHO_T=''
EGREP='/bin/grep -E'
ESX_FALSE=''
ESX_TRUE='#'
EXEEXT=''
FGREP='/bin/grep -F'
FLAKE8_WERROR='-'
GREP='/bin/grep'
HAVE_CXX11='1'
HAVE_CXX_FALSE=''
HAVE_CXX_TRUE='#'
HAVE_DOT_FALSE=''
HAVE_DOT_TRUE='#'
HAVE_FLAKE8_FALSE=''
HAVE_FLAKE8_TRUE='#'
HAVE_GROFF_FALSE='#'
HAVE_GROFF_TRUE=''
HAVE_IF_DL_FALSE=''
HAVE_IF_DL_TRUE='#'
HAVE_IF_PACKET_FALSE='#'
HAVE_IF_PACKET_TRUE=''
HAVE_LIBCAPNG=''
HAVE_LIBCAPNG_FALSE=''
HAVE_LIBCAPNG_TRUE='#'
HAVE_NETLINK_FALSE='#'
HAVE_NETLINK_TRUE=''
HAVE_OPENSSL='yes'
HAVE_OPENSSL_FALSE='#'
HAVE_OPENSSL_TRUE=''
HAVE_POSIX_AIO_FALSE='#'
HAVE_POSIX_AIO_TRUE=''
HAVE_PYTHON3='yes'
HAVE_PYTHON3_FALSE='#'
HAVE_PYTHON3_TRUE=''
HAVE_PYTHON='yes'
HAVE_PYTHON_FALSE='#'
HAVE_PYTHON_TRUE=''
HAVE_SPHINX_FALSE=''
HAVE_SPHINX_TRUE='#'
HAVE_WNO_UNUSED_FALSE='#'
HAVE_WNO_UNUSED_PARAMETER_FALSE='#'
HAVE_WNO_UNUSED_PARAMETER_TRUE=''
HAVE_WNO_UNUSED_TRUE=''
INCLUDE_NEXT='include_next'
INCLUDE_NEXT_AS_FIRST_DIRECTIVE='include_next'
INSTALL_DATA='${INSTALL} -m 644'
INSTALL_PROGRAM='${INSTALL}'
INSTALL_SCRIPT='${INSTALL}'
INSTALL_STRIP_PROGRAM='$(install_sh) -c -s'
KARCH=''
KBUILD='/lib/modules/3.13.0-32-generic/build'
LD='/usr/bin/ld -m elf_x86_64'
LDFLAGS=''
LIBOBJS=''
LIBS='-latomic -lpthread -lrt -lm '
LIBTOOL='$(SHELL) $(top_builddir)/libtool'
LINUX_ENABLED_FALSE='#'
LINUX_ENABLED_TRUE=''
LINUX_FALSE='#'
LINUX_TRUE=''
LIPO=''
LN_S='ln -s'
LOGDIR='${localstatedir}/log/${PACKAGE}'
LTLIBOBJS=''
LT_AGE='0'
LT_CURRENT='0'
LT_REVISION='0'
MAKEINFO='${SHELL} /home/ovs/Desktop/openvswitch-2.8.1/build-aux/missing makeinfo'
MANIFEST_TOOL=':'
MKDIR_P='/bin/mkdir -p'
MSVC64_LDFLAGS=''
MSVC_CFLAGS=''
NDEBUG_FALSE=''
NDEBUG_TRUE='#'
NEXT_AS_FIRST_DIRECTIVE_STDIO_H='<stdio.h>'
NEXT_AS_FIRST_DIRECTIVE_STRING_H='<string.h>'
NEXT_STDIO_H='<stdio.h>'
NEXT_STRING_H='<string.h>'
NM='/usr/bin/nm -B'
NMEDIT=''
OBJDUMP='objdump'
OBJEXT='o'
OTOOL64=''
OTOOL=''
OVS_CFLAGS=''
OVS_CTAGS_IDENTIFIERS_LIST='-I "OVS_REQ_RDLOCK+ OVS_ACQ_RDLOCK+ OVS_REQ_WRLOCK+ OVS_ACQ_WRLOCK+ OVS_REQUIRES+ OVS_ACQUIRES+ OVS_TRY_WRLOCK+ OVS_TRY_RDLOCK+ OVS_TRY_LOCK+ OVS_GUARDED_BY+ OVS_EXCLUDED+ OVS_RELEASES+ OVS_ACQ_BEFORE+ OVS_ACQ_AFTER+ "'
OVS_LDFLAGS=''
OVS_LTINFO='-release 2.8 -version-info 0:1'
PACKAGE='openvswitch'
PACKAGE_BUGREPORT='bugs@openvswitch.org'
PACKAGE_NAME='openvswitch'
PACKAGE_STRING='openvswitch 2.8.1'
PACKAGE_TARNAME='openvswitch'
PACKAGE_URL=''
PACKAGE_VERSION='2.8.1'
PATH_SEPARATOR=':'
PERL='/usr/bin/perl'
PKG_CONFIG='/usr/local/bin/pkg-config'
PKG_CONFIG_LIBDIR=''
PKG_CONFIG_PATH=''
PKIDIR='${localstatedir}/lib/openvswitch/pki'
PRAGMA_COLUMNS=''
PRAGMA_SYSTEM_HEADER='#pragma GCC system_header'
PTHREAD_INCLUDES=''
PTHREAD_LDFLAGS=''
PTHREAD_LIBS=''
PTHREAD_WIN32_DIR_DLL=''
PTHREAD_WIN32_DIR_DLL_WIN_FORM=''
PYTHON3='/usr/bin/python3'
PYTHON='/usr/bin/python'
RANLIB='ranlib'
RUNDIR='${localstatedir}/run/openvswitch'
SED='/bin/sed'
SET_MAKE=''
SHELL='/bin/bash'
SPARSE='sparse'
SPARSEFLAGS='-m64'
SPARSE_EXTRA_INCLUDES='-I /usr/local/include -I /usr/include/x86_64-linux-gnu '
SSL_INCLUDES='-I/usr/include'
SSL_LDFLAGS='-L/usr/lib'
SSL_LIBS='-lssl -lcrypto'
STRIP='strip'
VERSION='2.8.1'
VSTUDIO_CONFIG=''
VSTUDIO_DDK_FALSE=''
VSTUDIO_DDK_TRUE='#'
WARNING_FLAGS=' -Wall -Wextra -Wno-sign-compare -Wpointer-arith -Wformat -Wformat-security -Wswitch-enum -Wunused-parameter -Wbad-function-cast -Wcast-align -Wstrict-prototypes -Wold-style-definition -Wmissing-prototypes -Wmissing-field-initializers -fno-strict-aliasing'
WIN32_FALSE=''
WIN32_TRUE='#'
ac_ct_AR='ar'
ac_ct_CC='gcc'
ac_ct_CXX='g++'
ac_ct_DUMPBIN=''
am__EXEEXT_FALSE=''
am__EXEEXT_TRUE='#'
am__fastdepCC_FALSE='#'
am__fastdepCC_TRUE=''
am__fastdepCXX_FALSE='#'
am__fastdepCXX_TRUE=''
am__include='include'
am__isrc=''
am__leading_dot='.'
am__nodep='_no'
am__quote=''
am__tar='tar --format=posix -chf - "$$tardir"'
am__untar='tar -xf -'
bindir='${exec_prefix}/bin'
build='x86_64-unknown-linux-gnu'
build_alias=''
build_cpu='x86_64'
build_os='linux-gnu'
build_vendor='unknown'
datadir='${datarootdir}'
datarootdir='${prefix}/share'
docdir='${datarootdir}/doc/${PACKAGE_TARNAME}'
dvidir='${docdir}'
exec_prefix='${prefix}'
host='x86_64-unknown-linux-gnu'
host_alias=''
host_cpu='x86_64'
host_os='linux-gnu'
host_vendor='unknown'
htmldir='${docdir}'
includedir='${prefix}/include'
infodir='${datarootdir}/info'
install_sh='${SHELL} /home/ovs/Desktop/openvswitch-2.8.1/build-aux/install-sh'
libdir='${exec_prefix}/lib'
libexecdir='${exec_prefix}/libexec'
localedir='${datarootdir}/locale'
localstatedir='${prefix}/var'
mandir='${datarootdir}/man'
mkdir_p='$(MKDIR_P)'
oldincludedir='/usr/include'
pdfdir='${docdir}'
prefix='/usr/local'
program_transform_name='s,x,x,'
psdir='${docdir}'
sbindir='${exec_prefix}/sbin'
sharedstatedir='${prefix}/com'
sysconfdir='${prefix}/etc'
target_alias=''

## ----------- ##
## confdefs.h. ##
## ----------- ##

/* confdefs.h */
#define PACKAGE_NAME "openvswitch"
#define PACKAGE_TARNAME "openvswitch"
#define PACKAGE_VERSION "2.8.1"
#define PACKAGE_STRING "openvswitch 2.8.1"
#define PACKAGE_BUGREPORT "bugs@openvswitch.org"
#define PACKAGE_URL ""
#define PACKAGE "openvswitch"
#define VERSION "2.8.1"
#define STDC_HEADERS 1
#define HAVE_SYS_TYPES_H 1
#define HAVE_SYS_STAT_H 1
#define HAVE_STDLIB_H 1
#define HAVE_STRING_H 1
#define HAVE_MEMORY_H 1
#define HAVE_STRINGS_H 1
#define HAVE_INTTYPES_H 1
#define HAVE_STDINT_H 1
#define HAVE_UNISTD_H 1
#define __EXTENSIONS__ 1
#define _ALL_SOURCE 1
#define _GNU_SOURCE 1
#define _POSIX_PTHREAD_SEMANTICS 1
#define _TANDEM_SOURCE 1
#define HAVE_DLFCN_H 1
#define LT_OBJDIR ".libs/"
#define HAVE_DECL_STRERROR_R 1
#define HAVE_STRERROR_R 1
#define STRERROR_R_CHAR_P 1
#define VSTUDIO_DDK 1
#define HAVE_NETLINK 1
#define HAVE_OPENSSL 1
#define HAVE_IF_PACKET 1
#define HAVE_DECL_SYS_SIGLIST 1
#define HAVE_STRUCT_STAT_ST_MTIM_TV_NSEC 1
#define HAVE_STRUCT_MMSGHDR_MSG_LEN 1
#define HAVE_STRUCT_SOCKADDR_IN6_SIN6_SCOPE_ID 1
#define HAVE_MLOCKALL 1
#define HAVE_STRNLEN 1
#define HAVE_GETLOADAVG 1
#define HAVE_STATVFS 1
#define HAVE_GETMNTENT_R 1
#define HAVE_SENDMMSG 1
#define HAVE_MNTENT_H 1
#define HAVE_SYS_STATVFS_H 1
#define HAVE_LINUX_TYPES_H 1
#define HAVE_LINUX_IF_ETHER_H 1
#define HAVE_BACKTRACE 1
#define HAVE_LINUX_PERF_EVENT_H 1
#define HAVE___THREAD 1
#define HAVE_GCC4_ATOMICS 1
#define ATOMIC_ALWAYS_LOCK_FREE_1B 1
#define ATOMIC_ALWAYS_LOCK_FREE_2B 1
#define ATOMIC_ALWAYS_LOCK_FREE_4B 1
#define ATOMIC_ALWAYS_LOCK_FREE_8B 1
#define HAVE_GLIBC_PTHREAD_SETNAME_NP 1
#define HAVE_CXX11 1
#define HAVE_POSIX_MEMALIGN 1
#define HAVE_STDIO_H 1
#define HAVE_STRING_H 1
#define HAVE_PRAGMA_MESSAGE 1

configure: exit 0
